2026-03-22 10:50:14,150 [INFO] Building VMamba-tiny | patch=16
2026-03-22 10:50:14,854 [INFO] Parameters: 49.5M | Tasks: ['dermamnist']
2026-03-22 10:50:14,857 [INFO] ================================================================
2026-03-22 10:50:14,857 [INFO] MedicalVMamba-tiny | tasks=['dermamnist'] | device=cuda:0 | AMP=True
2026-03-22 10:50:14,857 [INFO] ================================================================
2026-03-22 10:50:27,646 [INFO] Ep 001/100 | train_loss=1.8733 | val_loss=1.6007 | avg_f1=0.2557 | lr=4.00e-05 | 13s
2026-03-22 10:50:27,646 [INFO]   [dermamnist] acc=0.4467 f1=0.2557
2026-03-22 10:50:27,646 [INFO]   [sigma] dermamnist: 1.0001
2026-03-22 10:50:27,648 [INFO]   >> New best avg_f1=0.2557
2026-03-22 10:50:35,927 [INFO] Ep 002/100 | train_loss=1.7675 | val_loss=1.3736 | avg_f1=0.2993 | lr=6.00e-05 | 7s
2026-03-22 10:50:35,927 [INFO]   [dermamnist] acc=0.5503 f1=0.2993
2026-03-22 10:50:35,928 [INFO]   [sigma] dermamnist: 1.0002
2026-03-22 10:50:35,928 [INFO]   >> New best avg_f1=0.2993
2026-03-22 10:50:44,706 [INFO] Ep 003/100 | train_loss=1.6823 | val_loss=1.5145 | avg_f1=0.3194 | lr=8.00e-05 | 8s
2026-03-22 10:50:44,706 [INFO]   [dermamnist] acc=0.4736 f1=0.3194
2026-03-22 10:50:44,706 [INFO]   [sigma] dermamnist: 1.0003
2026-03-22 10:50:44,707 [INFO]   >> New best avg_f1=0.3194
2026-03-22 10:50:53,584 [INFO] Ep 004/100 | train_loss=1.6355 | val_loss=1.4383 | avg_f1=0.3245 | lr=1.00e-04 | 8s
2026-03-22 10:50:53,584 [INFO]   [dermamnist] acc=0.5085 f1=0.3245
2026-03-22 10:50:53,584 [INFO]   [sigma] dermamnist: 1.0005
2026-03-22 10:50:53,585 [INFO]   >> New best avg_f1=0.3245
2026-03-22 10:51:02,349 [INFO] Ep 005/100 | train_loss=1.6085 | val_loss=1.2796 | avg_f1=0.3449 | lr=1.20e-04 | 8s
2026-03-22 10:51:02,349 [INFO]   [dermamnist] acc=0.5673 f1=0.3449
2026-03-22 10:51:02,349 [INFO]   [sigma] dermamnist: 1.0007
2026-03-22 10:51:02,350 [INFO]   >> New best avg_f1=0.3449
2026-03-22 10:51:11,176 [INFO] Ep 006/100 | train_loss=1.5841 | val_loss=1.4004 | avg_f1=0.3270 | lr=1.40e-04 | 8s
2026-03-22 10:51:11,176 [INFO]   [dermamnist] acc=0.5065 f1=0.3270
2026-03-22 10:51:11,176 [INFO]   [sigma] dermamnist: 1.0010
2026-03-22 10:51:19,291 [INFO] Ep 007/100 | train_loss=1.5804 | val_loss=1.4537 | avg_f1=0.3065 | lr=1.60e-04 | 7s
2026-03-22 10:51:19,291 [INFO]   [dermamnist] acc=0.4835 f1=0.3065
2026-03-22 10:51:19,291 [INFO]   [sigma] dermamnist: 1.0014
2026-03-22 10:51:27,468 [INFO] Ep 008/100 | train_loss=1.5386 | val_loss=1.3273 | avg_f1=0.3644 | lr=1.80e-04 | 7s
2026-03-22 10:51:27,468 [INFO]   [dermamnist] acc=0.5593 f1=0.3644
2026-03-22 10:51:27,468 [INFO]   [sigma] dermamnist: 1.0018
2026-03-22 10:51:27,469 [INFO]   >> New best avg_f1=0.3644
2026-03-22 10:51:36,685 [INFO] Ep 009/100 | train_loss=1.5358 | val_loss=1.3156 | avg_f1=0.3516 | lr=2.00e-04 | 8s
2026-03-22 10:51:36,686 [INFO]   [dermamnist] acc=0.5862 f1=0.3516
2026-03-22 10:51:36,686 [INFO]   [sigma] dermamnist: 1.0023
2026-03-22 10:51:44,747 [INFO] Ep 010/100 | train_loss=1.5110 | val_loss=1.4978 | avg_f1=0.3127 | lr=2.20e-04 | 7s
2026-03-22 10:51:44,748 [INFO]   [dermamnist] acc=0.4835 f1=0.3127
2026-03-22 10:51:44,748 [INFO]   [sigma] dermamnist: 1.0027
2026-03-22 10:51:52,892 [INFO] Ep 011/100 | train_loss=1.4897 | val_loss=1.3972 | avg_f1=0.3555 | lr=2.40e-04 | 8s
2026-03-22 10:51:52,892 [INFO]   [dermamnist] acc=0.5135 f1=0.3555
2026-03-22 10:51:52,892 [INFO]   [sigma] dermamnist: 1.0033
2026-03-22 10:52:01,295 [INFO] Ep 012/100 | train_loss=1.4741 | val_loss=1.3445 | avg_f1=0.3162 | lr=2.60e-04 | 8s
2026-03-22 10:52:01,295 [INFO]   [dermamnist] acc=0.5184 f1=0.3162
2026-03-22 10:52:01,295 [INFO]   [sigma] dermamnist: 1.0038
2026-03-22 10:52:09,472 [INFO] Ep 013/100 | train_loss=1.4501 | val_loss=1.2745 | avg_f1=0.3801 | lr=2.80e-04 | 8s
2026-03-22 10:52:09,472 [INFO]   [dermamnist] acc=0.5494 f1=0.3801
2026-03-22 10:52:09,472 [INFO]   [sigma] dermamnist: 1.0045
2026-03-22 10:52:09,472 [INFO]   >> New best avg_f1=0.3801
2026-03-22 10:52:18,286 [INFO] Ep 014/100 | train_loss=1.4316 | val_loss=1.3320 | avg_f1=0.3599 | lr=3.00e-04 | 8s
2026-03-22 10:52:18,286 [INFO]   [dermamnist] acc=0.5673 f1=0.3599
2026-03-22 10:52:18,286 [INFO]   [sigma] dermamnist: 1.0052
2026-03-22 10:52:26,636 [INFO] Ep 015/100 | train_loss=1.4352 | val_loss=1.2618 | avg_f1=0.3750 | lr=3.00e-04 | 8s
2026-03-22 10:52:26,636 [INFO]   [dermamnist] acc=0.6092 f1=0.3750
2026-03-22 10:52:26,636 [INFO]   [sigma] dermamnist: 1.0059
2026-03-22 10:52:35,032 [INFO] Ep 016/100 | train_loss=1.3958 | val_loss=1.3181 | avg_f1=0.3703 | lr=3.00e-04 | 8s
2026-03-22 10:52:35,033 [INFO]   [dermamnist] acc=0.5533 f1=0.3703
2026-03-22 10:52:35,033 [INFO]   [sigma] dermamnist: 1.0067
2026-03-22 10:52:43,314 [INFO] Ep 017/100 | train_loss=1.3906 | val_loss=1.3142 | avg_f1=0.3813 | lr=3.00e-04 | 8s
2026-03-22 10:52:43,314 [INFO]   [dermamnist] acc=0.5743 f1=0.3813
2026-03-22 10:52:43,314 [INFO]   [sigma] dermamnist: 1.0075
2026-03-22 10:52:43,315 [INFO]   >> New best avg_f1=0.3813
2026-03-22 10:52:52,531 [INFO] Ep 018/100 | train_loss=1.3808 | val_loss=1.3123 | avg_f1=0.3529 | lr=2.99e-04 | 8s
2026-03-22 10:52:52,531 [INFO]   [dermamnist] acc=0.5174 f1=0.3529
2026-03-22 10:52:52,531 [INFO]   [sigma] dermamnist: 1.0082
2026-03-22 10:53:01,725 [INFO] Ep 019/100 | train_loss=1.3379 | val_loss=1.2189 | avg_f1=0.3900 | lr=2.98e-04 | 8s
2026-03-22 10:53:01,725 [INFO]   [dermamnist] acc=0.6052 f1=0.3900
2026-03-22 10:53:01,726 [INFO]   [sigma] dermamnist: 1.0089
2026-03-22 10:53:01,727 [INFO]   >> New best avg_f1=0.3900
2026-03-22 10:53:10,933 [INFO] Ep 020/100 | train_loss=1.3223 | val_loss=1.2237 | avg_f1=0.4277 | lr=2.97e-04 | 8s
2026-03-22 10:53:10,934 [INFO]   [dermamnist] acc=0.5862 f1=0.4277
2026-03-22 10:53:10,934 [INFO]   [sigma] dermamnist: 1.0096
2026-03-22 10:53:10,934 [INFO]   >> New best avg_f1=0.4277
2026-03-22 10:53:19,861 [INFO] Ep 021/100 | train_loss=1.2943 | val_loss=1.3933 | avg_f1=0.3632 | lr=2.96e-04 | 8s
2026-03-22 10:53:19,861 [INFO]   [dermamnist] acc=0.5075 f1=0.3632
2026-03-22 10:53:19,861 [INFO]   [sigma] dermamnist: 1.0103
2026-03-22 10:53:28,299 [INFO] Ep 022/100 | train_loss=1.2875 | val_loss=1.3457 | avg_f1=0.3741 | lr=2.95e-04 | 8s
2026-03-22 10:53:28,299 [INFO]   [dermamnist] acc=0.5743 f1=0.3741
2026-03-22 10:53:28,300 [INFO]   [sigma] dermamnist: 1.0109
2026-03-22 10:53:36,423 [INFO] Ep 023/100 | train_loss=1.2379 | val_loss=1.2955 | avg_f1=0.4066 | lr=2.94e-04 | 8s
2026-03-22 10:53:36,423 [INFO]   [dermamnist] acc=0.5713 f1=0.4066
2026-03-22 10:53:36,423 [INFO]   [sigma] dermamnist: 1.0114
2026-03-22 10:53:44,952 [INFO] Ep 024/100 | train_loss=1.2415 | val_loss=1.1701 | avg_f1=0.4391 | lr=2.92e-04 | 8s
2026-03-22 10:53:44,952 [INFO]   [dermamnist] acc=0.6600 f1=0.4391
2026-03-22 10:53:44,952 [INFO]   [sigma] dermamnist: 1.0120
2026-03-22 10:53:44,953 [INFO]   >> New best avg_f1=0.4391
2026-03-22 10:53:53,605 [INFO] Ep 025/100 | train_loss=1.2165 | val_loss=1.2068 | avg_f1=0.4319 | lr=2.90e-04 | 7s
2026-03-22 10:53:53,605 [INFO]   [dermamnist] acc=0.6281 f1=0.4319
2026-03-22 10:53:53,605 [INFO]   [sigma] dermamnist: 1.0126
2026-03-22 10:54:01,901 [INFO] Ep 026/100 | train_loss=1.2129 | val_loss=1.2176 | avg_f1=0.4151 | lr=2.88e-04 | 8s
2026-03-22 10:54:01,901 [INFO]   [dermamnist] acc=0.6102 f1=0.4151
2026-03-22 10:54:01,902 [INFO]   [sigma] dermamnist: 1.0132
2026-03-22 10:54:10,434 [INFO] Ep 027/100 | train_loss=1.2367 | val_loss=1.1211 | avg_f1=0.4576 | lr=2.86e-04 | 8s
2026-03-22 10:54:10,435 [INFO]   [dermamnist] acc=0.6491 f1=0.4576
2026-03-22 10:54:10,435 [INFO]   [sigma] dermamnist: 1.0137
2026-03-22 10:54:10,435 [INFO]   >> New best avg_f1=0.4576
2026-03-22 10:54:19,584 [INFO] Ep 028/100 | train_loss=1.1957 | val_loss=1.1024 | avg_f1=0.4446 | lr=2.83e-04 | 8s
2026-03-22 10:54:19,584 [INFO]   [dermamnist] acc=0.6650 f1=0.4446
2026-03-22 10:54:19,584 [INFO]   [sigma] dermamnist: 1.0143
2026-03-22 10:54:27,957 [INFO] Ep 029/100 | train_loss=1.1816 | val_loss=1.1723 | avg_f1=0.4525 | lr=2.80e-04 | 8s
2026-03-22 10:54:27,957 [INFO]   [dermamnist] acc=0.6092 f1=0.4525
2026-03-22 10:54:27,957 [INFO]   [sigma] dermamnist: 1.0149
2026-03-22 10:54:36,370 [INFO] Ep 030/100 | train_loss=1.1843 | val_loss=1.1950 | avg_f1=0.4357 | lr=2.78e-04 | 8s
2026-03-22 10:54:36,370 [INFO]   [dermamnist] acc=0.5982 f1=0.4357
2026-03-22 10:54:36,370 [INFO]   [sigma] dermamnist: 1.0154
2026-03-22 10:54:44,796 [INFO] Ep 031/100 | train_loss=1.2053 | val_loss=1.3575 | avg_f1=0.3450 | lr=2.75e-04 | 8s
2026-03-22 10:54:44,796 [INFO]   [dermamnist] acc=0.5065 f1=0.3450
2026-03-22 10:54:44,796 [INFO]   [sigma] dermamnist: 1.0160
2026-03-22 10:54:53,201 [INFO] Ep 032/100 | train_loss=1.1615 | val_loss=1.1972 | avg_f1=0.4101 | lr=2.71e-04 | 8s
2026-03-22 10:54:53,201 [INFO]   [dermamnist] acc=0.6022 f1=0.4101
2026-03-22 10:54:53,202 [INFO]   [sigma] dermamnist: 1.0165
2026-03-22 10:55:01,524 [INFO] Ep 033/100 | train_loss=1.1554 | val_loss=1.1826 | avg_f1=0.4742 | lr=2.68e-04 | 8s
2026-03-22 10:55:01,524 [INFO]   [dermamnist] acc=0.6142 f1=0.4742
2026-03-22 10:55:01,524 [INFO]   [sigma] dermamnist: 1.0171
2026-03-22 10:55:01,524 [INFO]   >> New best avg_f1=0.4742
2026-03-22 10:55:10,377 [INFO] Ep 034/100 | train_loss=1.1406 | val_loss=1.1608 | avg_f1=0.4270 | lr=2.65e-04 | 8s
2026-03-22 10:55:10,377 [INFO]   [dermamnist] acc=0.6431 f1=0.4270
2026-03-22 10:55:10,377 [INFO]   [sigma] dermamnist: 1.0176
2026-03-22 10:55:18,474 [INFO] Ep 035/100 | train_loss=1.1491 | val_loss=1.0469 | avg_f1=0.5133 | lr=2.61e-04 | 7s
2026-03-22 10:55:18,474 [INFO]   [dermamnist] acc=0.7029 f1=0.5133
2026-03-22 10:55:18,475 [INFO]   [sigma] dermamnist: 1.0181
2026-03-22 10:55:18,475 [INFO]   >> New best avg_f1=0.5133
2026-03-22 10:55:27,478 [INFO] Ep 036/100 | train_loss=1.1197 | val_loss=1.0755 | avg_f1=0.4868 | lr=2.57e-04 | 8s
2026-03-22 10:55:27,478 [INFO]   [dermamnist] acc=0.6929 f1=0.4868
2026-03-22 10:55:27,479 [INFO]   [sigma] dermamnist: 1.0186
2026-03-22 10:55:35,623 [INFO] Ep 037/100 | train_loss=1.1273 | val_loss=1.0425 | avg_f1=0.4959 | lr=2.53e-04 | 8s
2026-03-22 10:55:35,623 [INFO]   [dermamnist] acc=0.7119 f1=0.4959
2026-03-22 10:55:35,623 [INFO]   [sigma] dermamnist: 1.0191
2026-03-22 10:55:43,951 [INFO] Ep 038/100 | train_loss=1.1303 | val_loss=1.2317 | avg_f1=0.4372 | lr=2.49e-04 | 8s
2026-03-22 10:55:43,951 [INFO]   [dermamnist] acc=0.5892 f1=0.4372
2026-03-22 10:55:43,951 [INFO]   [sigma] dermamnist: 1.0196
2026-03-22 10:55:52,200 [INFO] Ep 039/100 | train_loss=1.1029 | val_loss=1.1342 | avg_f1=0.4794 | lr=2.45e-04 | 8s
2026-03-22 10:55:52,200 [INFO]   [dermamnist] acc=0.6012 f1=0.4794
2026-03-22 10:55:52,200 [INFO]   [sigma] dermamnist: 1.0202
2026-03-22 10:56:00,661 [INFO] Ep 040/100 | train_loss=1.0689 | val_loss=1.1711 | avg_f1=0.4786 | lr=2.41e-04 | 8s
2026-03-22 10:56:00,661 [INFO]   [dermamnist] acc=0.6072 f1=0.4786
2026-03-22 10:56:00,661 [INFO]   [sigma] dermamnist: 1.0208
2026-03-22 10:56:08,905 [INFO] Ep 041/100 | train_loss=1.0786 | val_loss=1.1352 | avg_f1=0.5002 | lr=2.36e-04 | 8s
2026-03-22 10:56:08,905 [INFO]   [dermamnist] acc=0.6391 f1=0.5002
2026-03-22 10:56:08,905 [INFO]   [sigma] dermamnist: 1.0213
2026-03-22 10:56:17,314 [INFO] Ep 042/100 | train_loss=1.0794 | val_loss=1.2432 | avg_f1=0.4449 | lr=2.32e-04 | 8s
2026-03-22 10:56:17,314 [INFO]   [dermamnist] acc=0.5623 f1=0.4449
2026-03-22 10:56:17,314 [INFO]   [sigma] dermamnist: 1.0218
2026-03-22 10:56:25,434 [INFO] Ep 043/100 | train_loss=1.0810 | val_loss=1.1095 | avg_f1=0.4684 | lr=2.27e-04 | 7s
2026-03-22 10:56:25,434 [INFO]   [dermamnist] acc=0.6590 f1=0.4684
2026-03-22 10:56:25,434 [INFO]   [sigma] dermamnist: 1.0223
2026-03-22 10:56:33,941 [INFO] Ep 044/100 | train_loss=1.0713 | val_loss=1.2288 | avg_f1=0.4680 | lr=2.22e-04 | 8s
2026-03-22 10:56:33,941 [INFO]   [dermamnist] acc=0.5733 f1=0.4680
2026-03-22 10:56:33,941 [INFO]   [sigma] dermamnist: 1.0227
2026-03-22 10:56:42,396 [INFO] Ep 045/100 | train_loss=1.0474 | val_loss=1.0506 | avg_f1=0.5236 | lr=2.17e-04 | 8s
2026-03-22 10:56:42,396 [INFO]   [dermamnist] acc=0.6530 f1=0.5236
2026-03-22 10:56:42,396 [INFO]   [sigma] dermamnist: 1.0232
2026-03-22 10:56:42,397 [INFO]   >> New best avg_f1=0.5236
2026-03-22 10:56:51,357 [INFO] Ep 046/100 | train_loss=1.0285 | val_loss=1.1699 | avg_f1=0.4587 | lr=2.12e-04 | 8s
2026-03-22 10:56:51,357 [INFO]   [dermamnist] acc=0.5803 f1=0.4587
2026-03-22 10:56:51,357 [INFO]   [sigma] dermamnist: 1.0237
2026-03-22 10:56:59,680 [INFO] Ep 047/100 | train_loss=1.0180 | val_loss=1.0994 | avg_f1=0.5152 | lr=2.07e-04 | 8s
2026-03-22 10:56:59,680 [INFO]   [dermamnist] acc=0.6471 f1=0.5152
2026-03-22 10:56:59,680 [INFO]   [sigma] dermamnist: 1.0241
2026-03-22 10:57:08,132 [INFO] Ep 048/100 | train_loss=1.0378 | val_loss=1.0341 | avg_f1=0.5197 | lr=2.02e-04 | 8s
2026-03-22 10:57:08,132 [INFO]   [dermamnist] acc=0.6680 f1=0.5197
2026-03-22 10:57:08,133 [INFO]   [sigma] dermamnist: 1.0245
2026-03-22 10:57:16,380 [INFO] Ep 049/100 | train_loss=1.0076 | val_loss=1.1958 | avg_f1=0.4758 | lr=1.97e-04 | 8s
2026-03-22 10:57:16,380 [INFO]   [dermamnist] acc=0.6002 f1=0.4758
2026-03-22 10:57:16,380 [INFO]   [sigma] dermamnist: 1.0249
2026-03-22 10:57:24,600 [INFO] Ep 050/100 | train_loss=1.0193 | val_loss=1.1206 | avg_f1=0.5068 | lr=1.91e-04 | 8s
2026-03-22 10:57:24,600 [INFO]   [dermamnist] acc=0.6171 f1=0.5068
2026-03-22 10:57:24,600 [INFO]   [sigma] dermamnist: 1.0252
2026-03-22 10:57:32,851 [INFO] Ep 051/100 | train_loss=1.0050 | val_loss=1.0949 | avg_f1=0.5173 | lr=1.86e-04 | 8s
2026-03-22 10:57:32,851 [INFO]   [dermamnist] acc=0.6152 f1=0.5173
2026-03-22 10:57:32,851 [INFO]   [sigma] dermamnist: 1.0256
2026-03-22 10:57:41,122 [INFO] Ep 052/100 | train_loss=0.9909 | val_loss=1.1190 | avg_f1=0.4946 | lr=1.81e-04 | 8s
2026-03-22 10:57:41,122 [INFO]   [dermamnist] acc=0.6261 f1=0.4946
2026-03-22 10:57:41,122 [INFO]   [sigma] dermamnist: 1.0260
2026-03-22 10:57:49,119 [INFO] Ep 053/100 | train_loss=0.9859 | val_loss=1.0817 | avg_f1=0.5251 | lr=1.75e-04 | 7s
2026-03-22 10:57:49,119 [INFO]   [dermamnist] acc=0.6461 f1=0.5251
2026-03-22 10:57:49,119 [INFO]   [sigma] dermamnist: 1.0264
2026-03-22 10:57:49,120 [INFO]   >> New best avg_f1=0.5251
2026-03-22 10:57:58,139 [INFO] Ep 054/100 | train_loss=1.0001 | val_loss=1.0724 | avg_f1=0.5246 | lr=1.70e-04 | 8s
2026-03-22 10:57:58,139 [INFO]   [dermamnist] acc=0.6451 f1=0.5246
2026-03-22 10:57:58,139 [INFO]   [sigma] dermamnist: 1.0268
2026-03-22 10:58:06,422 [INFO] Ep 055/100 | train_loss=0.9767 | val_loss=1.1432 | avg_f1=0.5171 | lr=1.64e-04 | 8s
2026-03-22 10:58:06,422 [INFO]   [dermamnist] acc=0.5952 f1=0.5171
2026-03-22 10:58:06,422 [INFO]   [sigma] dermamnist: 1.0272
2026-03-22 10:58:14,870 [INFO] Ep 056/100 | train_loss=0.9761 | val_loss=1.1134 | avg_f1=0.4989 | lr=1.59e-04 | 8s
2026-03-22 10:58:14,870 [INFO]   [dermamnist] acc=0.6381 f1=0.4989
2026-03-22 10:58:14,870 [INFO]   [sigma] dermamnist: 1.0276
2026-03-22 10:58:23,042 [INFO] Ep 057/100 | train_loss=0.9737 | val_loss=1.1467 | avg_f1=0.5223 | lr=1.53e-04 | 8s
2026-03-22 10:58:23,042 [INFO]   [dermamnist] acc=0.6042 f1=0.5223
2026-03-22 10:58:23,043 [INFO]   [sigma] dermamnist: 1.0279
2026-03-22 10:58:31,349 [INFO] Ep 058/100 | train_loss=0.9612 | val_loss=1.1246 | avg_f1=0.5088 | lr=1.48e-04 | 8s
2026-03-22 10:58:31,349 [INFO]   [dermamnist] acc=0.6221 f1=0.5088
2026-03-22 10:58:31,349 [INFO]   [sigma] dermamnist: 1.0282
2026-03-22 10:58:39,664 [INFO] Ep 059/100 | train_loss=0.9576 | val_loss=1.0343 | avg_f1=0.5032 | lr=1.42e-04 | 8s
2026-03-22 10:58:39,664 [INFO]   [dermamnist] acc=0.6600 f1=0.5032
2026-03-22 10:58:39,664 [INFO]   [sigma] dermamnist: 1.0285
2026-03-22 10:58:48,126 [INFO] Ep 060/100 | train_loss=0.9429 | val_loss=1.1274 | avg_f1=0.5277 | lr=1.37e-04 | 8s
2026-03-22 10:58:48,126 [INFO]   [dermamnist] acc=0.6251 f1=0.5277
2026-03-22 10:58:48,126 [INFO]   [sigma] dermamnist: 1.0287
2026-03-22 10:58:48,127 [INFO]   >> New best avg_f1=0.5277
2026-03-22 10:58:57,079 [INFO] Ep 061/100 | train_loss=0.9343 | val_loss=1.1439 | avg_f1=0.5228 | lr=1.31e-04 | 8s
2026-03-22 10:58:57,079 [INFO]   [dermamnist] acc=0.5912 f1=0.5228
2026-03-22 10:58:57,079 [INFO]   [sigma] dermamnist: 1.0290
2026-03-22 10:59:05,340 [INFO] Ep 062/100 | train_loss=0.9244 | val_loss=1.1043 | avg_f1=0.5177 | lr=1.26e-04 | 8s
2026-03-22 10:59:05,340 [INFO]   [dermamnist] acc=0.6411 f1=0.5177
2026-03-22 10:59:05,340 [INFO]   [sigma] dermamnist: 1.0293
2026-03-22 10:59:13,520 [INFO] Ep 063/100 | train_loss=0.9436 | val_loss=1.0670 | avg_f1=0.5255 | lr=1.20e-04 | 8s
2026-03-22 10:59:13,520 [INFO]   [dermamnist] acc=0.6441 f1=0.5255
2026-03-22 10:59:13,520 [INFO]   [sigma] dermamnist: 1.0295
2026-03-22 10:59:21,889 [INFO] Ep 064/100 | train_loss=0.9116 | val_loss=1.2442 | avg_f1=0.5347 | lr=1.15e-04 | 8s
2026-03-22 10:59:21,889 [INFO]   [dermamnist] acc=0.5813 f1=0.5347
2026-03-22 10:59:21,889 [INFO]   [sigma] dermamnist: 1.0297
2026-03-22 10:59:21,890 [INFO]   >> New best avg_f1=0.5347
2026-03-22 10:59:30,904 [INFO] Ep 065/100 | train_loss=0.8859 | val_loss=1.0926 | avg_f1=0.5431 | lr=1.10e-04 | 8s
2026-03-22 10:59:30,904 [INFO]   [dermamnist] acc=0.6530 f1=0.5431
2026-03-22 10:59:30,904 [INFO]   [sigma] dermamnist: 1.0300
2026-03-22 10:59:30,904 [INFO]   >> New best avg_f1=0.5431
2026-03-22 10:59:39,894 [INFO] Ep 066/100 | train_loss=0.9036 | val_loss=1.0179 | avg_f1=0.5286 | lr=1.04e-04 | 8s
2026-03-22 10:59:39,894 [INFO]   [dermamnist] acc=0.6869 f1=0.5286
2026-03-22 10:59:39,894 [INFO]   [sigma] dermamnist: 1.0302
2026-03-22 10:59:48,277 [INFO] Ep 067/100 | train_loss=0.8868 | val_loss=1.0658 | avg_f1=0.5304 | lr=9.91e-05 | 8s
2026-03-22 10:59:48,277 [INFO]   [dermamnist] acc=0.6520 f1=0.5304
2026-03-22 10:59:48,278 [INFO]   [sigma] dermamnist: 1.0304
2026-03-22 10:59:56,551 [INFO] Ep 068/100 | train_loss=0.8779 | val_loss=1.1137 | avg_f1=0.5119 | lr=9.39e-05 | 8s
2026-03-22 10:59:56,551 [INFO]   [dermamnist] acc=0.6231 f1=0.5119
2026-03-22 10:59:56,552 [INFO]   [sigma] dermamnist: 1.0306
2026-03-22 11:00:04,875 [INFO] Ep 069/100 | train_loss=0.8815 | val_loss=1.0713 | avg_f1=0.5639 | lr=8.89e-05 | 8s
2026-03-22 11:00:04,876 [INFO]   [dermamnist] acc=0.6481 f1=0.5639
2026-03-22 11:00:04,876 [INFO]   [sigma] dermamnist: 1.0308
2026-03-22 11:00:04,876 [INFO]   >> New best avg_f1=0.5639
2026-03-22 11:00:13,636 [INFO] Ep 070/100 | train_loss=0.8780 | val_loss=1.0185 | avg_f1=0.5420 | lr=8.39e-05 | 8s
2026-03-22 11:00:13,637 [INFO]   [dermamnist] acc=0.6939 f1=0.5420
2026-03-22 11:00:13,637 [INFO]   [sigma] dermamnist: 1.0310
2026-03-22 11:00:22,049 [INFO] Ep 071/100 | train_loss=0.8727 | val_loss=1.0411 | avg_f1=0.5646 | lr=7.90e-05 | 8s
2026-03-22 11:00:22,049 [INFO]   [dermamnist] acc=0.6640 f1=0.5646
2026-03-22 11:00:22,049 [INFO]   [sigma] dermamnist: 1.0312
2026-03-22 11:00:22,050 [INFO]   >> New best avg_f1=0.5646
2026-03-22 11:00:31,085 [INFO] Ep 072/100 | train_loss=0.8680 | val_loss=1.0471 | avg_f1=0.5564 | lr=7.42e-05 | 8s
2026-03-22 11:00:31,085 [INFO]   [dermamnist] acc=0.6530 f1=0.5564
2026-03-22 11:00:31,085 [INFO]   [sigma] dermamnist: 1.0314
2026-03-22 11:00:39,659 [INFO] Ep 073/100 | train_loss=0.8522 | val_loss=1.0151 | avg_f1=0.5681 | lr=6.95e-05 | 8s
2026-03-22 11:00:39,660 [INFO]   [dermamnist] acc=0.6740 f1=0.5681
2026-03-22 11:00:39,660 [INFO]   [sigma] dermamnist: 1.0315
2026-03-22 11:00:39,660 [INFO]   >> New best avg_f1=0.5681
2026-03-22 11:00:48,727 [INFO] Ep 074/100 | train_loss=0.8606 | val_loss=1.0549 | avg_f1=0.5782 | lr=6.49e-05 | 8s
2026-03-22 11:00:48,727 [INFO]   [dermamnist] acc=0.6640 f1=0.5782
2026-03-22 11:00:48,727 [INFO]   [sigma] dermamnist: 1.0316
2026-03-22 11:00:48,728 [INFO]   >> New best avg_f1=0.5782
2026-03-22 11:00:57,480 [INFO] Ep 075/100 | train_loss=0.8465 | val_loss=1.0638 | avg_f1=0.5520 | lr=6.04e-05 | 8s
2026-03-22 11:00:57,480 [INFO]   [dermamnist] acc=0.6481 f1=0.5520
2026-03-22 11:00:57,480 [INFO]   [sigma] dermamnist: 1.0317
2026-03-22 11:01:05,967 [INFO] Ep 076/100 | train_loss=0.8291 | val_loss=1.0482 | avg_f1=0.5543 | lr=5.61e-05 | 8s
2026-03-22 11:01:05,967 [INFO]   [dermamnist] acc=0.6500 f1=0.5543
2026-03-22 11:01:05,967 [INFO]   [sigma] dermamnist: 1.0319
2026-03-22 11:01:14,337 [INFO] Ep 077/100 | train_loss=0.8410 | val_loss=1.0632 | avg_f1=0.5672 | lr=5.18e-05 | 8s
2026-03-22 11:01:14,337 [INFO]   [dermamnist] acc=0.6451 f1=0.5672
2026-03-22 11:01:14,337 [INFO]   [sigma] dermamnist: 1.0320
2026-03-22 11:01:22,669 [INFO] Ep 078/100 | train_loss=0.8308 | val_loss=1.0910 | avg_f1=0.5669 | lr=4.78e-05 | 8s
2026-03-22 11:01:22,669 [INFO]   [dermamnist] acc=0.6401 f1=0.5669
2026-03-22 11:01:22,669 [INFO]   [sigma] dermamnist: 1.0321
2026-03-22 11:01:30,955 [INFO] Ep 079/100 | train_loss=0.8324 | val_loss=1.0795 | avg_f1=0.5630 | lr=4.38e-05 | 8s
2026-03-22 11:01:30,955 [INFO]   [dermamnist] acc=0.6481 f1=0.5630
2026-03-22 11:01:30,956 [INFO]   [sigma] dermamnist: 1.0322
2026-03-22 11:01:39,469 [INFO] Ep 080/100 | train_loss=0.8217 | val_loss=1.0439 | avg_f1=0.5783 | lr=4.00e-05 | 8s
2026-03-22 11:01:39,469 [INFO]   [dermamnist] acc=0.6820 f1=0.5783
2026-03-22 11:01:39,469 [INFO]   [sigma] dermamnist: 1.0323
2026-03-22 11:01:39,470 [INFO]   >> New best avg_f1=0.5783
2026-03-22 11:01:48,508 [INFO] Ep 081/100 | train_loss=0.8151 | val_loss=1.0706 | avg_f1=0.5445 | lr=3.64e-05 | 8s
2026-03-22 11:01:48,508 [INFO]   [dermamnist] acc=0.6530 f1=0.5445
2026-03-22 11:01:48,508 [INFO]   [sigma] dermamnist: 1.0324
2026-03-22 11:01:56,626 [INFO] Ep 082/100 | train_loss=0.8159 | val_loss=1.0578 | avg_f1=0.5508 | lr=3.29e-05 | 7s
2026-03-22 11:01:56,626 [INFO]   [dermamnist] acc=0.6510 f1=0.5508
2026-03-22 11:01:56,626 [INFO]   [sigma] dermamnist: 1.0324
2026-03-22 11:02:05,107 [INFO] Ep 083/100 | train_loss=0.8044 | val_loss=1.0326 | avg_f1=0.5634 | lr=2.96e-05 | 8s
2026-03-22 11:02:05,107 [INFO]   [dermamnist] acc=0.6770 f1=0.5634
2026-03-22 11:02:05,107 [INFO]   [sigma] dermamnist: 1.0325
2026-03-22 11:02:13,404 [INFO] Ep 084/100 | train_loss=0.8034 | val_loss=1.0218 | avg_f1=0.5641 | lr=2.64e-05 | 8s
2026-03-22 11:02:13,404 [INFO]   [dermamnist] acc=0.6700 f1=0.5641
2026-03-22 11:02:13,405 [INFO]   [sigma] dermamnist: 1.0326
2026-03-22 11:02:21,970 [INFO] Ep 085/100 | train_loss=0.7941 | val_loss=1.0554 | avg_f1=0.5886 | lr=2.34e-05 | 8s
2026-03-22 11:02:21,971 [INFO]   [dermamnist] acc=0.6620 f1=0.5886
2026-03-22 11:02:21,971 [INFO]   [sigma] dermamnist: 1.0326
2026-03-22 11:02:21,971 [INFO]   >> New best avg_f1=0.5886
2026-03-22 11:02:30,853 [INFO] Ep 086/100 | train_loss=0.7915 | val_loss=1.0182 | avg_f1=0.5620 | lr=2.06e-05 | 8s
2026-03-22 11:02:30,853 [INFO]   [dermamnist] acc=0.6750 f1=0.5620
2026-03-22 11:02:30,853 [INFO]   [sigma] dermamnist: 1.0327
2026-03-22 11:02:39,196 [INFO] Ep 087/100 | train_loss=0.8006 | val_loss=1.0021 | avg_f1=0.6021 | lr=1.79e-05 | 8s
2026-03-22 11:02:39,196 [INFO]   [dermamnist] acc=0.6979 f1=0.6021
2026-03-22 11:02:39,197 [INFO]   [sigma] dermamnist: 1.0327
2026-03-22 11:02:39,197 [INFO]   >> New best avg_f1=0.6021
2026-03-22 11:02:47,829 [INFO] Ep 088/100 | train_loss=0.7936 | val_loss=0.9899 | avg_f1=0.5941 | lr=1.55e-05 | 7s
2026-03-22 11:02:47,830 [INFO]   [dermamnist] acc=0.7099 f1=0.5941
2026-03-22 11:02:47,830 [INFO]   [sigma] dermamnist: 1.0328
2026-03-22 11:02:56,041 [INFO] Ep 089/100 | train_loss=0.7898 | val_loss=1.0351 | avg_f1=0.5837 | lr=1.32e-05 | 7s
2026-03-22 11:02:56,041 [INFO]   [dermamnist] acc=0.6720 f1=0.5837
2026-03-22 11:02:56,041 [INFO]   [sigma] dermamnist: 1.0328
2026-03-22 11:03:04,395 [INFO] Ep 090/100 | train_loss=0.7987 | val_loss=1.0429 | avg_f1=0.5869 | lr=1.11e-05 | 8s
2026-03-22 11:03:04,395 [INFO]   [dermamnist] acc=0.6700 f1=0.5869
2026-03-22 11:03:04,395 [INFO]   [sigma] dermamnist: 1.0328
2026-03-22 11:03:12,779 [INFO] Ep 091/100 | train_loss=0.7842 | val_loss=1.0131 | avg_f1=0.5971 | lr=9.20e-06 | 8s
2026-03-22 11:03:12,779 [INFO]   [dermamnist] acc=0.6969 f1=0.5971
2026-03-22 11:03:12,779 [INFO]   [sigma] dermamnist: 1.0328
2026-03-22 11:03:21,028 [INFO] Ep 092/100 | train_loss=0.7878 | val_loss=1.0091 | avg_f1=0.5905 | lr=7.49e-06 | 8s
2026-03-22 11:03:21,028 [INFO]   [dermamnist] acc=0.6909 f1=0.5905
2026-03-22 11:03:21,029 [INFO]   [sigma] dermamnist: 1.0329
2026-03-22 11:03:29,569 [INFO] Ep 093/100 | train_loss=0.7909 | val_loss=1.0252 | avg_f1=0.5782 | lr=5.98e-06 | 8s
2026-03-22 11:03:29,569 [INFO]   [dermamnist] acc=0.6810 f1=0.5782
2026-03-22 11:03:29,569 [INFO]   [sigma] dermamnist: 1.0329
2026-03-22 11:03:38,233 [INFO] Ep 094/100 | train_loss=0.7817 | val_loss=1.0238 | avg_f1=0.6049 | lr=4.66e-06 | 8s
2026-03-22 11:03:38,233 [INFO]   [dermamnist] acc=0.6919 f1=0.6049
2026-03-22 11:03:38,233 [INFO]   [sigma] dermamnist: 1.0329
2026-03-22 11:03:38,233 [INFO]   >> New best avg_f1=0.6049
2026-03-22 11:03:47,194 [INFO] Ep 095/100 | train_loss=0.7793 | val_loss=1.0211 | avg_f1=0.5975 | lr=3.55e-06 | 8s
2026-03-22 11:03:47,194 [INFO]   [dermamnist] acc=0.6939 f1=0.5975
2026-03-22 11:03:47,194 [INFO]   [sigma] dermamnist: 1.0329
2026-03-22 11:03:55,591 [INFO] Ep 096/100 | train_loss=0.7878 | val_loss=1.0321 | avg_f1=0.5917 | lr=2.63e-06 | 8s
2026-03-22 11:03:55,591 [INFO]   [dermamnist] acc=0.6849 f1=0.5917
2026-03-22 11:03:55,591 [INFO]   [sigma] dermamnist: 1.0329
2026-03-22 11:04:03,869 [INFO] Ep 097/100 | train_loss=0.7834 | val_loss=1.0318 | avg_f1=0.5932 | lr=1.92e-06 | 8s
2026-03-22 11:04:03,869 [INFO]   [dermamnist] acc=0.6839 f1=0.5932
2026-03-22 11:04:03,869 [INFO]   [sigma] dermamnist: 1.0329
2026-03-22 11:04:12,294 [INFO] Ep 098/100 | train_loss=0.7761 | val_loss=1.0309 | avg_f1=0.5868 | lr=1.41e-06 | 8s
2026-03-22 11:04:12,294 [INFO]   [dermamnist] acc=0.6830 f1=0.5868
2026-03-22 11:04:12,294 [INFO]   [sigma] dermamnist: 1.0329
2026-03-22 11:04:20,722 [INFO] Ep 099/100 | train_loss=0.7747 | val_loss=1.0430 | avg_f1=0.5840 | lr=1.10e-06 | 8s
2026-03-22 11:04:20,722 [INFO]   [dermamnist] acc=0.6730 f1=0.5840
2026-03-22 11:04:20,723 [INFO]   [sigma] dermamnist: 1.0329
2026-03-22 11:04:28,914 [INFO] Ep 100/100 | train_loss=0.7854 | val_loss=1.0299 | avg_f1=0.5898 | lr=1.00e-06 | 8s
2026-03-22 11:04:28,914 [INFO]   [dermamnist] acc=0.6830 f1=0.5898
2026-03-22 11:04:28,915 [INFO]   [sigma] dermamnist: 1.0329
2026-03-22 11:04:29,543 [INFO] Training complete.
2026-03-22 11:04:29,544 [INFO] Loading checkpoint: runs/medical_mamba/checkpoint_best.pt
2026-03-22 11:04:29,856 [INFO] Resumed from epoch 94
2026-03-22 11:04:33,026 [INFO] 
=== TEST RESULTS ===
2026-03-22 11:04:33,026 [INFO]   [dermamnist] acc=0.6773 f1=0.5673
