2026-04-06 02:43:28,640 [INFO] Building VMamba-tiny | patch=8
2026-04-06 02:43:29,428 [INFO] Parameters: 49.5M | Tasks: ['octmnist']
2026-04-06 02:43:29,431 [INFO] ================================================================
2026-04-06 02:43:29,431 [INFO] MedicalVMamba-tiny | tasks=['octmnist'] | device=cuda:0 | AMP=True
2026-04-06 02:43:29,431 [INFO] ================================================================
2026-04-06 02:47:05,200 [INFO] Ep 001/100 | train_loss=1.3313 | val_loss=1.2836 | avg_f1=0.4010 | lr=4.00e-05 | 216s
2026-04-06 02:47:05,200 [INFO]   [octmnist] acc=0.4372 f1=0.4010
2026-04-06 02:47:05,200 [INFO]   [sigma] octmnist: 1.0007
2026-04-06 02:47:05,203 [INFO]   >> New best avg_f1=0.4010
2026-04-06 02:50:44,849 [INFO] Ep 002/100 | train_loss=1.1911 | val_loss=1.0117 | avg_f1=0.5252 | lr=6.00e-05 | 219s
2026-04-06 02:50:44,849 [INFO]   [octmnist] acc=0.6813 f1=0.5252
2026-04-06 02:50:44,849 [INFO]   [sigma] octmnist: 1.0019
2026-04-06 02:50:44,850 [INFO]   >> New best avg_f1=0.5252
2026-04-06 02:54:25,927 [INFO] Ep 003/100 | train_loss=1.0831 | val_loss=0.8968 | avg_f1=0.6199 | lr=8.00e-05 | 220s
2026-04-06 02:54:25,927 [INFO]   [octmnist] acc=0.7151 f1=0.6199
2026-04-06 02:54:25,927 [INFO]   [sigma] octmnist: 1.0036
2026-04-06 02:54:25,928 [INFO]   >> New best avg_f1=0.6199
2026-04-06 02:58:07,402 [INFO] Ep 004/100 | train_loss=0.9975 | val_loss=0.9550 | avg_f1=0.5991 | lr=1.00e-04 | 220s
2026-04-06 02:58:07,402 [INFO]   [octmnist] acc=0.6259 f1=0.5991
2026-04-06 02:58:07,403 [INFO]   [sigma] octmnist: 1.0059
2026-04-06 03:01:48,140 [INFO] Ep 005/100 | train_loss=0.9048 | val_loss=0.7292 | avg_f1=0.7358 | lr=1.20e-04 | 220s
2026-04-06 03:01:48,140 [INFO]   [octmnist] acc=0.8084 f1=0.7358
2026-04-06 03:01:48,140 [INFO]   [sigma] octmnist: 1.0084
2026-04-06 03:01:48,141 [INFO]   >> New best avg_f1=0.7358
2026-04-06 03:05:30,587 [INFO] Ep 006/100 | train_loss=0.8157 | val_loss=0.6194 | avg_f1=0.7967 | lr=1.40e-04 | 221s
2026-04-06 03:05:30,587 [INFO]   [octmnist] acc=0.8691 f1=0.7967
2026-04-06 03:05:30,587 [INFO]   [sigma] octmnist: 1.0109
2026-04-06 03:05:30,587 [INFO]   >> New best avg_f1=0.7967
2026-04-06 03:09:12,900 [INFO] Ep 007/100 | train_loss=0.7668 | val_loss=0.6428 | avg_f1=0.7851 | lr=1.60e-04 | 221s
2026-04-06 03:09:12,900 [INFO]   [octmnist] acc=0.8520 f1=0.7851
2026-04-06 03:09:12,900 [INFO]   [sigma] octmnist: 1.0141
2026-04-06 03:12:55,042 [INFO] Ep 008/100 | train_loss=0.7309 | val_loss=0.6217 | avg_f1=0.8053 | lr=1.80e-04 | 221s
2026-04-06 03:12:55,043 [INFO]   [octmnist] acc=0.8659 f1=0.8053
2026-04-06 03:12:55,043 [INFO]   [sigma] octmnist: 1.0178
2026-04-06 03:12:55,043 [INFO]   >> New best avg_f1=0.8053
2026-04-06 03:16:37,904 [INFO] Ep 009/100 | train_loss=0.6920 | val_loss=0.5418 | avg_f1=0.8501 | lr=2.00e-04 | 222s
2026-04-06 03:16:37,904 [INFO]   [octmnist] acc=0.9085 f1=0.8501
2026-04-06 03:16:37,904 [INFO]   [sigma] octmnist: 1.0220
2026-04-06 03:16:37,905 [INFO]   >> New best avg_f1=0.8501
2026-04-06 03:20:19,358 [INFO] Ep 010/100 | train_loss=0.6684 | val_loss=0.5520 | avg_f1=0.8506 | lr=2.20e-04 | 220s
2026-04-06 03:20:19,358 [INFO]   [octmnist] acc=0.9053 f1=0.8506
2026-04-06 03:20:19,358 [INFO]   [sigma] octmnist: 1.0272
2026-04-06 03:20:19,359 [INFO]   >> New best avg_f1=0.8506
2026-04-06 03:24:02,242 [INFO] Ep 011/100 | train_loss=0.6458 | val_loss=0.5473 | avg_f1=0.8465 | lr=2.40e-04 | 221s
2026-04-06 03:24:02,242 [INFO]   [octmnist] acc=0.9034 f1=0.8465
2026-04-06 03:24:02,243 [INFO]   [sigma] octmnist: 1.0330
2026-04-06 03:27:45,540 [INFO] Ep 012/100 | train_loss=0.6298 | val_loss=0.5208 | avg_f1=0.8678 | lr=2.60e-04 | 223s
2026-04-06 03:27:45,540 [INFO]   [octmnist] acc=0.9206 f1=0.8678
2026-04-06 03:27:45,540 [INFO]   [sigma] octmnist: 1.0393
2026-04-06 03:27:45,541 [INFO]   >> New best avg_f1=0.8678
2026-04-06 03:31:28,642 [INFO] Ep 013/100 | train_loss=0.6191 | val_loss=0.5273 | avg_f1=0.8669 | lr=2.80e-04 | 222s
2026-04-06 03:31:28,642 [INFO]   [octmnist] acc=0.9176 f1=0.8669
2026-04-06 03:31:28,642 [INFO]   [sigma] octmnist: 1.0458
2026-04-06 03:35:11,524 [INFO] Ep 014/100 | train_loss=0.6020 | val_loss=0.5092 | avg_f1=0.8753 | lr=3.00e-04 | 222s
2026-04-06 03:35:11,524 [INFO]   [octmnist] acc=0.9234 f1=0.8753
2026-04-06 03:35:11,524 [INFO]   [sigma] octmnist: 1.0523
2026-04-06 03:35:11,525 [INFO]   >> New best avg_f1=0.8753
2026-04-06 03:38:55,371 [INFO] Ep 015/100 | train_loss=0.5859 | val_loss=0.5329 | avg_f1=0.8627 | lr=3.00e-04 | 223s
2026-04-06 03:38:55,371 [INFO]   [octmnist] acc=0.9088 f1=0.8627
2026-04-06 03:38:55,371 [INFO]   [sigma] octmnist: 1.0574
2026-04-06 03:42:32,227 [INFO] Ep 016/100 | train_loss=0.5741 | val_loss=0.4965 | avg_f1=0.8924 | lr=3.00e-04 | 216s
2026-04-06 03:42:32,227 [INFO]   [octmnist] acc=0.9332 f1=0.8924
2026-04-06 03:42:32,228 [INFO]   [sigma] octmnist: 1.0602
2026-04-06 03:42:32,228 [INFO]   >> New best avg_f1=0.8924
2026-04-06 03:46:00,996 [INFO] Ep 017/100 | train_loss=0.5610 | val_loss=0.4776 | avg_f1=0.9070 | lr=3.00e-04 | 207s
2026-04-06 03:46:00,997 [INFO]   [octmnist] acc=0.9440 f1=0.9070
2026-04-06 03:46:00,997 [INFO]   [sigma] octmnist: 1.0602
2026-04-06 03:46:00,997 [INFO]   >> New best avg_f1=0.9070
2026-04-06 03:49:28,813 [INFO] Ep 018/100 | train_loss=0.5464 | val_loss=0.5267 | avg_f1=0.8721 | lr=2.99e-04 | 207s
2026-04-06 03:49:28,813 [INFO]   [octmnist] acc=0.9157 f1=0.8721
2026-04-06 03:49:28,813 [INFO]   [sigma] octmnist: 1.0565
2026-04-06 03:52:55,869 [INFO] Ep 019/100 | train_loss=0.5403 | val_loss=0.4818 | avg_f1=0.9019 | lr=2.98e-04 | 206s
2026-04-06 03:52:55,870 [INFO]   [octmnist] acc=0.9407 f1=0.9019
2026-04-06 03:52:55,870 [INFO]   [sigma] octmnist: 1.0517
2026-04-06 03:56:23,145 [INFO] Ep 020/100 | train_loss=0.5308 | val_loss=0.4977 | avg_f1=0.8920 | lr=2.97e-04 | 207s
2026-04-06 03:56:23,145 [INFO]   [octmnist] acc=0.9313 f1=0.8920
2026-04-06 03:56:23,145 [INFO]   [sigma] octmnist: 1.0453
2026-04-06 03:59:50,290 [INFO] Ep 021/100 | train_loss=0.5227 | val_loss=0.4625 | avg_f1=0.9167 | lr=2.96e-04 | 207s
2026-04-06 03:59:50,290 [INFO]   [octmnist] acc=0.9494 f1=0.9167
2026-04-06 03:59:50,290 [INFO]   [sigma] octmnist: 1.0384
2026-04-06 03:59:50,291 [INFO]   >> New best avg_f1=0.9167
2026-04-06 04:03:18,355 [INFO] Ep 022/100 | train_loss=0.5207 | val_loss=0.4568 | avg_f1=0.9153 | lr=2.95e-04 | 207s
2026-04-06 04:03:18,355 [INFO]   [octmnist] acc=0.9490 f1=0.9153
2026-04-06 04:03:18,356 [INFO]   [sigma] octmnist: 1.0327
2026-04-06 04:06:45,551 [INFO] Ep 023/100 | train_loss=0.5138 | val_loss=0.4475 | avg_f1=0.9253 | lr=2.94e-04 | 207s
2026-04-06 04:06:45,551 [INFO]   [octmnist] acc=0.9554 f1=0.9253
2026-04-06 04:06:45,551 [INFO]   [sigma] octmnist: 1.0269
2026-04-06 04:06:45,552 [INFO]   >> New best avg_f1=0.9253
2026-04-06 04:10:13,646 [INFO] Ep 024/100 | train_loss=0.5115 | val_loss=0.4592 | avg_f1=0.9148 | lr=2.92e-04 | 207s
2026-04-06 04:10:13,646 [INFO]   [octmnist] acc=0.9476 f1=0.9148
2026-04-06 04:10:13,646 [INFO]   [sigma] octmnist: 1.0221
2026-04-06 04:13:41,057 [INFO] Ep 025/100 | train_loss=0.5048 | val_loss=0.4487 | avg_f1=0.9236 | lr=2.90e-04 | 207s
2026-04-06 04:13:41,057 [INFO]   [octmnist] acc=0.9538 f1=0.9236
2026-04-06 04:13:41,057 [INFO]   [sigma] octmnist: 1.0165
2026-04-06 04:17:08,567 [INFO] Ep 026/100 | train_loss=0.5017 | val_loss=0.4762 | avg_f1=0.9021 | lr=2.88e-04 | 207s
2026-04-06 04:17:08,567 [INFO]   [octmnist] acc=0.9385 f1=0.9021
2026-04-06 04:17:08,567 [INFO]   [sigma] octmnist: 1.0117
2026-04-06 04:20:36,388 [INFO] Ep 027/100 | train_loss=0.4953 | val_loss=0.4477 | avg_f1=0.9222 | lr=2.86e-04 | 207s
2026-04-06 04:20:36,388 [INFO]   [octmnist] acc=0.9532 f1=0.9222
2026-04-06 04:20:36,389 [INFO]   [sigma] octmnist: 1.0065
2026-04-06 04:24:03,919 [INFO] Ep 028/100 | train_loss=0.4918 | val_loss=0.4399 | avg_f1=0.9293 | lr=2.83e-04 | 207s
2026-04-06 04:24:03,919 [INFO]   [octmnist] acc=0.9574 f1=0.9293
2026-04-06 04:24:03,919 [INFO]   [sigma] octmnist: 1.0016
2026-04-06 04:24:03,920 [INFO]   >> New best avg_f1=0.9293
2026-04-06 04:27:31,846 [INFO] Ep 029/100 | train_loss=0.4912 | val_loss=0.4736 | avg_f1=0.9071 | lr=2.80e-04 | 207s
2026-04-06 04:27:31,846 [INFO]   [octmnist] acc=0.9414 f1=0.9071
2026-04-06 04:27:31,846 [INFO]   [sigma] octmnist: 0.9983
2026-04-06 04:30:59,227 [INFO] Ep 030/100 | train_loss=0.4855 | val_loss=0.4378 | avg_f1=0.9276 | lr=2.78e-04 | 207s
2026-04-06 04:30:59,227 [INFO]   [octmnist] acc=0.9565 f1=0.9276
2026-04-06 04:30:59,227 [INFO]   [sigma] octmnist: 0.9942
2026-04-06 04:34:26,618 [INFO] Ep 031/100 | train_loss=0.4840 | val_loss=0.4329 | avg_f1=0.9337 | lr=2.75e-04 | 207s
2026-04-06 04:34:26,618 [INFO]   [octmnist] acc=0.9602 f1=0.9337
2026-04-06 04:34:26,618 [INFO]   [sigma] octmnist: 0.9910
2026-04-06 04:34:26,619 [INFO]   >> New best avg_f1=0.9337
2026-04-06 04:37:54,878 [INFO] Ep 032/100 | train_loss=0.4834 | val_loss=0.4433 | avg_f1=0.9220 | lr=2.71e-04 | 207s
2026-04-06 04:37:54,878 [INFO]   [octmnist] acc=0.9528 f1=0.9220
2026-04-06 04:37:54,878 [INFO]   [sigma] octmnist: 0.9886
2026-04-06 04:41:22,878 [INFO] Ep 033/100 | train_loss=0.4799 | val_loss=0.4348 | avg_f1=0.9323 | lr=2.68e-04 | 207s
2026-04-06 04:41:22,878 [INFO]   [octmnist] acc=0.9589 f1=0.9323
2026-04-06 04:41:22,878 [INFO]   [sigma] octmnist: 0.9859
2026-04-06 04:44:50,121 [INFO] Ep 034/100 | train_loss=0.4771 | val_loss=0.4516 | avg_f1=0.9196 | lr=2.65e-04 | 207s
2026-04-06 04:44:50,121 [INFO]   [octmnist] acc=0.9500 f1=0.9196
2026-04-06 04:44:50,121 [INFO]   [sigma] octmnist: 0.9831
2026-04-06 04:48:17,327 [INFO] Ep 035/100 | train_loss=0.4772 | val_loss=0.4299 | avg_f1=0.9328 | lr=2.61e-04 | 207s
2026-04-06 04:48:17,328 [INFO]   [octmnist] acc=0.9597 f1=0.9328
2026-04-06 04:48:17,328 [INFO]   [sigma] octmnist: 0.9812
2026-04-06 04:51:45,023 [INFO] Ep 036/100 | train_loss=0.4702 | val_loss=0.4326 | avg_f1=0.9294 | lr=2.57e-04 | 207s
2026-04-06 04:51:45,023 [INFO]   [octmnist] acc=0.9576 f1=0.9294
2026-04-06 04:51:45,023 [INFO]   [sigma] octmnist: 0.9779
2026-04-06 04:55:11,578 [INFO] Ep 037/100 | train_loss=0.4696 | val_loss=0.4219 | avg_f1=0.9393 | lr=2.53e-04 | 206s
2026-04-06 04:55:11,579 [INFO]   [octmnist] acc=0.9643 f1=0.9393
2026-04-06 04:55:11,579 [INFO]   [sigma] octmnist: 0.9756
2026-04-06 04:55:11,579 [INFO]   >> New best avg_f1=0.9393
2026-04-06 04:58:39,232 [INFO] Ep 038/100 | train_loss=0.4688 | val_loss=0.4273 | avg_f1=0.9361 | lr=2.49e-04 | 206s
2026-04-06 04:58:39,232 [INFO]   [octmnist] acc=0.9618 f1=0.9361
2026-04-06 04:58:39,233 [INFO]   [sigma] octmnist: 0.9735
2026-04-06 05:02:05,478 [INFO] Ep 039/100 | train_loss=0.4627 | val_loss=0.4178 | avg_f1=0.9437 | lr=2.45e-04 | 206s
2026-04-06 05:02:05,478 [INFO]   [octmnist] acc=0.9665 f1=0.9437
2026-04-06 05:02:05,478 [INFO]   [sigma] octmnist: 0.9704
2026-04-06 05:02:05,479 [INFO]   >> New best avg_f1=0.9437
2026-04-06 05:05:32,368 [INFO] Ep 040/100 | train_loss=0.4635 | val_loss=0.4251 | avg_f1=0.9358 | lr=2.41e-04 | 206s
2026-04-06 05:05:32,368 [INFO]   [octmnist] acc=0.9617 f1=0.9358
2026-04-06 05:05:32,369 [INFO]   [sigma] octmnist: 0.9686
2026-04-06 05:08:58,775 [INFO] Ep 041/100 | train_loss=0.4606 | val_loss=0.4495 | avg_f1=0.9195 | lr=2.36e-04 | 206s
2026-04-06 05:08:58,776 [INFO]   [octmnist] acc=0.9501 f1=0.9195
2026-04-06 05:08:58,776 [INFO]   [sigma] octmnist: 0.9665
2026-04-06 05:12:24,916 [INFO] Ep 042/100 | train_loss=0.4558 | val_loss=0.4509 | avg_f1=0.9190 | lr=2.32e-04 | 206s
2026-04-06 05:12:24,916 [INFO]   [octmnist] acc=0.9496 f1=0.9190
2026-04-06 05:12:24,917 [INFO]   [sigma] octmnist: 0.9636
2026-04-06 05:15:51,021 [INFO] Ep 043/100 | train_loss=0.4574 | val_loss=0.4336 | avg_f1=0.9295 | lr=2.27e-04 | 205s
2026-04-06 05:15:51,021 [INFO]   [octmnist] acc=0.9575 f1=0.9295
2026-04-06 05:15:51,021 [INFO]   [sigma] octmnist: 0.9619
2026-04-06 05:19:17,865 [INFO] Ep 044/100 | train_loss=0.4569 | val_loss=0.4152 | avg_f1=0.9438 | lr=2.22e-04 | 206s
2026-04-06 05:19:17,865 [INFO]   [octmnist] acc=0.9665 f1=0.9438
2026-04-06 05:19:17,865 [INFO]   [sigma] octmnist: 0.9608
2026-04-06 05:19:17,866 [INFO]   >> New best avg_f1=0.9438
2026-04-06 05:22:45,153 [INFO] Ep 045/100 | train_loss=0.4521 | val_loss=0.4285 | avg_f1=0.9335 | lr=2.17e-04 | 206s
2026-04-06 05:22:45,153 [INFO]   [octmnist] acc=0.9599 f1=0.9335
2026-04-06 05:22:45,153 [INFO]   [sigma] octmnist: 0.9586
2026-04-06 05:26:11,818 [INFO] Ep 046/100 | train_loss=0.4485 | val_loss=0.4121 | avg_f1=0.9459 | lr=2.12e-04 | 206s
2026-04-06 05:26:11,818 [INFO]   [octmnist] acc=0.9681 f1=0.9459
2026-04-06 05:26:11,819 [INFO]   [sigma] octmnist: 0.9561
2026-04-06 05:26:11,819 [INFO]   >> New best avg_f1=0.9459
2026-04-06 05:29:39,245 [INFO] Ep 047/100 | train_loss=0.4499 | val_loss=0.4135 | avg_f1=0.9441 | lr=2.07e-04 | 206s
2026-04-06 05:29:39,245 [INFO]   [octmnist] acc=0.9665 f1=0.9441
2026-04-06 05:29:39,245 [INFO]   [sigma] octmnist: 0.9547
2026-04-06 05:33:05,855 [INFO] Ep 048/100 | train_loss=0.4478 | val_loss=0.4256 | avg_f1=0.9364 | lr=2.02e-04 | 206s
2026-04-06 05:33:05,855 [INFO]   [octmnist] acc=0.9619 f1=0.9364
2026-04-06 05:33:05,855 [INFO]   [sigma] octmnist: 0.9532
2026-04-06 05:36:32,851 [INFO] Ep 049/100 | train_loss=0.4436 | val_loss=0.4148 | avg_f1=0.9439 | lr=1.97e-04 | 206s
2026-04-06 05:36:32,851 [INFO]   [octmnist] acc=0.9665 f1=0.9439
2026-04-06 05:36:32,851 [INFO]   [sigma] octmnist: 0.9512
2026-04-06 05:39:59,588 [INFO] Ep 050/100 | train_loss=0.4433 | val_loss=0.4188 | avg_f1=0.9380 | lr=1.91e-04 | 206s
2026-04-06 05:39:59,588 [INFO]   [octmnist] acc=0.9624 f1=0.9380
2026-04-06 05:39:59,588 [INFO]   [sigma] octmnist: 0.9495
2026-04-06 05:43:26,667 [INFO] Ep 051/100 | train_loss=0.4394 | val_loss=0.4064 | avg_f1=0.9469 | lr=1.86e-04 | 206s
2026-04-06 05:43:26,667 [INFO]   [octmnist] acc=0.9686 f1=0.9469
2026-04-06 05:43:26,667 [INFO]   [sigma] octmnist: 0.9474
2026-04-06 05:43:26,667 [INFO]   >> New best avg_f1=0.9469
2026-04-06 05:46:54,194 [INFO] Ep 052/100 | train_loss=0.4426 | val_loss=0.4122 | avg_f1=0.9458 | lr=1.81e-04 | 206s
2026-04-06 05:46:54,194 [INFO]   [octmnist] acc=0.9678 f1=0.9458
2026-04-06 05:46:54,194 [INFO]   [sigma] octmnist: 0.9465
2026-04-06 05:50:20,625 [INFO] Ep 053/100 | train_loss=0.4379 | val_loss=0.4199 | avg_f1=0.9413 | lr=1.75e-04 | 206s
2026-04-06 05:50:20,625 [INFO]   [octmnist] acc=0.9642 f1=0.9413
2026-04-06 05:50:20,625 [INFO]   [sigma] octmnist: 0.9449
2026-04-06 05:53:47,440 [INFO] Ep 054/100 | train_loss=0.4373 | val_loss=0.4143 | avg_f1=0.9441 | lr=1.70e-04 | 206s
2026-04-06 05:53:47,440 [INFO]   [octmnist] acc=0.9661 f1=0.9441
2026-04-06 05:53:47,440 [INFO]   [sigma] octmnist: 0.9434
2026-04-06 05:57:14,456 [INFO] Ep 055/100 | train_loss=0.4333 | val_loss=0.4106 | avg_f1=0.9466 | lr=1.64e-04 | 206s
2026-04-06 05:57:14,456 [INFO]   [octmnist] acc=0.9682 f1=0.9466
2026-04-06 05:57:14,456 [INFO]   [sigma] octmnist: 0.9417
2026-04-06 06:00:41,860 [INFO] Ep 056/100 | train_loss=0.4324 | val_loss=0.4054 | avg_f1=0.9502 | lr=1.59e-04 | 207s
2026-04-06 06:00:41,860 [INFO]   [octmnist] acc=0.9702 f1=0.9502
2026-04-06 06:00:41,860 [INFO]   [sigma] octmnist: 0.9401
2026-04-06 06:00:41,861 [INFO]   >> New best avg_f1=0.9502
2026-04-06 06:04:09,047 [INFO] Ep 057/100 | train_loss=0.4304 | val_loss=0.4173 | avg_f1=0.9425 | lr=1.53e-04 | 206s
2026-04-06 06:04:09,047 [INFO]   [octmnist] acc=0.9653 f1=0.9425
2026-04-06 06:04:09,047 [INFO]   [sigma] octmnist: 0.9385
2026-04-06 06:07:36,758 [INFO] Ep 058/100 | train_loss=0.4290 | val_loss=0.4062 | avg_f1=0.9500 | lr=1.48e-04 | 207s
2026-04-06 06:07:36,758 [INFO]   [octmnist] acc=0.9702 f1=0.9500
2026-04-06 06:07:36,758 [INFO]   [sigma] octmnist: 0.9370
2026-04-06 06:11:03,476 [INFO] Ep 059/100 | train_loss=0.4279 | val_loss=0.4086 | avg_f1=0.9486 | lr=1.42e-04 | 206s
2026-04-06 06:11:03,476 [INFO]   [octmnist] acc=0.9693 f1=0.9486
2026-04-06 06:11:03,476 [INFO]   [sigma] octmnist: 0.9357
2026-04-06 06:14:30,079 [INFO] Ep 060/100 | train_loss=0.4282 | val_loss=0.4060 | avg_f1=0.9476 | lr=1.37e-04 | 206s
2026-04-06 06:14:30,079 [INFO]   [octmnist] acc=0.9688 f1=0.9476
2026-04-06 06:14:30,079 [INFO]   [sigma] octmnist: 0.9347
2026-04-06 06:17:55,788 [INFO] Ep 061/100 | train_loss=0.4249 | val_loss=0.4117 | avg_f1=0.9454 | lr=1.31e-04 | 205s
2026-04-06 06:17:55,788 [INFO]   [octmnist] acc=0.9671 f1=0.9454
2026-04-06 06:17:55,788 [INFO]   [sigma] octmnist: 0.9334
2026-04-06 17:53:33,740 [INFO] Building VMamba-tiny | patch=8
2026-04-06 17:53:34,417 [INFO] Parameters: 49.5M | Tasks: ['octmnist']
2026-04-06 17:53:34,419 [INFO] ================================================================
2026-04-06 17:53:34,419 [INFO] MedicalVMamba-tiny | tasks=['octmnist'] | device=cuda:0 | AMP=True
2026-04-06 17:53:34,420 [INFO] ================================================================
2026-04-06 17:56:56,416 [INFO] Ep 001/100 | train_loss=1.3313 | val_loss=1.2836 | avg_f1=0.4010 | lr=4.00e-05 | 202s
2026-04-06 17:56:56,416 [INFO]   [octmnist] acc=0.4372 f1=0.4010
2026-04-06 17:56:56,416 [INFO]   [sigma] octmnist: 1.0007
2026-04-06 17:56:56,418 [INFO]   >> New best avg_f1=0.4010
2026-04-06 18:00:19,949 [INFO] Ep 002/100 | train_loss=1.1911 | val_loss=1.0117 | avg_f1=0.5252 | lr=6.00e-05 | 202s
2026-04-06 18:00:19,956 [INFO]   [octmnist] acc=0.6813 f1=0.5252
2026-04-06 18:00:19,956 [INFO]   [sigma] octmnist: 1.0019
2026-04-06 18:00:19,957 [INFO]   >> New best avg_f1=0.5252
2026-04-06 18:03:51,537 [INFO] Ep 003/100 | train_loss=1.0831 | val_loss=0.8968 | avg_f1=0.6199 | lr=8.00e-05 | 210s
2026-04-06 18:03:51,537 [INFO]   [octmnist] acc=0.7151 f1=0.6199
2026-04-06 18:03:51,537 [INFO]   [sigma] octmnist: 1.0036
2026-04-06 18:03:51,538 [INFO]   >> New best avg_f1=0.6199
2026-04-06 18:07:21,356 [INFO] Ep 004/100 | train_loss=0.9975 | val_loss=0.9550 | avg_f1=0.5991 | lr=1.00e-04 | 209s
2026-04-06 18:07:21,356 [INFO]   [octmnist] acc=0.6259 f1=0.5991
2026-04-06 18:07:21,356 [INFO]   [sigma] octmnist: 1.0059
2026-04-06 18:10:53,644 [INFO] Ep 005/100 | train_loss=0.9048 | val_loss=0.7292 | avg_f1=0.7358 | lr=1.20e-04 | 212s
2026-04-06 18:10:53,644 [INFO]   [octmnist] acc=0.8084 f1=0.7358
2026-04-06 18:10:53,644 [INFO]   [sigma] octmnist: 1.0084
2026-04-06 18:10:53,644 [INFO]   >> New best avg_f1=0.7358
2026-04-06 18:14:27,877 [INFO] Ep 006/100 | train_loss=0.8157 | val_loss=0.6194 | avg_f1=0.7967 | lr=1.40e-04 | 213s
2026-04-06 18:14:27,884 [INFO]   [octmnist] acc=0.8691 f1=0.7967
2026-04-06 18:14:27,884 [INFO]   [sigma] octmnist: 1.0109
2026-04-06 18:14:27,885 [INFO]   >> New best avg_f1=0.7967
2026-04-06 18:18:06,525 [INFO] Ep 007/100 | train_loss=0.7668 | val_loss=0.6428 | avg_f1=0.7851 | lr=1.60e-04 | 217s
2026-04-06 18:18:06,532 [INFO]   [octmnist] acc=0.8520 f1=0.7851
2026-04-06 18:18:06,533 [INFO]   [sigma] octmnist: 1.0141
2026-04-06 18:21:47,431 [INFO] Ep 008/100 | train_loss=0.7309 | val_loss=0.6217 | avg_f1=0.8053 | lr=1.80e-04 | 220s
2026-04-06 18:21:47,431 [INFO]   [octmnist] acc=0.8659 f1=0.8053
2026-04-06 18:21:47,431 [INFO]   [sigma] octmnist: 1.0178
2026-04-06 18:21:47,432 [INFO]   >> New best avg_f1=0.8053
2026-04-06 18:25:30,670 [INFO] Ep 009/100 | train_loss=0.6920 | val_loss=0.5418 | avg_f1=0.8501 | lr=2.00e-04 | 222s
2026-04-06 18:25:30,671 [INFO]   [octmnist] acc=0.9085 f1=0.8501
2026-04-06 18:25:30,671 [INFO]   [sigma] octmnist: 1.0220
2026-04-06 18:25:30,672 [INFO]   >> New best avg_f1=0.8501
2026-04-06 18:29:13,940 [INFO] Ep 010/100 | train_loss=0.6684 | val_loss=0.5520 | avg_f1=0.8506 | lr=2.20e-04 | 222s
2026-04-06 18:29:13,940 [INFO]   [octmnist] acc=0.9053 f1=0.8506
2026-04-06 18:29:13,940 [INFO]   [sigma] octmnist: 1.0272
2026-04-06 18:29:13,941 [INFO]   >> New best avg_f1=0.8506
2026-04-06 18:32:57,148 [INFO] Ep 011/100 | train_loss=0.6458 | val_loss=0.5473 | avg_f1=0.8465 | lr=2.40e-04 | 222s
2026-04-06 18:32:57,154 [INFO]   [octmnist] acc=0.9034 f1=0.8465
2026-04-06 18:32:57,155 [INFO]   [sigma] octmnist: 1.0330
2026-04-06 18:36:36,723 [INFO] Ep 012/100 | train_loss=0.6298 | val_loss=0.5208 | avg_f1=0.8678 | lr=2.60e-04 | 219s
2026-04-06 18:36:36,730 [INFO]   [octmnist] acc=0.9206 f1=0.8678
2026-04-06 18:36:36,730 [INFO]   [sigma] octmnist: 1.0393
2026-04-06 18:36:36,731 [INFO]   >> New best avg_f1=0.8678
2026-04-06 18:40:07,760 [INFO] Ep 013/100 | train_loss=0.6191 | val_loss=0.5273 | avg_f1=0.8669 | lr=2.80e-04 | 210s
2026-04-06 18:40:07,760 [INFO]   [octmnist] acc=0.9176 f1=0.8669
2026-04-06 18:40:07,760 [INFO]   [sigma] octmnist: 1.0458
2026-04-06 18:43:35,892 [INFO] Ep 014/100 | train_loss=0.6020 | val_loss=0.5092 | avg_f1=0.8753 | lr=3.00e-04 | 207s
2026-04-06 18:43:35,893 [INFO]   [octmnist] acc=0.9234 f1=0.8753
2026-04-06 18:43:35,893 [INFO]   [sigma] octmnist: 1.0523
2026-04-06 18:43:35,893 [INFO]   >> New best avg_f1=0.8753
2026-04-06 18:47:04,113 [INFO] Ep 015/100 | train_loss=0.5859 | val_loss=0.5329 | avg_f1=0.8627 | lr=3.00e-04 | 207s
2026-04-06 18:47:04,113 [INFO]   [octmnist] acc=0.9088 f1=0.8627
2026-04-06 18:47:04,113 [INFO]   [sigma] octmnist: 1.0574
2026-04-06 18:50:31,831 [INFO] Ep 016/100 | train_loss=0.5741 | val_loss=0.4965 | avg_f1=0.8924 | lr=3.00e-04 | 207s
2026-04-06 18:50:31,831 [INFO]   [octmnist] acc=0.9332 f1=0.8924
2026-04-06 18:50:31,832 [INFO]   [sigma] octmnist: 1.0602
2026-04-06 18:50:31,832 [INFO]   >> New best avg_f1=0.8924
2026-04-06 18:54:00,064 [INFO] Ep 017/100 | train_loss=0.5610 | val_loss=0.4776 | avg_f1=0.9070 | lr=3.00e-04 | 207s
2026-04-06 18:54:00,064 [INFO]   [octmnist] acc=0.9440 f1=0.9070
2026-04-06 18:54:00,064 [INFO]   [sigma] octmnist: 1.0602
2026-04-06 18:54:00,065 [INFO]   >> New best avg_f1=0.9070
2026-04-06 18:57:28,720 [INFO] Ep 018/100 | train_loss=0.5464 | val_loss=0.5267 | avg_f1=0.8721 | lr=2.99e-04 | 207s
2026-04-06 18:57:28,720 [INFO]   [octmnist] acc=0.9157 f1=0.8721
2026-04-06 18:57:28,720 [INFO]   [sigma] octmnist: 1.0565
2026-04-06 19:00:57,372 [INFO] Ep 019/100 | train_loss=0.5403 | val_loss=0.4818 | avg_f1=0.9019 | lr=2.98e-04 | 208s
2026-04-06 19:00:57,373 [INFO]   [octmnist] acc=0.9407 f1=0.9019
2026-04-06 19:00:57,373 [INFO]   [sigma] octmnist: 1.0517
2026-04-06 19:04:35,987 [INFO] Ep 020/100 | train_loss=0.5308 | val_loss=0.4977 | avg_f1=0.8920 | lr=2.97e-04 | 218s
2026-04-06 19:04:35,987 [INFO]   [octmnist] acc=0.9313 f1=0.8920
2026-04-06 19:04:35,987 [INFO]   [sigma] octmnist: 1.0453
2026-04-06 19:08:19,128 [INFO] Ep 021/100 | train_loss=0.5227 | val_loss=0.4625 | avg_f1=0.9167 | lr=2.96e-04 | 222s
2026-04-06 19:08:19,128 [INFO]   [octmnist] acc=0.9494 f1=0.9167
2026-04-06 19:08:19,128 [INFO]   [sigma] octmnist: 1.0384
2026-04-06 19:08:19,129 [INFO]   >> New best avg_f1=0.9167
2026-04-06 19:12:02,659 [INFO] Ep 022/100 | train_loss=0.5207 | val_loss=0.4568 | avg_f1=0.9153 | lr=2.95e-04 | 222s
2026-04-06 19:12:02,659 [INFO]   [octmnist] acc=0.9490 f1=0.9153
2026-04-06 19:12:02,660 [INFO]   [sigma] octmnist: 1.0327
2026-04-06 19:15:46,120 [INFO] Ep 023/100 | train_loss=0.5138 | val_loss=0.4475 | avg_f1=0.9253 | lr=2.94e-04 | 223s
2026-04-06 19:15:46,120 [INFO]   [octmnist] acc=0.9554 f1=0.9253
2026-04-06 19:15:46,120 [INFO]   [sigma] octmnist: 1.0269
2026-04-06 19:15:46,120 [INFO]   >> New best avg_f1=0.9253
2026-04-06 19:19:30,205 [INFO] Ep 024/100 | train_loss=0.5115 | val_loss=0.4592 | avg_f1=0.9148 | lr=2.92e-04 | 223s
2026-04-06 19:19:30,205 [INFO]   [octmnist] acc=0.9476 f1=0.9148
2026-04-06 19:19:30,205 [INFO]   [sigma] octmnist: 1.0221
2026-04-06 19:23:14,179 [INFO] Ep 025/100 | train_loss=0.5048 | val_loss=0.4487 | avg_f1=0.9236 | lr=2.90e-04 | 223s
2026-04-06 19:23:14,179 [INFO]   [octmnist] acc=0.9538 f1=0.9236
2026-04-06 19:23:14,179 [INFO]   [sigma] octmnist: 1.0165
2026-04-06 19:26:57,176 [INFO] Ep 026/100 | train_loss=0.5017 | val_loss=0.4762 | avg_f1=0.9021 | lr=2.88e-04 | 222s
2026-04-06 19:26:57,176 [INFO]   [octmnist] acc=0.9385 f1=0.9021
2026-04-06 19:26:57,177 [INFO]   [sigma] octmnist: 1.0117
2026-04-06 19:30:41,739 [INFO] Ep 027/100 | train_loss=0.4953 | val_loss=0.4477 | avg_f1=0.9222 | lr=2.86e-04 | 224s
2026-04-06 19:30:41,739 [INFO]   [octmnist] acc=0.9532 f1=0.9222
2026-04-06 19:30:41,739 [INFO]   [sigma] octmnist: 1.0065
2026-04-06 19:34:26,545 [INFO] Ep 028/100 | train_loss=0.4918 | val_loss=0.4399 | avg_f1=0.9293 | lr=2.83e-04 | 224s
2026-04-06 19:34:26,545 [INFO]   [octmnist] acc=0.9574 f1=0.9293
2026-04-06 19:34:26,545 [INFO]   [sigma] octmnist: 1.0016
2026-04-06 19:34:26,546 [INFO]   >> New best avg_f1=0.9293
2026-04-06 19:38:11,158 [INFO] Ep 029/100 | train_loss=0.4912 | val_loss=0.4736 | avg_f1=0.9071 | lr=2.80e-04 | 223s
2026-04-06 19:38:11,158 [INFO]   [octmnist] acc=0.9414 f1=0.9071
2026-04-06 19:38:11,158 [INFO]   [sigma] octmnist: 0.9983
2026-04-06 19:41:55,971 [INFO] Ep 030/100 | train_loss=0.4855 | val_loss=0.4378 | avg_f1=0.9276 | lr=2.78e-04 | 224s
2026-04-06 19:41:55,971 [INFO]   [octmnist] acc=0.9565 f1=0.9276
2026-04-06 19:41:55,972 [INFO]   [sigma] octmnist: 0.9942
2026-04-06 19:45:39,849 [INFO] Ep 031/100 | train_loss=0.4840 | val_loss=0.4329 | avg_f1=0.9337 | lr=2.75e-04 | 223s
2026-04-06 19:45:39,849 [INFO]   [octmnist] acc=0.9602 f1=0.9337
2026-04-06 19:45:39,849 [INFO]   [sigma] octmnist: 0.9910
2026-04-06 19:45:39,850 [INFO]   >> New best avg_f1=0.9337
2026-04-06 19:49:25,296 [INFO] Ep 032/100 | train_loss=0.4834 | val_loss=0.4433 | avg_f1=0.9220 | lr=2.71e-04 | 224s
2026-04-06 19:49:25,296 [INFO]   [octmnist] acc=0.9528 f1=0.9220
2026-04-06 19:49:25,296 [INFO]   [sigma] octmnist: 0.9886
2026-04-06 19:53:10,095 [INFO] Ep 033/100 | train_loss=0.4799 | val_loss=0.4348 | avg_f1=0.9323 | lr=2.68e-04 | 224s
2026-04-06 19:53:10,095 [INFO]   [octmnist] acc=0.9589 f1=0.9323
2026-04-06 19:53:10,095 [INFO]   [sigma] octmnist: 0.9859
2026-04-06 19:56:55,960 [INFO] Ep 034/100 | train_loss=0.4771 | val_loss=0.4516 | avg_f1=0.9196 | lr=2.65e-04 | 225s
2026-04-06 19:56:55,960 [INFO]   [octmnist] acc=0.9500 f1=0.9196
2026-04-06 19:56:55,960 [INFO]   [sigma] octmnist: 0.9831
2026-04-06 20:00:41,174 [INFO] Ep 035/100 | train_loss=0.4772 | val_loss=0.4299 | avg_f1=0.9328 | lr=2.61e-04 | 225s
2026-04-06 20:00:41,175 [INFO]   [octmnist] acc=0.9597 f1=0.9328
2026-04-06 20:00:41,175 [INFO]   [sigma] octmnist: 0.9812
2026-04-06 20:04:27,693 [INFO] Ep 036/100 | train_loss=0.4702 | val_loss=0.4326 | avg_f1=0.9294 | lr=2.57e-04 | 226s
2026-04-06 20:04:27,694 [INFO]   [octmnist] acc=0.9576 f1=0.9294
2026-04-06 20:04:27,694 [INFO]   [sigma] octmnist: 0.9779
2026-04-06 20:08:12,682 [INFO] Ep 037/100 | train_loss=0.4696 | val_loss=0.4219 | avg_f1=0.9393 | lr=2.53e-04 | 224s
2026-04-06 20:08:12,682 [INFO]   [octmnist] acc=0.9643 f1=0.9393
2026-04-06 20:08:12,682 [INFO]   [sigma] octmnist: 0.9756
2026-04-06 20:08:12,683 [INFO]   >> New best avg_f1=0.9393
2026-04-06 20:11:59,211 [INFO] Ep 038/100 | train_loss=0.4688 | val_loss=0.4273 | avg_f1=0.9361 | lr=2.49e-04 | 225s
2026-04-06 20:11:59,211 [INFO]   [octmnist] acc=0.9618 f1=0.9361
2026-04-06 20:11:59,212 [INFO]   [sigma] octmnist: 0.9735
2026-04-06 20:15:45,301 [INFO] Ep 039/100 | train_loss=0.4627 | val_loss=0.4178 | avg_f1=0.9437 | lr=2.45e-04 | 225s
2026-04-06 20:15:45,301 [INFO]   [octmnist] acc=0.9665 f1=0.9437
2026-04-06 20:15:45,301 [INFO]   [sigma] octmnist: 0.9704
2026-04-06 20:15:45,302 [INFO]   >> New best avg_f1=0.9437
2026-04-06 20:19:32,355 [INFO] Ep 040/100 | train_loss=0.4635 | val_loss=0.4251 | avg_f1=0.9358 | lr=2.41e-04 | 226s
2026-04-06 20:19:32,355 [INFO]   [octmnist] acc=0.9617 f1=0.9358
2026-04-06 20:19:32,356 [INFO]   [sigma] octmnist: 0.9686
2026-04-06 20:23:19,457 [INFO] Ep 041/100 | train_loss=0.4606 | val_loss=0.4495 | avg_f1=0.9195 | lr=2.36e-04 | 226s
2026-04-06 20:23:19,457 [INFO]   [octmnist] acc=0.9501 f1=0.9195
2026-04-06 20:23:19,457 [INFO]   [sigma] octmnist: 0.9665
2026-04-06 20:27:05,165 [INFO] Ep 042/100 | train_loss=0.4558 | val_loss=0.4509 | avg_f1=0.9190 | lr=2.32e-04 | 225s
2026-04-06 20:27:05,165 [INFO]   [octmnist] acc=0.9496 f1=0.9190
2026-04-06 20:27:05,166 [INFO]   [sigma] octmnist: 0.9636
2026-04-06 20:30:51,056 [INFO] Ep 043/100 | train_loss=0.4574 | val_loss=0.4336 | avg_f1=0.9295 | lr=2.27e-04 | 225s
2026-04-06 20:30:51,056 [INFO]   [octmnist] acc=0.9575 f1=0.9295
2026-04-06 20:30:51,056 [INFO]   [sigma] octmnist: 0.9619
2026-04-06 20:34:36,927 [INFO] Ep 044/100 | train_loss=0.4569 | val_loss=0.4152 | avg_f1=0.9438 | lr=2.22e-04 | 225s
2026-04-06 20:34:36,927 [INFO]   [octmnist] acc=0.9665 f1=0.9438
2026-04-06 20:34:36,927 [INFO]   [sigma] octmnist: 0.9608
2026-04-06 20:34:36,928 [INFO]   >> New best avg_f1=0.9438
2026-04-06 20:38:23,955 [INFO] Ep 045/100 | train_loss=0.4521 | val_loss=0.4285 | avg_f1=0.9335 | lr=2.17e-04 | 226s
2026-04-06 20:38:23,955 [INFO]   [octmnist] acc=0.9599 f1=0.9335
2026-04-06 20:38:23,956 [INFO]   [sigma] octmnist: 0.9586
2026-04-06 20:42:10,760 [INFO] Ep 046/100 | train_loss=0.4485 | val_loss=0.4121 | avg_f1=0.9459 | lr=2.12e-04 | 226s
2026-04-06 20:42:10,760 [INFO]   [octmnist] acc=0.9681 f1=0.9459
2026-04-06 20:42:10,760 [INFO]   [sigma] octmnist: 0.9561
2026-04-06 20:42:10,761 [INFO]   >> New best avg_f1=0.9459
2026-04-06 20:45:57,890 [INFO] Ep 047/100 | train_loss=0.4499 | val_loss=0.4135 | avg_f1=0.9441 | lr=2.07e-04 | 226s
2026-04-06 20:45:57,890 [INFO]   [octmnist] acc=0.9665 f1=0.9441
2026-04-06 20:45:57,890 [INFO]   [sigma] octmnist: 0.9547
2026-04-06 20:49:42,537 [INFO] Ep 048/100 | train_loss=0.4478 | val_loss=0.4256 | avg_f1=0.9364 | lr=2.02e-04 | 224s
2026-04-06 20:49:42,538 [INFO]   [octmnist] acc=0.9619 f1=0.9364
2026-04-06 20:49:42,538 [INFO]   [sigma] octmnist: 0.9532
2026-04-06 20:53:29,304 [INFO] Ep 049/100 | train_loss=0.4436 | val_loss=0.4148 | avg_f1=0.9439 | lr=1.97e-04 | 226s
2026-04-06 20:53:29,304 [INFO]   [octmnist] acc=0.9665 f1=0.9439
2026-04-06 20:53:29,304 [INFO]   [sigma] octmnist: 0.9512
2026-04-06 20:57:16,261 [INFO] Ep 050/100 | train_loss=0.4433 | val_loss=0.4188 | avg_f1=0.9380 | lr=1.91e-04 | 226s
2026-04-06 20:57:16,261 [INFO]   [octmnist] acc=0.9624 f1=0.9380
2026-04-06 20:57:16,261 [INFO]   [sigma] octmnist: 0.9495
2026-04-06 21:01:02,860 [INFO] Ep 051/100 | train_loss=0.4394 | val_loss=0.4064 | avg_f1=0.9469 | lr=1.86e-04 | 226s
2026-04-06 21:01:02,860 [INFO]   [octmnist] acc=0.9686 f1=0.9469
2026-04-06 21:01:02,860 [INFO]   [sigma] octmnist: 0.9474
2026-04-06 21:01:02,861 [INFO]   >> New best avg_f1=0.9469
2026-04-06 21:04:49,932 [INFO] Ep 052/100 | train_loss=0.4426 | val_loss=0.4122 | avg_f1=0.9458 | lr=1.81e-04 | 226s
2026-04-06 21:04:49,932 [INFO]   [octmnist] acc=0.9678 f1=0.9458
2026-04-06 21:04:49,932 [INFO]   [sigma] octmnist: 0.9465
2026-04-06 21:08:36,869 [INFO] Ep 053/100 | train_loss=0.4379 | val_loss=0.4199 | avg_f1=0.9413 | lr=1.75e-04 | 226s
2026-04-06 21:08:36,869 [INFO]   [octmnist] acc=0.9642 f1=0.9413
2026-04-06 21:08:36,869 [INFO]   [sigma] octmnist: 0.9449
2026-04-06 21:12:22,415 [INFO] Ep 054/100 | train_loss=0.4373 | val_loss=0.4143 | avg_f1=0.9441 | lr=1.70e-04 | 225s
2026-04-06 21:12:22,416 [INFO]   [octmnist] acc=0.9661 f1=0.9441
2026-04-06 21:12:22,416 [INFO]   [sigma] octmnist: 0.9434
2026-04-06 21:16:09,007 [INFO] Ep 055/100 | train_loss=0.4333 | val_loss=0.4106 | avg_f1=0.9466 | lr=1.64e-04 | 226s
2026-04-06 21:16:09,007 [INFO]   [octmnist] acc=0.9682 f1=0.9466
2026-04-06 21:16:09,007 [INFO]   [sigma] octmnist: 0.9417
2026-04-06 21:19:55,126 [INFO] Ep 056/100 | train_loss=0.4324 | val_loss=0.4054 | avg_f1=0.9502 | lr=1.59e-04 | 225s
2026-04-06 21:19:55,126 [INFO]   [octmnist] acc=0.9702 f1=0.9502
2026-04-06 21:19:55,126 [INFO]   [sigma] octmnist: 0.9401
2026-04-06 21:19:55,127 [INFO]   >> New best avg_f1=0.9502
2026-04-06 21:23:41,523 [INFO] Ep 057/100 | train_loss=0.4304 | val_loss=0.4173 | avg_f1=0.9425 | lr=1.53e-04 | 225s
2026-04-06 21:23:41,523 [INFO]   [octmnist] acc=0.9653 f1=0.9425
2026-04-06 21:23:41,523 [INFO]   [sigma] octmnist: 0.9385
2026-04-06 21:27:27,695 [INFO] Ep 058/100 | train_loss=0.4290 | val_loss=0.4062 | avg_f1=0.9500 | lr=1.48e-04 | 226s
2026-04-06 21:27:27,695 [INFO]   [octmnist] acc=0.9702 f1=0.9500
2026-04-06 21:27:27,696 [INFO]   [sigma] octmnist: 0.9370
2026-04-06 21:31:15,083 [INFO] Ep 059/100 | train_loss=0.4279 | val_loss=0.4086 | avg_f1=0.9486 | lr=1.42e-04 | 227s
2026-04-06 21:31:15,083 [INFO]   [octmnist] acc=0.9693 f1=0.9486
2026-04-06 21:31:15,083 [INFO]   [sigma] octmnist: 0.9357
2026-04-06 21:35:01,648 [INFO] Ep 060/100 | train_loss=0.4282 | val_loss=0.4060 | avg_f1=0.9476 | lr=1.37e-04 | 226s
2026-04-06 21:35:01,648 [INFO]   [octmnist] acc=0.9688 f1=0.9476
2026-04-06 21:35:01,648 [INFO]   [sigma] octmnist: 0.9347
2026-04-06 21:38:48,387 [INFO] Ep 061/100 | train_loss=0.4249 | val_loss=0.4117 | avg_f1=0.9454 | lr=1.31e-04 | 226s
2026-04-06 21:38:48,387 [INFO]   [octmnist] acc=0.9671 f1=0.9454
2026-04-06 21:38:48,387 [INFO]   [sigma] octmnist: 0.9334
2026-04-06 21:42:35,568 [INFO] Ep 062/100 | train_loss=0.4245 | val_loss=0.4086 | avg_f1=0.9480 | lr=1.26e-04 | 227s
2026-04-06 21:42:35,569 [INFO]   [octmnist] acc=0.9685 f1=0.9480
2026-04-06 21:42:35,569 [INFO]   [sigma] octmnist: 0.9323
2026-04-06 21:46:22,672 [INFO] Ep 063/100 | train_loss=0.4202 | val_loss=0.4011 | avg_f1=0.9525 | lr=1.20e-04 | 226s
2026-04-06 21:46:22,672 [INFO]   [octmnist] acc=0.9720 f1=0.9525
2026-04-06 21:46:22,672 [INFO]   [sigma] octmnist: 0.9308
2026-04-06 21:46:22,673 [INFO]   >> New best avg_f1=0.9525
2026-04-06 21:50:09,771 [INFO] Ep 064/100 | train_loss=0.4215 | val_loss=0.4045 | avg_f1=0.9495 | lr=1.15e-04 | 226s
2026-04-06 21:50:09,771 [INFO]   [octmnist] acc=0.9703 f1=0.9495
2026-04-06 21:50:09,772 [INFO]   [sigma] octmnist: 0.9297
2026-04-06 21:53:55,188 [INFO] Ep 065/100 | train_loss=0.4183 | val_loss=0.4028 | avg_f1=0.9505 | lr=1.10e-04 | 225s
2026-04-06 21:53:55,188 [INFO]   [octmnist] acc=0.9704 f1=0.9505
2026-04-06 21:53:55,188 [INFO]   [sigma] octmnist: 0.9284
2026-04-06 21:57:42,407 [INFO] Ep 066/100 | train_loss=0.4168 | val_loss=0.3999 | avg_f1=0.9515 | lr=1.04e-04 | 226s
2026-04-06 21:57:42,408 [INFO]   [octmnist] acc=0.9712 f1=0.9515
2026-04-06 21:57:42,408 [INFO]   [sigma] octmnist: 0.9271
2026-04-06 22:01:29,698 [INFO] Ep 067/100 | train_loss=0.4158 | val_loss=0.4018 | avg_f1=0.9497 | lr=9.91e-05 | 227s
2026-04-06 22:01:29,698 [INFO]   [octmnist] acc=0.9701 f1=0.9497
2026-04-06 22:01:29,698 [INFO]   [sigma] octmnist: 0.9259
2026-04-06 22:05:16,773 [INFO] Ep 068/100 | train_loss=0.4149 | val_loss=0.4020 | avg_f1=0.9523 | lr=9.39e-05 | 226s
2026-04-06 22:05:16,773 [INFO]   [octmnist] acc=0.9714 f1=0.9523
2026-04-06 22:05:16,773 [INFO]   [sigma] octmnist: 0.9249
2026-04-06 22:09:03,201 [INFO] Ep 069/100 | train_loss=0.4130 | val_loss=0.4002 | avg_f1=0.9530 | lr=8.89e-05 | 226s
2026-04-06 22:09:03,201 [INFO]   [octmnist] acc=0.9721 f1=0.9530
2026-04-06 22:09:03,202 [INFO]   [sigma] octmnist: 0.9237
2026-04-06 22:09:03,202 [INFO]   >> New best avg_f1=0.9530
2026-04-06 22:12:50,264 [INFO] Ep 070/100 | train_loss=0.4112 | val_loss=0.3983 | avg_f1=0.9563 | lr=8.39e-05 | 226s
2026-04-06 22:12:50,264 [INFO]   [octmnist] acc=0.9739 f1=0.9563
2026-04-06 22:12:50,264 [INFO]   [sigma] octmnist: 0.9226
2026-04-06 22:12:50,265 [INFO]   >> New best avg_f1=0.9563
2026-04-06 22:16:35,439 [INFO] Ep 071/100 | train_loss=0.4111 | val_loss=0.3970 | avg_f1=0.9555 | lr=7.90e-05 | 224s
2026-04-06 22:16:35,439 [INFO]   [octmnist] acc=0.9736 f1=0.9555
2026-04-06 22:16:35,439 [INFO]   [sigma] octmnist: 0.9216
2026-04-06 22:20:22,020 [INFO] Ep 072/100 | train_loss=0.4102 | val_loss=0.4003 | avg_f1=0.9511 | lr=7.42e-05 | 226s
2026-04-06 22:20:22,020 [INFO]   [octmnist] acc=0.9707 f1=0.9511
2026-04-06 22:20:22,020 [INFO]   [sigma] octmnist: 0.9207
2026-04-06 22:24:08,991 [INFO] Ep 073/100 | train_loss=0.4087 | val_loss=0.3999 | avg_f1=0.9534 | lr=6.95e-05 | 226s
2026-04-06 22:24:08,991 [INFO]   [octmnist] acc=0.9723 f1=0.9534
2026-04-06 22:24:08,991 [INFO]   [sigma] octmnist: 0.9198
2026-04-06 22:27:55,722 [INFO] Ep 074/100 | train_loss=0.4070 | val_loss=0.4026 | avg_f1=0.9528 | lr=6.49e-05 | 226s
2026-04-06 22:27:55,722 [INFO]   [octmnist] acc=0.9717 f1=0.9528
2026-04-06 22:27:55,722 [INFO]   [sigma] octmnist: 0.9189
2026-04-06 22:31:42,179 [INFO] Ep 075/100 | train_loss=0.4046 | val_loss=0.3981 | avg_f1=0.9531 | lr=6.04e-05 | 226s
2026-04-06 22:31:42,179 [INFO]   [octmnist] acc=0.9720 f1=0.9531
2026-04-06 22:31:42,180 [INFO]   [sigma] octmnist: 0.9179
2026-04-06 22:35:27,811 [INFO] Ep 076/100 | train_loss=0.4025 | val_loss=0.3955 | avg_f1=0.9562 | lr=5.61e-05 | 225s
2026-04-06 22:35:27,812 [INFO]   [octmnist] acc=0.9740 f1=0.9562
2026-04-06 22:35:27,812 [INFO]   [sigma] octmnist: 0.9169
2026-04-06 22:39:13,389 [INFO] Ep 077/100 | train_loss=0.4012 | val_loss=0.3977 | avg_f1=0.9564 | lr=5.18e-05 | 225s
2026-04-06 22:39:13,389 [INFO]   [octmnist] acc=0.9742 f1=0.9564
2026-04-06 22:39:13,390 [INFO]   [sigma] octmnist: 0.9160
2026-04-06 22:39:13,390 [INFO]   >> New best avg_f1=0.9564
2026-04-06 22:43:01,319 [INFO] Ep 078/100 | train_loss=0.4004 | val_loss=0.3925 | avg_f1=0.9561 | lr=4.78e-05 | 226s
2026-04-06 22:43:01,319 [INFO]   [octmnist] acc=0.9741 f1=0.9561
2026-04-06 22:43:01,319 [INFO]   [sigma] octmnist: 0.9152
2026-04-06 22:46:48,596 [INFO] Ep 079/100 | train_loss=0.3986 | val_loss=0.3980 | avg_f1=0.9528 | lr=4.38e-05 | 227s
2026-04-06 22:46:48,596 [INFO]   [octmnist] acc=0.9720 f1=0.9528
2026-04-06 22:46:48,597 [INFO]   [sigma] octmnist: 0.9144
2026-04-06 22:50:36,231 [INFO] Ep 080/100 | train_loss=0.3976 | val_loss=0.3932 | avg_f1=0.9561 | lr=4.00e-05 | 227s
2026-04-06 22:50:36,231 [INFO]   [octmnist] acc=0.9742 f1=0.9561
2026-04-06 22:50:36,231 [INFO]   [sigma] octmnist: 0.9136
2026-04-06 22:54:22,791 [INFO] Ep 081/100 | train_loss=0.3982 | val_loss=0.3965 | avg_f1=0.9555 | lr=3.64e-05 | 226s
2026-04-06 22:54:22,791 [INFO]   [octmnist] acc=0.9735 f1=0.9555
2026-04-06 22:54:22,791 [INFO]   [sigma] octmnist: 0.9129
2026-04-06 22:58:08,400 [INFO] Ep 082/100 | train_loss=0.4000 | val_loss=0.3939 | avg_f1=0.9570 | lr=3.29e-05 | 225s
2026-04-06 22:58:08,400 [INFO]   [octmnist] acc=0.9747 f1=0.9570
2026-04-06 22:58:08,401 [INFO]   [sigma] octmnist: 0.9125
2026-04-06 22:58:08,401 [INFO]   >> New best avg_f1=0.9570
2026-04-06 23:01:54,780 [INFO] Ep 083/100 | train_loss=0.3941 | val_loss=0.3947 | avg_f1=0.9571 | lr=2.96e-05 | 225s
2026-04-06 23:01:54,780 [INFO]   [octmnist] acc=0.9746 f1=0.9571
2026-04-06 23:01:54,781 [INFO]   [sigma] octmnist: 0.9118
2026-04-06 23:01:54,781 [INFO]   >> New best avg_f1=0.9571
2026-04-06 23:05:41,839 [INFO] Ep 084/100 | train_loss=0.3973 | val_loss=0.3922 | avg_f1=0.9579 | lr=2.64e-05 | 226s
2026-04-06 23:05:41,839 [INFO]   [octmnist] acc=0.9750 f1=0.9579
2026-04-06 23:05:41,840 [INFO]   [sigma] octmnist: 0.9114
2026-04-06 23:05:41,840 [INFO]   >> New best avg_f1=0.9579
2026-04-06 23:09:29,479 [INFO] Ep 085/100 | train_loss=0.3958 | val_loss=0.3896 | avg_f1=0.9600 | lr=2.34e-05 | 226s
2026-04-06 23:09:29,479 [INFO]   [octmnist] acc=0.9766 f1=0.9600
2026-04-06 23:09:29,479 [INFO]   [sigma] octmnist: 0.9109
2026-04-06 23:09:29,480 [INFO]   >> New best avg_f1=0.9600
2026-04-06 23:13:17,658 [INFO] Ep 086/100 | train_loss=0.3944 | val_loss=0.3928 | avg_f1=0.9582 | lr=2.06e-05 | 227s
2026-04-06 23:13:17,658 [INFO]   [octmnist] acc=0.9754 f1=0.9582
2026-04-06 23:13:17,659 [INFO]   [sigma] octmnist: 0.9105
2026-04-06 23:17:05,056 [INFO] Ep 087/100 | train_loss=0.3921 | val_loss=0.3917 | avg_f1=0.9604 | lr=1.79e-05 | 227s
2026-04-06 23:17:05,056 [INFO]   [octmnist] acc=0.9766 f1=0.9604
2026-04-06 23:17:05,056 [INFO]   [sigma] octmnist: 0.9101
2026-04-06 23:17:05,057 [INFO]   >> New best avg_f1=0.9604
2026-04-06 23:20:51,027 [INFO] Ep 088/100 | train_loss=0.3933 | val_loss=0.3945 | avg_f1=0.9560 | lr=1.55e-05 | 225s
2026-04-06 23:20:51,027 [INFO]   [octmnist] acc=0.9737 f1=0.9560
2026-04-06 23:20:51,027 [INFO]   [sigma] octmnist: 0.9098
2026-04-06 23:24:38,202 [INFO] Ep 089/100 | train_loss=0.3916 | val_loss=0.3910 | avg_f1=0.9587 | lr=1.32e-05 | 226s
2026-04-06 23:24:38,202 [INFO]   [octmnist] acc=0.9756 f1=0.9587
2026-04-06 23:24:38,202 [INFO]   [sigma] octmnist: 0.9095
2026-04-06 23:28:25,251 [INFO] Ep 090/100 | train_loss=0.3912 | val_loss=0.3932 | avg_f1=0.9583 | lr=1.11e-05 | 226s
2026-04-06 23:28:25,251 [INFO]   [octmnist] acc=0.9754 f1=0.9583
2026-04-06 23:28:25,251 [INFO]   [sigma] octmnist: 0.9093
2026-04-06 23:32:12,400 [INFO] Ep 091/100 | train_loss=0.3912 | val_loss=0.3916 | avg_f1=0.9601 | lr=9.20e-06 | 226s
2026-04-06 23:32:12,400 [INFO]   [octmnist] acc=0.9765 f1=0.9601
2026-04-06 23:32:12,400 [INFO]   [sigma] octmnist: 0.9091
2026-04-06 23:35:59,486 [INFO] Ep 092/100 | train_loss=0.3919 | val_loss=0.3916 | avg_f1=0.9595 | lr=7.49e-06 | 226s
2026-04-06 23:35:59,486 [INFO]   [octmnist] acc=0.9759 f1=0.9595
2026-04-06 23:35:59,486 [INFO]   [sigma] octmnist: 0.9089
2026-04-06 23:39:45,963 [INFO] Ep 093/100 | train_loss=0.3915 | val_loss=0.3926 | avg_f1=0.9581 | lr=5.98e-06 | 226s
2026-04-06 23:39:45,963 [INFO]   [octmnist] acc=0.9752 f1=0.9581
2026-04-06 23:39:45,963 [INFO]   [sigma] octmnist: 0.9088
2026-04-06 23:43:23,775 [INFO] Ep 094/100 | train_loss=0.3906 | val_loss=0.3918 | avg_f1=0.9598 | lr=4.66e-06 | 217s
2026-04-06 23:43:23,775 [INFO]   [octmnist] acc=0.9763 f1=0.9598
2026-04-06 23:43:23,775 [INFO]   [sigma] octmnist: 0.9086
2026-04-06 23:47:00,586 [INFO] Ep 095/100 | train_loss=0.3900 | val_loss=0.3918 | avg_f1=0.9590 | lr=3.55e-06 | 216s
2026-04-06 23:47:00,586 [INFO]   [octmnist] acc=0.9756 f1=0.9590
2026-04-06 23:47:00,587 [INFO]   [sigma] octmnist: 0.9086
2026-04-06 23:50:43,709 [INFO] Ep 096/100 | train_loss=0.3904 | val_loss=0.3920 | avg_f1=0.9590 | lr=2.63e-06 | 222s
2026-04-06 23:50:43,709 [INFO]   [octmnist] acc=0.9756 f1=0.9590
2026-04-06 23:50:43,709 [INFO]   [sigma] octmnist: 0.9085
2026-04-06 23:54:30,087 [INFO] Ep 097/100 | train_loss=0.3907 | val_loss=0.3907 | avg_f1=0.9600 | lr=1.92e-06 | 226s
2026-04-06 23:54:30,087 [INFO]   [octmnist] acc=0.9764 f1=0.9600
2026-04-06 23:54:30,087 [INFO]   [sigma] octmnist: 0.9084
2026-04-06 23:58:15,826 [INFO] Ep 098/100 | train_loss=0.3893 | val_loss=0.3908 | avg_f1=0.9598 | lr=1.41e-06 | 225s
2026-04-06 23:58:15,826 [INFO]   [octmnist] acc=0.9762 f1=0.9598
2026-04-06 23:58:15,826 [INFO]   [sigma] octmnist: 0.9084
2026-04-07 00:02:02,467 [INFO] Ep 099/100 | train_loss=0.3893 | val_loss=0.3910 | avg_f1=0.9597 | lr=1.10e-06 | 226s
2026-04-07 00:02:02,467 [INFO]   [octmnist] acc=0.9761 f1=0.9597
2026-04-07 00:02:02,467 [INFO]   [sigma] octmnist: 0.9084
2026-04-07 00:05:48,740 [INFO] Ep 100/100 | train_loss=0.3919 | val_loss=0.3910 | avg_f1=0.9600 | lr=1.00e-06 | 226s
2026-04-07 00:05:48,741 [INFO]   [octmnist] acc=0.9763 f1=0.9600
2026-04-07 00:05:48,741 [INFO]   [sigma] octmnist: 0.9084
2026-04-07 00:05:49,411 [INFO] Training complete.
2026-04-07 00:05:49,412 [INFO] Loading checkpoint: runs/medical_mamba/checkpoint_best.pt
2026-04-07 00:05:49,701 [INFO] Resumed from epoch 87
2026-04-07 00:05:52,685 [INFO] 
=== TEST RESULTS ===
2026-04-07 00:05:52,686 [INFO]   [octmnist] acc=0.9320 f1=0.9314
