2026-03-22 11:11:58,739 [INFO] Building VMamba-tiny | patch=16
2026-03-22 11:11:59,425 [INFO] Parameters: 49.5M | Tasks: ['octmnist']
2026-03-22 11:11:59,428 [INFO] ================================================================
2026-03-22 11:11:59,428 [INFO] MedicalVMamba-tiny | tasks=['octmnist'] | device=cuda:0 | AMP=True
2026-03-22 11:11:59,428 [INFO] ================================================================
2026-03-22 11:13:20,717 [INFO] Ep 001/100 | train_loss=1.3100 | val_loss=1.1617 | avg_f1=0.4700 | lr=4.00e-05 | 81s
2026-03-22 11:13:20,717 [INFO]   [octmnist] acc=0.5249 f1=0.4700
2026-03-22 11:13:20,717 [INFO]   [sigma] octmnist: 1.0007
2026-03-22 11:13:20,719 [INFO]   >> New best avg_f1=0.4700
2026-03-22 11:14:39,901 [INFO] Ep 002/100 | train_loss=1.1907 | val_loss=1.1097 | avg_f1=0.4894 | lr=6.00e-05 | 78s
2026-03-22 11:14:39,901 [INFO]   [octmnist] acc=0.5301 f1=0.4894
2026-03-22 11:14:39,901 [INFO]   [sigma] octmnist: 1.0021
2026-03-22 11:14:39,902 [INFO]   >> New best avg_f1=0.4894
2026-03-22 11:16:00,074 [INFO] Ep 003/100 | train_loss=1.1161 | val_loss=0.9899 | avg_f1=0.5636 | lr=8.00e-05 | 79s
2026-03-22 11:16:00,074 [INFO]   [octmnist] acc=0.6226 f1=0.5636
2026-03-22 11:16:00,074 [INFO]   [sigma] octmnist: 1.0043
2026-03-22 11:16:00,075 [INFO]   >> New best avg_f1=0.5636
2026-03-22 11:17:21,183 [INFO] Ep 004/100 | train_loss=1.0578 | val_loss=0.9403 | avg_f1=0.5788 | lr=1.00e-04 | 80s
2026-03-22 11:17:21,184 [INFO]   [octmnist] acc=0.7039 f1=0.5788
2026-03-22 11:17:21,184 [INFO]   [sigma] octmnist: 1.0071
2026-03-22 11:17:21,184 [INFO]   >> New best avg_f1=0.5788
2026-03-22 11:18:42,216 [INFO] Ep 005/100 | train_loss=1.0080 | val_loss=0.8415 | avg_f1=0.6442 | lr=1.20e-04 | 80s
2026-03-22 11:18:42,216 [INFO]   [octmnist] acc=0.7408 f1=0.6442
2026-03-22 11:18:42,216 [INFO]   [sigma] octmnist: 1.0107
2026-03-22 11:18:42,217 [INFO]   >> New best avg_f1=0.6442
2026-03-22 11:20:03,735 [INFO] Ep 006/100 | train_loss=0.9603 | val_loss=0.8249 | avg_f1=0.6695 | lr=1.40e-04 | 80s
2026-03-22 11:20:03,735 [INFO]   [octmnist] acc=0.7545 f1=0.6695
2026-03-22 11:20:03,736 [INFO]   [sigma] octmnist: 1.0150
2026-03-22 11:20:03,736 [INFO]   >> New best avg_f1=0.6695
2026-03-22 11:21:24,862 [INFO] Ep 007/100 | train_loss=0.9118 | val_loss=0.6932 | avg_f1=0.7205 | lr=1.60e-04 | 80s
2026-03-22 11:21:24,862 [INFO]   [octmnist] acc=0.8244 f1=0.7205
2026-03-22 11:21:24,863 [INFO]   [sigma] octmnist: 1.0200
2026-03-22 11:21:24,863 [INFO]   >> New best avg_f1=0.7205
2026-03-22 11:22:46,837 [INFO] Ep 008/100 | train_loss=0.8541 | val_loss=0.7628 | avg_f1=0.7114 | lr=1.80e-04 | 81s
2026-03-22 11:22:46,837 [INFO]   [octmnist] acc=0.7837 f1=0.7114
2026-03-22 11:22:46,837 [INFO]   [sigma] octmnist: 1.0252
2026-03-22 11:24:08,011 [INFO] Ep 009/100 | train_loss=0.8108 | val_loss=0.6847 | avg_f1=0.7548 | lr=2.00e-04 | 81s
2026-03-22 11:24:08,011 [INFO]   [octmnist] acc=0.8250 f1=0.7548
2026-03-22 11:24:08,011 [INFO]   [sigma] octmnist: 1.0308
2026-03-22 11:24:08,011 [INFO]   >> New best avg_f1=0.7548
2026-03-22 11:25:29,976 [INFO] Ep 010/100 | train_loss=0.7787 | val_loss=0.6212 | avg_f1=0.7970 | lr=2.20e-04 | 81s
2026-03-22 11:25:29,976 [INFO]   [octmnist] acc=0.8720 f1=0.7970
2026-03-22 11:25:29,976 [INFO]   [sigma] octmnist: 1.0371
2026-03-22 11:25:29,977 [INFO]   >> New best avg_f1=0.7970
2026-03-22 11:26:51,515 [INFO] Ep 011/100 | train_loss=0.7440 | val_loss=0.6154 | avg_f1=0.7867 | lr=2.40e-04 | 80s
2026-03-22 11:26:51,515 [INFO]   [octmnist] acc=0.8597 f1=0.7867
2026-03-22 11:26:51,515 [INFO]   [sigma] octmnist: 1.0437
2026-03-22 11:28:13,170 [INFO] Ep 012/100 | train_loss=0.7201 | val_loss=0.6795 | avg_f1=0.7646 | lr=2.60e-04 | 81s
2026-03-22 11:28:13,170 [INFO]   [octmnist] acc=0.8173 f1=0.7646
2026-03-22 11:28:13,170 [INFO]   [sigma] octmnist: 1.0508
2026-03-22 11:29:34,582 [INFO] Ep 013/100 | train_loss=0.6949 | val_loss=0.5789 | avg_f1=0.8270 | lr=2.80e-04 | 81s
2026-03-22 11:29:34,582 [INFO]   [octmnist] acc=0.8871 f1=0.8270
2026-03-22 11:29:34,582 [INFO]   [sigma] octmnist: 1.0582
2026-03-22 11:29:34,583 [INFO]   >> New best avg_f1=0.8270
2026-03-22 11:30:56,814 [INFO] Ep 014/100 | train_loss=0.6758 | val_loss=0.5928 | avg_f1=0.8109 | lr=3.00e-04 | 81s
2026-03-22 11:30:56,814 [INFO]   [octmnist] acc=0.8737 f1=0.8109
2026-03-22 11:30:56,814 [INFO]   [sigma] octmnist: 1.0662
2026-03-22 11:32:18,444 [INFO] Ep 015/100 | train_loss=0.6559 | val_loss=0.5432 | avg_f1=0.8475 | lr=3.00e-04 | 81s
2026-03-22 11:32:18,444 [INFO]   [octmnist] acc=0.9059 f1=0.8475
2026-03-22 11:32:18,444 [INFO]   [sigma] octmnist: 1.0739
2026-03-22 11:32:18,444 [INFO]   >> New best avg_f1=0.8475
2026-03-22 11:33:40,421 [INFO] Ep 016/100 | train_loss=0.6412 | val_loss=0.5796 | avg_f1=0.8238 | lr=3.00e-04 | 81s
2026-03-22 11:33:40,421 [INFO]   [octmnist] acc=0.8842 f1=0.8238
2026-03-22 11:33:40,421 [INFO]   [sigma] octmnist: 1.0807
2026-03-22 11:35:02,058 [INFO] Ep 017/100 | train_loss=0.6309 | val_loss=0.5411 | avg_f1=0.8564 | lr=3.00e-04 | 81s
2026-03-22 11:35:02,059 [INFO]   [octmnist] acc=0.9088 f1=0.8564
2026-03-22 11:35:02,059 [INFO]   [sigma] octmnist: 1.0871
2026-03-22 11:35:02,059 [INFO]   >> New best avg_f1=0.8564
2026-03-22 11:36:24,616 [INFO] Ep 018/100 | train_loss=0.6164 | val_loss=0.5269 | avg_f1=0.8666 | lr=2.99e-04 | 81s
2026-03-22 11:36:24,617 [INFO]   [octmnist] acc=0.9188 f1=0.8666
2026-03-22 11:36:24,617 [INFO]   [sigma] octmnist: 1.0918
2026-03-22 11:36:24,617 [INFO]   >> New best avg_f1=0.8666
2026-03-22 11:37:46,359 [INFO] Ep 019/100 | train_loss=0.6054 | val_loss=0.5514 | avg_f1=0.8505 | lr=2.98e-04 | 81s
2026-03-22 11:37:46,359 [INFO]   [octmnist] acc=0.9037 f1=0.8505
2026-03-22 11:37:46,359 [INFO]   [sigma] octmnist: 1.0947
2026-03-22 11:39:07,599 [INFO] Ep 020/100 | train_loss=0.5976 | val_loss=0.5432 | avg_f1=0.8547 | lr=2.97e-04 | 81s
2026-03-22 11:39:07,599 [INFO]   [octmnist] acc=0.9069 f1=0.8547
2026-03-22 11:39:07,599 [INFO]   [sigma] octmnist: 1.0959
2026-03-22 11:40:29,295 [INFO] Ep 021/100 | train_loss=0.5906 | val_loss=0.4993 | avg_f1=0.8805 | lr=2.96e-04 | 81s
2026-03-22 11:40:29,295 [INFO]   [octmnist] acc=0.9300 f1=0.8805
2026-03-22 11:40:29,295 [INFO]   [sigma] octmnist: 1.0955
2026-03-22 11:40:29,296 [INFO]   >> New best avg_f1=0.8805
2026-03-22 11:41:52,379 [INFO] Ep 022/100 | train_loss=0.5844 | val_loss=0.5130 | avg_f1=0.8742 | lr=2.95e-04 | 82s
2026-03-22 11:41:52,379 [INFO]   [octmnist] acc=0.9224 f1=0.8742
2026-03-22 11:41:52,379 [INFO]   [sigma] octmnist: 1.0935
2026-03-22 11:43:14,546 [INFO] Ep 023/100 | train_loss=0.5788 | val_loss=0.5118 | avg_f1=0.8798 | lr=2.94e-04 | 82s
2026-03-22 11:43:14,546 [INFO]   [octmnist] acc=0.9263 f1=0.8798
2026-03-22 11:43:14,546 [INFO]   [sigma] octmnist: 1.0904
2026-03-22 11:44:36,372 [INFO] Ep 024/100 | train_loss=0.5753 | val_loss=0.5074 | avg_f1=0.8858 | lr=2.92e-04 | 81s
2026-03-22 11:44:36,372 [INFO]   [octmnist] acc=0.9297 f1=0.8858
2026-03-22 11:44:36,372 [INFO]   [sigma] octmnist: 1.0869
2026-03-22 11:44:36,373 [INFO]   >> New best avg_f1=0.8858
2026-03-22 11:45:58,099 [INFO] Ep 025/100 | train_loss=0.5674 | val_loss=0.5202 | avg_f1=0.8709 | lr=2.90e-04 | 80s
2026-03-22 11:45:58,099 [INFO]   [octmnist] acc=0.9192 f1=0.8709
2026-03-22 11:45:58,099 [INFO]   [sigma] octmnist: 1.0819
2026-03-22 11:47:19,233 [INFO] Ep 026/100 | train_loss=0.5662 | val_loss=0.4915 | avg_f1=0.8870 | lr=2.88e-04 | 81s
2026-03-22 11:47:19,233 [INFO]   [octmnist] acc=0.9314 f1=0.8870
2026-03-22 11:47:19,233 [INFO]   [sigma] octmnist: 1.0777
2026-03-22 11:47:19,234 [INFO]   >> New best avg_f1=0.8870
2026-03-22 11:48:41,008 [INFO] Ep 027/100 | train_loss=0.5624 | val_loss=0.4989 | avg_f1=0.8911 | lr=2.86e-04 | 81s
2026-03-22 11:48:41,008 [INFO]   [octmnist] acc=0.9324 f1=0.8911
2026-03-22 11:48:41,008 [INFO]   [sigma] octmnist: 1.0736
2026-03-22 11:48:41,009 [INFO]   >> New best avg_f1=0.8911
2026-03-22 11:50:02,716 [INFO] Ep 028/100 | train_loss=0.5570 | val_loss=0.4846 | avg_f1=0.8992 | lr=2.83e-04 | 80s
2026-03-22 11:50:02,716 [INFO]   [octmnist] acc=0.9402 f1=0.8992
2026-03-22 11:50:02,716 [INFO]   [sigma] octmnist: 1.0690
2026-03-22 11:50:02,717 [INFO]   >> New best avg_f1=0.8992
2026-03-22 11:51:25,428 [INFO] Ep 029/100 | train_loss=0.5550 | val_loss=0.4868 | avg_f1=0.8980 | lr=2.80e-04 | 81s
2026-03-22 11:51:25,428 [INFO]   [octmnist] acc=0.9383 f1=0.8980
2026-03-22 11:51:25,428 [INFO]   [sigma] octmnist: 1.0653
2026-03-22 11:52:46,656 [INFO] Ep 030/100 | train_loss=0.5472 | val_loss=0.4847 | avg_f1=0.8966 | lr=2.78e-04 | 81s
2026-03-22 11:52:46,656 [INFO]   [octmnist] acc=0.9375 f1=0.8966
2026-03-22 11:52:46,657 [INFO]   [sigma] octmnist: 1.0602
2026-03-22 11:54:08,841 [INFO] Ep 031/100 | train_loss=0.5459 | val_loss=0.4956 | avg_f1=0.8920 | lr=2.75e-04 | 81s
2026-03-22 11:54:08,841 [INFO]   [octmnist] acc=0.9332 f1=0.8920
2026-03-22 11:54:08,842 [INFO]   [sigma] octmnist: 1.0562
2026-03-22 11:55:30,448 [INFO] Ep 032/100 | train_loss=0.5426 | val_loss=0.4698 | avg_f1=0.9064 | lr=2.71e-04 | 81s
2026-03-22 11:55:30,449 [INFO]   [octmnist] acc=0.9451 f1=0.9064
2026-03-22 11:55:30,449 [INFO]   [sigma] octmnist: 1.0524
2026-03-22 11:55:30,449 [INFO]   >> New best avg_f1=0.9064
2026-03-22 11:56:52,790 [INFO] Ep 033/100 | train_loss=0.5437 | val_loss=0.4884 | avg_f1=0.8947 | lr=2.68e-04 | 81s
2026-03-22 11:56:52,790 [INFO]   [octmnist] acc=0.9354 f1=0.8947
2026-03-22 11:56:52,791 [INFO]   [sigma] octmnist: 1.0500
2026-03-22 11:58:14,468 [INFO] Ep 034/100 | train_loss=0.5401 | val_loss=0.5054 | avg_f1=0.8814 | lr=2.65e-04 | 81s
2026-03-22 11:58:14,468 [INFO]   [octmnist] acc=0.9252 f1=0.8814
2026-03-22 11:58:14,468 [INFO]   [sigma] octmnist: 1.0472
2026-03-22 11:59:36,819 [INFO] Ep 035/100 | train_loss=0.5364 | val_loss=0.4939 | avg_f1=0.8910 | lr=2.61e-04 | 82s
2026-03-22 11:59:36,819 [INFO]   [octmnist] acc=0.9331 f1=0.8910
2026-03-22 11:59:36,819 [INFO]   [sigma] octmnist: 1.0442
2026-03-22 12:00:58,680 [INFO] Ep 036/100 | train_loss=0.5331 | val_loss=0.4867 | avg_f1=0.8948 | lr=2.57e-04 | 81s
2026-03-22 12:00:58,681 [INFO]   [octmnist] acc=0.9361 f1=0.8948
2026-03-22 12:00:58,681 [INFO]   [sigma] octmnist: 1.0411
2026-03-22 12:02:20,515 [INFO] Ep 037/100 | train_loss=0.5302 | val_loss=0.4822 | avg_f1=0.8962 | lr=2.53e-04 | 81s
2026-03-22 12:02:20,515 [INFO]   [octmnist] acc=0.9368 f1=0.8962
2026-03-22 12:02:20,515 [INFO]   [sigma] octmnist: 1.0381
2026-03-22 12:03:42,495 [INFO] Ep 038/100 | train_loss=0.5253 | val_loss=0.4805 | avg_f1=0.9042 | lr=2.49e-04 | 81s
2026-03-22 12:03:42,495 [INFO]   [octmnist] acc=0.9424 f1=0.9042
2026-03-22 12:03:42,495 [INFO]   [sigma] octmnist: 1.0346
2026-03-22 12:05:03,690 [INFO] Ep 039/100 | train_loss=0.5228 | val_loss=0.4764 | avg_f1=0.9068 | lr=2.45e-04 | 81s
2026-03-22 12:05:03,690 [INFO]   [octmnist] acc=0.9428 f1=0.9068
2026-03-22 12:05:03,690 [INFO]   [sigma] octmnist: 1.0313
2026-03-22 12:05:03,691 [INFO]   >> New best avg_f1=0.9068
2026-03-22 12:06:26,125 [INFO] Ep 040/100 | train_loss=0.5196 | val_loss=0.4631 | avg_f1=0.9104 | lr=2.41e-04 | 81s
2026-03-22 12:06:26,125 [INFO]   [octmnist] acc=0.9465 f1=0.9104
2026-03-22 12:06:26,125 [INFO]   [sigma] octmnist: 1.0281
2026-03-22 12:06:26,126 [INFO]   >> New best avg_f1=0.9104
2026-03-22 12:07:48,155 [INFO] Ep 041/100 | train_loss=0.5169 | val_loss=0.4760 | avg_f1=0.9015 | lr=2.36e-04 | 81s
2026-03-22 12:07:48,156 [INFO]   [octmnist] acc=0.9393 f1=0.9015
2026-03-22 12:07:48,156 [INFO]   [sigma] octmnist: 1.0249
2026-03-22 12:09:09,996 [INFO] Ep 042/100 | train_loss=0.5172 | val_loss=0.4637 | avg_f1=0.9098 | lr=2.32e-04 | 81s
2026-03-22 12:09:09,996 [INFO]   [octmnist] acc=0.9457 f1=0.9098
2026-03-22 12:09:09,996 [INFO]   [sigma] octmnist: 1.0229
2026-03-22 12:10:31,385 [INFO] Ep 043/100 | train_loss=0.5151 | val_loss=0.4694 | avg_f1=0.9105 | lr=2.27e-04 | 81s
2026-03-22 12:10:31,385 [INFO]   [octmnist] acc=0.9453 f1=0.9105
2026-03-22 12:10:31,385 [INFO]   [sigma] octmnist: 1.0208
2026-03-22 12:10:31,386 [INFO]   >> New best avg_f1=0.9105
2026-03-22 12:11:54,108 [INFO] Ep 044/100 | train_loss=0.5108 | val_loss=0.4494 | avg_f1=0.9206 | lr=2.22e-04 | 82s
2026-03-22 12:11:54,108 [INFO]   [octmnist] acc=0.9534 f1=0.9206
2026-03-22 12:11:54,108 [INFO]   [sigma] octmnist: 1.0180
2026-03-22 12:11:54,109 [INFO]   >> New best avg_f1=0.9206
2026-03-22 12:13:16,742 [INFO] Ep 045/100 | train_loss=0.5070 | val_loss=0.4525 | avg_f1=0.9192 | lr=2.17e-04 | 81s
2026-03-22 12:13:16,742 [INFO]   [octmnist] acc=0.9516 f1=0.9192
2026-03-22 12:13:16,742 [INFO]   [sigma] octmnist: 1.0151
2026-03-22 12:14:38,236 [INFO] Ep 046/100 | train_loss=0.5058 | val_loss=0.4624 | avg_f1=0.9142 | lr=2.12e-04 | 81s
2026-03-22 12:14:38,236 [INFO]   [octmnist] acc=0.9489 f1=0.9142
2026-03-22 12:14:38,237 [INFO]   [sigma] octmnist: 1.0128
2026-03-22 12:15:59,946 [INFO] Ep 047/100 | train_loss=0.5068 | val_loss=0.4512 | avg_f1=0.9163 | lr=2.07e-04 | 81s
2026-03-22 12:15:59,946 [INFO]   [octmnist] acc=0.9510 f1=0.9163
2026-03-22 12:15:59,946 [INFO]   [sigma] octmnist: 1.0113
2026-03-22 12:17:21,654 [INFO] Ep 048/100 | train_loss=0.5034 | val_loss=0.4703 | avg_f1=0.9076 | lr=2.02e-04 | 81s
2026-03-22 12:17:21,654 [INFO]   [octmnist] acc=0.9431 f1=0.9076
2026-03-22 12:17:21,654 [INFO]   [sigma] octmnist: 1.0094
2026-03-22 12:18:43,148 [INFO] Ep 049/100 | train_loss=0.4997 | val_loss=0.4575 | avg_f1=0.9170 | lr=1.97e-04 | 81s
2026-03-22 12:18:43,148 [INFO]   [octmnist] acc=0.9507 f1=0.9170
2026-03-22 12:18:43,148 [INFO]   [sigma] octmnist: 1.0070
2026-03-22 12:20:05,391 [INFO] Ep 050/100 | train_loss=0.4974 | val_loss=0.4641 | avg_f1=0.9109 | lr=1.91e-04 | 82s
2026-03-22 12:20:05,391 [INFO]   [octmnist] acc=0.9459 f1=0.9109
2026-03-22 12:20:05,391 [INFO]   [sigma] octmnist: 1.0047
2026-03-22 12:21:27,353 [INFO] Ep 051/100 | train_loss=0.4969 | val_loss=0.4468 | avg_f1=0.9206 | lr=1.86e-04 | 81s
2026-03-22 12:21:27,353 [INFO]   [octmnist] acc=0.9528 f1=0.9206
2026-03-22 12:21:27,353 [INFO]   [sigma] octmnist: 1.0031
2026-03-22 12:21:27,354 [INFO]   >> New best avg_f1=0.9206
2026-03-22 12:22:50,276 [INFO] Ep 052/100 | train_loss=0.4943 | val_loss=0.4399 | avg_f1=0.9289 | lr=1.81e-04 | 82s
2026-03-22 12:22:50,276 [INFO]   [octmnist] acc=0.9580 f1=0.9289
2026-03-22 12:22:50,276 [INFO]   [sigma] octmnist: 1.0010
2026-03-22 12:22:50,276 [INFO]   >> New best avg_f1=0.9289
2026-03-22 12:24:12,980 [INFO] Ep 053/100 | train_loss=0.4932 | val_loss=0.4398 | avg_f1=0.9281 | lr=1.75e-04 | 81s
2026-03-22 12:24:12,980 [INFO]   [octmnist] acc=0.9572 f1=0.9281
2026-03-22 12:24:12,980 [INFO]   [sigma] octmnist: 0.9994
2026-03-22 12:25:34,733 [INFO] Ep 054/100 | train_loss=0.4907 | val_loss=0.4369 | avg_f1=0.9292 | lr=1.70e-04 | 81s
2026-03-22 12:25:34,733 [INFO]   [octmnist] acc=0.9581 f1=0.9292
2026-03-22 12:25:34,733 [INFO]   [sigma] octmnist: 0.9976
2026-03-22 12:25:34,734 [INFO]   >> New best avg_f1=0.9292
2026-03-22 12:26:57,066 [INFO] Ep 055/100 | train_loss=0.4880 | val_loss=0.4436 | avg_f1=0.9238 | lr=1.64e-04 | 81s
2026-03-22 12:26:57,066 [INFO]   [octmnist] acc=0.9543 f1=0.9238
2026-03-22 12:26:57,066 [INFO]   [sigma] octmnist: 0.9956
2026-03-22 12:28:19,233 [INFO] Ep 056/100 | train_loss=0.4844 | val_loss=0.4352 | avg_f1=0.9314 | lr=1.59e-04 | 82s
2026-03-22 12:28:19,233 [INFO]   [octmnist] acc=0.9596 f1=0.9314
2026-03-22 12:28:19,233 [INFO]   [sigma] octmnist: 0.9934
2026-03-22 12:28:19,234 [INFO]   >> New best avg_f1=0.9314
2026-03-22 12:29:41,192 [INFO] Ep 057/100 | train_loss=0.4835 | val_loss=0.4346 | avg_f1=0.9285 | lr=1.53e-04 | 81s
2026-03-22 12:29:41,193 [INFO]   [octmnist] acc=0.9579 f1=0.9285
2026-03-22 12:29:41,193 [INFO]   [sigma] octmnist: 0.9915
2026-03-22 12:31:02,834 [INFO] Ep 058/100 | train_loss=0.4815 | val_loss=0.4369 | avg_f1=0.9280 | lr=1.48e-04 | 81s
2026-03-22 12:31:02,834 [INFO]   [octmnist] acc=0.9568 f1=0.9280
2026-03-22 12:31:02,835 [INFO]   [sigma] octmnist: 0.9896
2026-03-22 12:32:23,891 [INFO] Ep 059/100 | train_loss=0.4812 | val_loss=0.4332 | avg_f1=0.9292 | lr=1.42e-04 | 80s
2026-03-22 12:32:23,891 [INFO]   [octmnist] acc=0.9582 f1=0.9292
2026-03-22 12:32:23,891 [INFO]   [sigma] octmnist: 0.9881
2026-03-22 12:33:45,561 [INFO] Ep 060/100 | train_loss=0.4755 | val_loss=0.4343 | avg_f1=0.9297 | lr=1.37e-04 | 81s
2026-03-22 12:33:45,561 [INFO]   [octmnist] acc=0.9580 f1=0.9297
2026-03-22 12:33:45,561 [INFO]   [sigma] octmnist: 0.9859
2026-03-22 12:35:07,864 [INFO] Ep 061/100 | train_loss=0.4763 | val_loss=0.4318 | avg_f1=0.9298 | lr=1.31e-04 | 82s
2026-03-22 12:35:07,864 [INFO]   [octmnist] acc=0.9584 f1=0.9298
2026-03-22 12:35:07,864 [INFO]   [sigma] octmnist: 0.9842
2026-03-22 12:36:29,869 [INFO] Ep 062/100 | train_loss=0.4723 | val_loss=0.4322 | avg_f1=0.9301 | lr=1.26e-04 | 81s
2026-03-22 12:36:29,869 [INFO]   [octmnist] acc=0.9581 f1=0.9301
2026-03-22 12:36:29,870 [INFO]   [sigma] octmnist: 0.9823
2026-03-22 12:37:51,314 [INFO] Ep 063/100 | train_loss=0.4723 | val_loss=0.4304 | avg_f1=0.9309 | lr=1.20e-04 | 81s
2026-03-22 12:37:51,314 [INFO]   [octmnist] acc=0.9596 f1=0.9309
2026-03-22 12:37:51,314 [INFO]   [sigma] octmnist: 0.9807
2026-03-22 12:39:13,267 [INFO] Ep 064/100 | train_loss=0.4706 | val_loss=0.4267 | avg_f1=0.9342 | lr=1.15e-04 | 81s
2026-03-22 12:39:13,267 [INFO]   [octmnist] acc=0.9612 f1=0.9342
2026-03-22 12:39:13,267 [INFO]   [sigma] octmnist: 0.9792
2026-03-22 12:39:13,267 [INFO]   >> New best avg_f1=0.9342
2026-03-22 12:40:35,985 [INFO] Ep 065/100 | train_loss=0.4669 | val_loss=0.4289 | avg_f1=0.9331 | lr=1.10e-04 | 81s
2026-03-22 12:40:35,985 [INFO]   [octmnist] acc=0.9605 f1=0.9331
2026-03-22 12:40:35,985 [INFO]   [sigma] octmnist: 0.9775
2026-03-22 12:41:57,847 [INFO] Ep 066/100 | train_loss=0.4664 | val_loss=0.4237 | avg_f1=0.9377 | lr=1.04e-04 | 81s
2026-03-22 12:41:57,848 [INFO]   [octmnist] acc=0.9634 f1=0.9377
2026-03-22 12:41:57,848 [INFO]   [sigma] octmnist: 0.9760
2026-03-22 12:41:57,848 [INFO]   >> New best avg_f1=0.9377
2026-03-22 12:43:20,338 [INFO] Ep 067/100 | train_loss=0.4624 | val_loss=0.4252 | avg_f1=0.9352 | lr=9.91e-05 | 81s
2026-03-22 12:43:20,338 [INFO]   [octmnist] acc=0.9620 f1=0.9352
2026-03-22 12:43:20,338 [INFO]   [sigma] octmnist: 0.9742
2026-03-22 12:44:42,884 [INFO] Ep 068/100 | train_loss=0.4631 | val_loss=0.4233 | avg_f1=0.9382 | lr=9.39e-05 | 82s
2026-03-22 12:44:42,884 [INFO]   [octmnist] acc=0.9636 f1=0.9382
2026-03-22 12:44:42,885 [INFO]   [sigma] octmnist: 0.9729
2026-03-22 12:44:42,885 [INFO]   >> New best avg_f1=0.9382
2026-03-22 12:46:05,499 [INFO] Ep 069/100 | train_loss=0.4609 | val_loss=0.4231 | avg_f1=0.9369 | lr=8.89e-05 | 81s
2026-03-22 12:46:05,499 [INFO]   [octmnist] acc=0.9631 f1=0.9369
2026-03-22 12:46:05,500 [INFO]   [sigma] octmnist: 0.9715
2026-03-22 12:47:27,696 [INFO] Ep 070/100 | train_loss=0.4589 | val_loss=0.4309 | avg_f1=0.9346 | lr=8.39e-05 | 82s
2026-03-22 12:47:27,696 [INFO]   [octmnist] acc=0.9609 f1=0.9346
2026-03-22 12:47:27,697 [INFO]   [sigma] octmnist: 0.9701
2026-03-22 12:48:49,563 [INFO] Ep 071/100 | train_loss=0.4594 | val_loss=0.4225 | avg_f1=0.9389 | lr=7.90e-05 | 81s
2026-03-22 12:48:49,564 [INFO]   [octmnist] acc=0.9642 f1=0.9389
2026-03-22 12:48:49,564 [INFO]   [sigma] octmnist: 0.9690
2026-03-22 12:48:49,564 [INFO]   >> New best avg_f1=0.9389
2026-03-22 12:50:11,644 [INFO] Ep 072/100 | train_loss=0.4566 | val_loss=0.4265 | avg_f1=0.9357 | lr=7.42e-05 | 81s
2026-03-22 12:50:11,644 [INFO]   [octmnist] acc=0.9617 f1=0.9357
2026-03-22 12:50:11,644 [INFO]   [sigma] octmnist: 0.9678
2026-03-22 12:51:33,177 [INFO] Ep 073/100 | train_loss=0.4546 | val_loss=0.4241 | avg_f1=0.9366 | lr=6.95e-05 | 81s
2026-03-22 12:51:33,177 [INFO]   [octmnist] acc=0.9623 f1=0.9366
2026-03-22 12:51:33,177 [INFO]   [sigma] octmnist: 0.9666
2026-03-22 12:52:54,443 [INFO] Ep 074/100 | train_loss=0.4533 | val_loss=0.4191 | avg_f1=0.9401 | lr=6.49e-05 | 81s
2026-03-22 12:52:54,443 [INFO]   [octmnist] acc=0.9646 f1=0.9401
2026-03-22 12:52:54,443 [INFO]   [sigma] octmnist: 0.9654
2026-03-22 12:52:54,444 [INFO]   >> New best avg_f1=0.9401
2026-03-22 12:54:16,996 [INFO] Ep 075/100 | train_loss=0.4502 | val_loss=0.4203 | avg_f1=0.9393 | lr=6.04e-05 | 81s
2026-03-22 12:54:16,996 [INFO]   [octmnist] acc=0.9639 f1=0.9393
2026-03-22 12:54:16,996 [INFO]   [sigma] octmnist: 0.9642
2026-03-22 12:55:38,887 [INFO] Ep 076/100 | train_loss=0.4503 | val_loss=0.4209 | avg_f1=0.9395 | lr=5.61e-05 | 81s
2026-03-22 12:55:38,887 [INFO]   [octmnist] acc=0.9644 f1=0.9395
2026-03-22 12:55:38,888 [INFO]   [sigma] octmnist: 0.9632
2026-03-22 12:57:01,549 [INFO] Ep 077/100 | train_loss=0.4470 | val_loss=0.4215 | avg_f1=0.9376 | lr=5.18e-05 | 82s
2026-03-22 12:57:01,549 [INFO]   [octmnist] acc=0.9633 f1=0.9376
2026-03-22 12:57:01,549 [INFO]   [sigma] octmnist: 0.9621
2026-03-22 12:58:23,565 [INFO] Ep 078/100 | train_loss=0.4481 | val_loss=0.4187 | avg_f1=0.9408 | lr=4.78e-05 | 81s
2026-03-22 12:58:23,566 [INFO]   [octmnist] acc=0.9652 f1=0.9408
2026-03-22 12:58:23,566 [INFO]   [sigma] octmnist: 0.9612
2026-03-22 12:58:23,566 [INFO]   >> New best avg_f1=0.9408
2026-03-22 12:59:46,001 [INFO] Ep 079/100 | train_loss=0.4450 | val_loss=0.4205 | avg_f1=0.9392 | lr=4.38e-05 | 81s
2026-03-22 12:59:46,001 [INFO]   [octmnist] acc=0.9643 f1=0.9392
2026-03-22 12:59:46,001 [INFO]   [sigma] octmnist: 0.9603
2026-03-22 13:01:08,130 [INFO] Ep 080/100 | train_loss=0.4439 | val_loss=0.4199 | avg_f1=0.9410 | lr=4.00e-05 | 81s
2026-03-22 13:01:08,130 [INFO]   [octmnist] acc=0.9652 f1=0.9410
2026-03-22 13:01:08,130 [INFO]   [sigma] octmnist: 0.9594
2026-03-22 13:01:08,131 [INFO]   >> New best avg_f1=0.9410
2026-03-22 13:02:30,884 [INFO] Ep 081/100 | train_loss=0.4432 | val_loss=0.4138 | avg_f1=0.9442 | lr=3.64e-05 | 81s
2026-03-22 13:02:30,884 [INFO]   [octmnist] acc=0.9672 f1=0.9442
2026-03-22 13:02:30,884 [INFO]   [sigma] octmnist: 0.9587
2026-03-22 13:02:30,885 [INFO]   >> New best avg_f1=0.9442
2026-03-22 13:03:53,238 [INFO] Ep 082/100 | train_loss=0.4421 | val_loss=0.4137 | avg_f1=0.9435 | lr=3.29e-05 | 81s
2026-03-22 13:03:53,238 [INFO]   [octmnist] acc=0.9667 f1=0.9435
2026-03-22 13:03:53,238 [INFO]   [sigma] octmnist: 0.9580
2026-03-22 13:05:15,428 [INFO] Ep 083/100 | train_loss=0.4386 | val_loss=0.4126 | avg_f1=0.9431 | lr=2.96e-05 | 82s
2026-03-22 13:05:15,428 [INFO]   [octmnist] acc=0.9667 f1=0.9431
2026-03-22 13:05:15,428 [INFO]   [sigma] octmnist: 0.9572
2026-03-22 13:06:37,541 [INFO] Ep 084/100 | train_loss=0.4405 | val_loss=0.4137 | avg_f1=0.9426 | lr=2.64e-05 | 81s
2026-03-22 13:06:37,542 [INFO]   [octmnist] acc=0.9664 f1=0.9426
2026-03-22 13:06:37,542 [INFO]   [sigma] octmnist: 0.9566
2026-03-22 13:07:59,924 [INFO] Ep 085/100 | train_loss=0.4387 | val_loss=0.4138 | avg_f1=0.9424 | lr=2.34e-05 | 82s
2026-03-22 13:07:59,924 [INFO]   [octmnist] acc=0.9661 f1=0.9424
2026-03-22 13:07:59,924 [INFO]   [sigma] octmnist: 0.9561
2026-03-22 13:09:21,605 [INFO] Ep 086/100 | train_loss=0.4385 | val_loss=0.4156 | avg_f1=0.9435 | lr=2.06e-05 | 81s
2026-03-22 13:09:21,605 [INFO]   [octmnist] acc=0.9666 f1=0.9435
2026-03-22 13:09:21,605 [INFO]   [sigma] octmnist: 0.9556
2026-03-22 13:10:43,513 [INFO] Ep 087/100 | train_loss=0.4345 | val_loss=0.4128 | avg_f1=0.9437 | lr=1.79e-05 | 81s
2026-03-22 13:10:43,514 [INFO]   [octmnist] acc=0.9668 f1=0.9437
2026-03-22 13:10:43,514 [INFO]   [sigma] octmnist: 0.9551
2026-03-22 13:12:05,837 [INFO] Ep 088/100 | train_loss=0.4361 | val_loss=0.4137 | avg_f1=0.9433 | lr=1.55e-05 | 82s
2026-03-22 13:12:05,837 [INFO]   [octmnist] acc=0.9667 f1=0.9433
2026-03-22 13:12:05,837 [INFO]   [sigma] octmnist: 0.9547
2026-03-22 13:13:28,482 [INFO] Ep 089/100 | train_loss=0.4331 | val_loss=0.4125 | avg_f1=0.9427 | lr=1.32e-05 | 82s
2026-03-22 13:13:28,482 [INFO]   [octmnist] acc=0.9665 f1=0.9427
2026-03-22 13:13:28,482 [INFO]   [sigma] octmnist: 0.9543
2026-03-22 13:14:50,752 [INFO] Ep 090/100 | train_loss=0.4336 | val_loss=0.4150 | avg_f1=0.9420 | lr=1.11e-05 | 82s
2026-03-22 13:14:50,752 [INFO]   [octmnist] acc=0.9659 f1=0.9420
2026-03-22 13:14:50,752 [INFO]   [sigma] octmnist: 0.9540
2026-03-22 13:16:12,620 [INFO] Ep 091/100 | train_loss=0.4346 | val_loss=0.4120 | avg_f1=0.9447 | lr=9.20e-06 | 81s
2026-03-22 13:16:12,621 [INFO]   [octmnist] acc=0.9675 f1=0.9447
2026-03-22 13:16:12,621 [INFO]   [sigma] octmnist: 0.9538
2026-03-22 13:16:12,621 [INFO]   >> New best avg_f1=0.9447
2026-03-22 13:17:35,073 [INFO] Ep 092/100 | train_loss=0.4328 | val_loss=0.4124 | avg_f1=0.9447 | lr=7.49e-06 | 81s
2026-03-22 13:17:35,073 [INFO]   [octmnist] acc=0.9674 f1=0.9447
2026-03-22 13:17:35,073 [INFO]   [sigma] octmnist: 0.9536
2026-03-22 13:17:35,074 [INFO]   >> New best avg_f1=0.9447
2026-03-22 13:18:57,656 [INFO] Ep 093/100 | train_loss=0.4328 | val_loss=0.4127 | avg_f1=0.9449 | lr=5.98e-06 | 81s
2026-03-22 13:18:57,656 [INFO]   [octmnist] acc=0.9675 f1=0.9449
2026-03-22 13:18:57,656 [INFO]   [sigma] octmnist: 0.9534
2026-03-22 13:18:57,657 [INFO]   >> New best avg_f1=0.9449
2026-03-22 13:20:20,645 [INFO] Ep 094/100 | train_loss=0.4330 | val_loss=0.4114 | avg_f1=0.9451 | lr=4.66e-06 | 82s
2026-03-22 13:20:20,645 [INFO]   [octmnist] acc=0.9677 f1=0.9451
2026-03-22 13:20:20,645 [INFO]   [sigma] octmnist: 0.9532
2026-03-22 13:20:20,646 [INFO]   >> New best avg_f1=0.9451
2026-03-22 13:21:43,796 [INFO] Ep 095/100 | train_loss=0.4332 | val_loss=0.4120 | avg_f1=0.9449 | lr=3.55e-06 | 82s
2026-03-22 13:21:43,796 [INFO]   [octmnist] acc=0.9676 f1=0.9449
2026-03-22 13:21:43,796 [INFO]   [sigma] octmnist: 0.9531
2026-03-22 13:23:05,500 [INFO] Ep 096/100 | train_loss=0.4313 | val_loss=0.4112 | avg_f1=0.9447 | lr=2.63e-06 | 81s
2026-03-22 13:23:05,500 [INFO]   [octmnist] acc=0.9677 f1=0.9447
2026-03-22 13:23:05,501 [INFO]   [sigma] octmnist: 0.9531
2026-03-22 13:24:27,675 [INFO] Ep 097/100 | train_loss=0.4325 | val_loss=0.4121 | avg_f1=0.9442 | lr=1.92e-06 | 82s
2026-03-22 13:24:27,675 [INFO]   [octmnist] acc=0.9672 f1=0.9442
2026-03-22 13:24:27,675 [INFO]   [sigma] octmnist: 0.9530
2026-03-22 13:25:49,804 [INFO] Ep 098/100 | train_loss=0.4302 | val_loss=0.4116 | avg_f1=0.9446 | lr=1.41e-06 | 82s
2026-03-22 13:25:49,804 [INFO]   [octmnist] acc=0.9674 f1=0.9446
2026-03-22 13:25:49,804 [INFO]   [sigma] octmnist: 0.9529
2026-03-22 13:27:12,131 [INFO] Ep 099/100 | train_loss=0.4343 | val_loss=0.4118 | avg_f1=0.9447 | lr=1.10e-06 | 82s
2026-03-22 13:27:12,131 [INFO]   [octmnist] acc=0.9674 f1=0.9447
2026-03-22 13:27:12,131 [INFO]   [sigma] octmnist: 0.9529
2026-03-22 13:28:33,834 [INFO] Ep 100/100 | train_loss=0.4333 | val_loss=0.4113 | avg_f1=0.9448 | lr=1.00e-06 | 81s
2026-03-22 13:28:33,834 [INFO]   [octmnist] acc=0.9675 f1=0.9448
2026-03-22 13:28:33,834 [INFO]   [sigma] octmnist: 0.9529
2026-03-22 13:28:34,480 [INFO] Training complete.
2026-03-22 13:28:34,481 [INFO] Loading checkpoint: runs/medical_mamba/checkpoint_best.pt
2026-03-22 13:28:34,760 [INFO] Resumed from epoch 94
2026-03-22 13:28:37,064 [INFO] 
=== TEST RESULTS ===
2026-03-22 13:28:37,065 [INFO]   [octmnist] acc=0.8770 f1=0.8752
