2026-04-13 06:06:08,926 [INFO] Using externally supplied model.
2026-04-13 06:06:09,082 [INFO] Parameters: 23.5M | Tasks: ['octmnist']
2026-04-13 06:06:09,084 [INFO] ================================================================
2026-04-13 06:06:09,084 [INFO] ResNetBaseline | tasks=['octmnist'] | device=cuda:0 | AMP=True
2026-04-13 06:06:09,084 [INFO] ================================================================
2026-04-13 06:08:18,870 [INFO] Ep 001/100 | train_loss=0.6891 | val_loss=0.4524 | avg_f1=0.9192 | lr=4.00e-05 | 130s
2026-04-13 06:08:18,870 [INFO]   [octmnist] acc=0.9532 f1=0.9192
2026-04-13 06:08:18,870 [INFO]   [sigma] octmnist: 1.0004
2026-04-13 06:08:18,872 [INFO]   >> New best avg_f1=0.9192
2026-04-13 06:10:29,037 [INFO] Ep 002/100 | train_loss=0.4876 | val_loss=0.4324 | avg_f1=0.9355 | lr=6.00e-05 | 130s
2026-04-13 06:10:29,037 [INFO]   [octmnist] acc=0.9613 f1=0.9355
2026-04-13 06:10:29,037 [INFO]   [sigma] octmnist: 0.9999
2026-04-13 06:10:29,038 [INFO]   >> New best avg_f1=0.9355
2026-04-13 06:12:39,441 [INFO] Ep 003/100 | train_loss=0.4562 | val_loss=0.4239 | avg_f1=0.9405 | lr=8.00e-05 | 130s
2026-04-13 06:12:39,441 [INFO]   [octmnist] acc=0.9645 f1=0.9405
2026-04-13 06:12:39,441 [INFO]   [sigma] octmnist: 0.9973
2026-04-13 06:12:39,442 [INFO]   >> New best avg_f1=0.9405
2026-04-13 06:14:50,464 [INFO] Ep 004/100 | train_loss=0.4401 | val_loss=0.4246 | avg_f1=0.9451 | lr=1.00e-04 | 130s
2026-04-13 06:14:50,464 [INFO]   [octmnist] acc=0.9670 f1=0.9451
2026-04-13 06:14:50,465 [INFO]   [sigma] octmnist: 0.9933
2026-04-13 06:14:50,465 [INFO]   >> New best avg_f1=0.9451
2026-04-13 06:17:01,971 [INFO] Ep 005/100 | train_loss=0.4328 | val_loss=0.4153 | avg_f1=0.9496 | lr=1.20e-04 | 131s
2026-04-13 06:17:01,971 [INFO]   [octmnist] acc=0.9701 f1=0.9496
2026-04-13 06:17:01,972 [INFO]   [sigma] octmnist: 0.9887
2026-04-13 06:17:01,972 [INFO]   >> New best avg_f1=0.9496
2026-04-13 06:19:14,011 [INFO] Ep 006/100 | train_loss=0.4246 | val_loss=0.4138 | avg_f1=0.9475 | lr=1.40e-04 | 131s
2026-04-13 06:19:14,012 [INFO]   [octmnist] acc=0.9683 f1=0.9475
2026-04-13 06:19:14,012 [INFO]   [sigma] octmnist: 0.9835
2026-04-13 06:21:25,939 [INFO] Ep 007/100 | train_loss=0.4214 | val_loss=0.4224 | avg_f1=0.9456 | lr=1.60e-04 | 132s
2026-04-13 06:21:25,939 [INFO]   [octmnist] acc=0.9669 f1=0.9456
2026-04-13 06:21:25,939 [INFO]   [sigma] octmnist: 0.9780
2026-04-13 06:23:37,705 [INFO] Ep 008/100 | train_loss=0.4177 | val_loss=0.4062 | avg_f1=0.9594 | lr=1.80e-04 | 131s
2026-04-13 06:23:37,705 [INFO]   [octmnist] acc=0.9758 f1=0.9594
2026-04-13 06:23:37,706 [INFO]   [sigma] octmnist: 0.9720
2026-04-13 06:23:37,706 [INFO]   >> New best avg_f1=0.9594
2026-04-13 06:25:50,121 [INFO] Ep 009/100 | train_loss=0.4136 | val_loss=0.4121 | avg_f1=0.9475 | lr=2.00e-04 | 132s
2026-04-13 06:25:50,121 [INFO]   [octmnist] acc=0.9679 f1=0.9475
2026-04-13 06:25:50,121 [INFO]   [sigma] octmnist: 0.9657
2026-04-13 06:28:02,475 [INFO] Ep 010/100 | train_loss=0.4096 | val_loss=0.4237 | avg_f1=0.9436 | lr=2.20e-04 | 132s
2026-04-13 06:28:02,475 [INFO]   [octmnist] acc=0.9652 f1=0.9436
2026-04-13 06:28:02,475 [INFO]   [sigma] octmnist: 0.9590
2026-04-13 06:30:14,429 [INFO] Ep 011/100 | train_loss=0.4090 | val_loss=0.3990 | avg_f1=0.9557 | lr=2.40e-04 | 132s
2026-04-13 06:30:14,429 [INFO]   [octmnist] acc=0.9744 f1=0.9557
2026-04-13 06:30:14,430 [INFO]   [sigma] octmnist: 0.9524
2026-04-13 06:32:26,880 [INFO] Ep 012/100 | train_loss=0.4060 | val_loss=0.4491 | avg_f1=0.9262 | lr=2.60e-04 | 132s
2026-04-13 06:32:26,880 [INFO]   [octmnist] acc=0.9537 f1=0.9262
2026-04-13 06:32:26,880 [INFO]   [sigma] octmnist: 0.9456
2026-04-13 06:34:39,709 [INFO] Ep 013/100 | train_loss=0.4052 | val_loss=0.4066 | avg_f1=0.9528 | lr=2.80e-04 | 132s
2026-04-13 06:34:39,709 [INFO]   [octmnist] acc=0.9712 f1=0.9528
2026-04-13 06:34:39,709 [INFO]   [sigma] octmnist: 0.9390
2026-04-13 06:36:52,445 [INFO] Ep 014/100 | train_loss=0.4050 | val_loss=0.3989 | avg_f1=0.9564 | lr=3.00e-04 | 132s
2026-04-13 06:36:52,445 [INFO]   [octmnist] acc=0.9737 f1=0.9564
2026-04-13 06:36:52,446 [INFO]   [sigma] octmnist: 0.9328
2026-04-13 06:39:05,446 [INFO] Ep 015/100 | train_loss=0.4050 | val_loss=0.3965 | avg_f1=0.9548 | lr=3.00e-04 | 133s
2026-04-13 06:39:05,446 [INFO]   [octmnist] acc=0.9734 f1=0.9548
2026-04-13 06:39:05,446 [INFO]   [sigma] octmnist: 0.9272
2026-04-13 06:41:18,316 [INFO] Ep 016/100 | train_loss=0.3984 | val_loss=0.4167 | avg_f1=0.9446 | lr=3.00e-04 | 132s
2026-04-13 06:41:18,316 [INFO]   [octmnist] acc=0.9662 f1=0.9446
2026-04-13 06:41:18,317 [INFO]   [sigma] octmnist: 0.9212
2026-04-13 06:43:31,379 [INFO] Ep 017/100 | train_loss=0.3960 | val_loss=0.3994 | avg_f1=0.9573 | lr=3.00e-04 | 133s
2026-04-13 06:43:31,379 [INFO]   [octmnist] acc=0.9746 f1=0.9573
2026-04-13 06:43:31,379 [INFO]   [sigma] octmnist: 0.9158
2026-04-13 06:45:44,127 [INFO] Ep 018/100 | train_loss=0.3933 | val_loss=0.3938 | avg_f1=0.9578 | lr=2.99e-04 | 132s
2026-04-13 06:45:44,127 [INFO]   [octmnist] acc=0.9751 f1=0.9578
2026-04-13 06:45:44,127 [INFO]   [sigma] octmnist: 0.9109
2026-04-13 06:47:57,177 [INFO] Ep 019/100 | train_loss=0.3894 | val_loss=0.4178 | avg_f1=0.9466 | lr=2.98e-04 | 133s
2026-04-13 06:47:57,177 [INFO]   [octmnist] acc=0.9666 f1=0.9466
2026-04-13 06:47:57,177 [INFO]   [sigma] octmnist: 0.9061
2026-04-13 06:50:09,918 [INFO] Ep 020/100 | train_loss=0.3901 | val_loss=0.3949 | avg_f1=0.9586 | lr=2.97e-04 | 132s
2026-04-13 06:50:09,918 [INFO]   [octmnist] acc=0.9751 f1=0.9586
2026-04-13 06:50:09,918 [INFO]   [sigma] octmnist: 0.9029
2026-04-13 06:52:22,909 [INFO] Ep 021/100 | train_loss=0.3869 | val_loss=0.3942 | avg_f1=0.9542 | lr=2.96e-04 | 133s
2026-04-13 06:52:22,909 [INFO]   [octmnist] acc=0.9730 f1=0.9542
2026-04-13 06:52:22,909 [INFO]   [sigma] octmnist: 0.8996
2026-04-13 06:54:35,839 [INFO] Ep 022/100 | train_loss=0.3842 | val_loss=0.4040 | avg_f1=0.9541 | lr=2.95e-04 | 132s
2026-04-13 06:54:35,839 [INFO]   [octmnist] acc=0.9729 f1=0.9541
2026-04-13 06:54:35,839 [INFO]   [sigma] octmnist: 0.8963
2026-04-13 06:56:48,842 [INFO] Ep 023/100 | train_loss=0.3848 | val_loss=0.3947 | avg_f1=0.9577 | lr=2.94e-04 | 133s
2026-04-13 06:56:48,842 [INFO]   [octmnist] acc=0.9750 f1=0.9577
2026-04-13 06:56:48,842 [INFO]   [sigma] octmnist: 0.8945
2026-04-13 06:59:01,869 [INFO] Ep 024/100 | train_loss=0.3808 | val_loss=0.3961 | avg_f1=0.9573 | lr=2.92e-04 | 133s
2026-04-13 06:59:01,869 [INFO]   [octmnist] acc=0.9748 f1=0.9573
2026-04-13 06:59:01,869 [INFO]   [sigma] octmnist: 0.8918
2026-04-13 07:01:14,687 [INFO] Ep 025/100 | train_loss=0.3795 | val_loss=0.4039 | avg_f1=0.9537 | lr=2.90e-04 | 132s
2026-04-13 07:01:14,687 [INFO]   [octmnist] acc=0.9719 f1=0.9537
2026-04-13 07:01:14,687 [INFO]   [sigma] octmnist: 0.8898
2026-04-13 07:03:27,894 [INFO] Ep 026/100 | train_loss=0.3786 | val_loss=0.4006 | avg_f1=0.9543 | lr=2.88e-04 | 133s
2026-04-13 07:03:27,894 [INFO]   [octmnist] acc=0.9725 f1=0.9543
2026-04-13 07:03:27,894 [INFO]   [sigma] octmnist: 0.8881
2026-04-13 07:05:41,234 [INFO] Ep 027/100 | train_loss=0.3750 | val_loss=0.3925 | avg_f1=0.9583 | lr=2.86e-04 | 133s
2026-04-13 07:05:41,234 [INFO]   [octmnist] acc=0.9750 f1=0.9583
2026-04-13 07:05:41,234 [INFO]   [sigma] octmnist: 0.8859
2026-04-13 07:07:54,304 [INFO] Ep 028/100 | train_loss=0.3741 | val_loss=0.3888 | avg_f1=0.9602 | lr=2.83e-04 | 133s
2026-04-13 07:07:54,304 [INFO]   [octmnist] acc=0.9760 f1=0.9602
2026-04-13 07:07:54,304 [INFO]   [sigma] octmnist: 0.8841
2026-04-13 07:07:54,304 [INFO]   >> New best avg_f1=0.9602
2026-04-13 07:10:07,853 [INFO] Ep 029/100 | train_loss=0.3732 | val_loss=0.3913 | avg_f1=0.9626 | lr=2.80e-04 | 133s
2026-04-13 07:10:07,853 [INFO]   [octmnist] acc=0.9774 f1=0.9626
2026-04-13 07:10:07,853 [INFO]   [sigma] octmnist: 0.8829
2026-04-13 07:10:07,853 [INFO]   >> New best avg_f1=0.9626
2026-04-13 07:12:21,309 [INFO] Ep 030/100 | train_loss=0.3726 | val_loss=0.3883 | avg_f1=0.9634 | lr=2.78e-04 | 133s
2026-04-13 07:12:21,309 [INFO]   [octmnist] acc=0.9785 f1=0.9634
2026-04-13 07:12:21,309 [INFO]   [sigma] octmnist: 0.8820
2026-04-13 07:12:21,310 [INFO]   >> New best avg_f1=0.9634
2026-04-13 07:14:35,065 [INFO] Ep 031/100 | train_loss=0.3725 | val_loss=0.3930 | avg_f1=0.9589 | lr=2.75e-04 | 133s
2026-04-13 07:14:35,066 [INFO]   [octmnist] acc=0.9754 f1=0.9589
2026-04-13 07:14:35,066 [INFO]   [sigma] octmnist: 0.8812
2026-04-13 07:16:48,215 [INFO] Ep 032/100 | train_loss=0.3676 | val_loss=0.3864 | avg_f1=0.9644 | lr=2.71e-04 | 133s
2026-04-13 07:16:48,216 [INFO]   [octmnist] acc=0.9790 f1=0.9644
2026-04-13 07:16:48,216 [INFO]   [sigma] octmnist: 0.8791
2026-04-13 07:16:48,216 [INFO]   >> New best avg_f1=0.9644
2026-04-13 07:19:02,033 [INFO] Ep 033/100 | train_loss=0.3705 | val_loss=0.3893 | avg_f1=0.9602 | lr=2.68e-04 | 133s
2026-04-13 07:19:02,033 [INFO]   [octmnist] acc=0.9766 f1=0.9602
2026-04-13 07:19:02,033 [INFO]   [sigma] octmnist: 0.8788
2026-04-13 07:21:14,929 [INFO] Ep 034/100 | train_loss=0.3657 | val_loss=0.3944 | avg_f1=0.9597 | lr=2.65e-04 | 132s
2026-04-13 07:21:14,929 [INFO]   [octmnist] acc=0.9762 f1=0.9597
2026-04-13 07:21:14,929 [INFO]   [sigma] octmnist: 0.8770
2026-04-13 07:23:27,797 [INFO] Ep 035/100 | train_loss=0.3656 | val_loss=0.3869 | avg_f1=0.9622 | lr=2.61e-04 | 132s
2026-04-13 07:23:27,797 [INFO]   [octmnist] acc=0.9781 f1=0.9622
2026-04-13 07:23:27,798 [INFO]   [sigma] octmnist: 0.8760
2026-04-13 07:25:40,854 [INFO] Ep 036/100 | train_loss=0.3635 | val_loss=0.3971 | avg_f1=0.9576 | lr=2.57e-04 | 133s
2026-04-13 07:25:40,854 [INFO]   [octmnist] acc=0.9750 f1=0.9576
2026-04-13 07:25:40,854 [INFO]   [sigma] octmnist: 0.8745
2026-04-13 07:27:53,455 [INFO] Ep 037/100 | train_loss=0.3623 | val_loss=0.3939 | avg_f1=0.9597 | lr=2.53e-04 | 132s
2026-04-13 07:27:53,455 [INFO]   [octmnist] acc=0.9761 f1=0.9597
2026-04-13 07:27:53,455 [INFO]   [sigma] octmnist: 0.8733
2026-04-13 07:30:05,859 [INFO] Ep 038/100 | train_loss=0.3638 | val_loss=0.3810 | avg_f1=0.9650 | lr=2.49e-04 | 132s
2026-04-13 07:30:05,859 [INFO]   [octmnist] acc=0.9794 f1=0.9650
2026-04-13 07:30:05,859 [INFO]   [sigma] octmnist: 0.8730
2026-04-13 07:30:05,860 [INFO]   >> New best avg_f1=0.9650
2026-04-13 07:32:19,160 [INFO] Ep 039/100 | train_loss=0.3607 | val_loss=0.3856 | avg_f1=0.9611 | lr=2.45e-04 | 133s
2026-04-13 07:32:19,160 [INFO]   [octmnist] acc=0.9772 f1=0.9611
2026-04-13 07:32:19,160 [INFO]   [sigma] octmnist: 0.8717
2026-04-13 07:34:31,612 [INFO] Ep 040/100 | train_loss=0.3603 | val_loss=0.3859 | avg_f1=0.9626 | lr=2.41e-04 | 132s
2026-04-13 07:34:31,613 [INFO]   [octmnist] acc=0.9782 f1=0.9626
2026-04-13 07:34:31,613 [INFO]   [sigma] octmnist: 0.8708
2026-04-13 07:36:44,271 [INFO] Ep 041/100 | train_loss=0.3585 | val_loss=0.3858 | avg_f1=0.9638 | lr=2.36e-04 | 132s
2026-04-13 07:36:44,271 [INFO]   [octmnist] acc=0.9786 f1=0.9638
2026-04-13 07:36:44,271 [INFO]   [sigma] octmnist: 0.8696
2026-04-13 07:38:56,419 [INFO] Ep 042/100 | train_loss=0.3573 | val_loss=0.3918 | avg_f1=0.9607 | lr=2.32e-04 | 132s
2026-04-13 07:38:56,419 [INFO]   [octmnist] acc=0.9769 f1=0.9607
2026-04-13 07:38:56,419 [INFO]   [sigma] octmnist: 0.8686
2026-04-13 07:41:09,410 [INFO] Ep 043/100 | train_loss=0.3557 | val_loss=0.3807 | avg_f1=0.9656 | lr=2.27e-04 | 133s
2026-04-13 07:41:09,410 [INFO]   [octmnist] acc=0.9800 f1=0.9656
2026-04-13 07:41:09,410 [INFO]   [sigma] octmnist: 0.8674
2026-04-13 07:41:09,411 [INFO]   >> New best avg_f1=0.9656
2026-04-13 07:43:22,663 [INFO] Ep 044/100 | train_loss=0.3567 | val_loss=0.3871 | avg_f1=0.9628 | lr=2.22e-04 | 132s
2026-04-13 07:43:22,664 [INFO]   [octmnist] acc=0.9786 f1=0.9628
2026-04-13 07:43:22,664 [INFO]   [sigma] octmnist: 0.8670
2026-04-13 07:45:35,901 [INFO] Ep 045/100 | train_loss=0.3556 | val_loss=0.3916 | avg_f1=0.9623 | lr=2.17e-04 | 133s
2026-04-13 07:45:35,902 [INFO]   [octmnist] acc=0.9777 f1=0.9623
2026-04-13 07:45:35,902 [INFO]   [sigma] octmnist: 0.8665
2026-04-13 07:47:48,678 [INFO] Ep 046/100 | train_loss=0.3544 | val_loss=0.3822 | avg_f1=0.9672 | lr=2.12e-04 | 132s
2026-04-13 07:47:48,678 [INFO]   [octmnist] acc=0.9806 f1=0.9672
2026-04-13 07:47:48,679 [INFO]   [sigma] octmnist: 0.8657
2026-04-13 07:47:48,679 [INFO]   >> New best avg_f1=0.9672
2026-04-13 07:50:02,157 [INFO] Ep 047/100 | train_loss=0.3515 | val_loss=0.3875 | avg_f1=0.9637 | lr=2.07e-04 | 133s
2026-04-13 07:50:02,157 [INFO]   [octmnist] acc=0.9786 f1=0.9637
2026-04-13 07:50:02,157 [INFO]   [sigma] octmnist: 0.8642
2026-04-13 07:52:14,936 [INFO] Ep 048/100 | train_loss=0.3527 | val_loss=0.3860 | avg_f1=0.9638 | lr=2.02e-04 | 132s
2026-04-13 07:52:14,936 [INFO]   [octmnist] acc=0.9786 f1=0.9638
2026-04-13 07:52:14,936 [INFO]   [sigma] octmnist: 0.8637
2026-04-13 07:54:28,406 [INFO] Ep 049/100 | train_loss=0.3497 | val_loss=0.3889 | avg_f1=0.9640 | lr=1.97e-04 | 133s
2026-04-13 07:54:28,406 [INFO]   [octmnist] acc=0.9785 f1=0.9640
2026-04-13 07:54:28,406 [INFO]   [sigma] octmnist: 0.8625
2026-04-13 07:56:41,319 [INFO] Ep 050/100 | train_loss=0.3500 | val_loss=0.3907 | avg_f1=0.9617 | lr=1.91e-04 | 133s
2026-04-13 07:56:41,319 [INFO]   [octmnist] acc=0.9775 f1=0.9617
2026-04-13 07:56:41,319 [INFO]   [sigma] octmnist: 0.8618
2026-04-13 07:58:54,356 [INFO] Ep 051/100 | train_loss=0.3488 | val_loss=0.3846 | avg_f1=0.9644 | lr=1.86e-04 | 133s
2026-04-13 07:58:54,356 [INFO]   [octmnist] acc=0.9791 f1=0.9644
2026-04-13 07:58:54,356 [INFO]   [sigma] octmnist: 0.8609
2026-04-13 08:01:07,762 [INFO] Ep 052/100 | train_loss=0.3487 | val_loss=0.3866 | avg_f1=0.9632 | lr=1.81e-04 | 133s
2026-04-13 08:01:07,762 [INFO]   [octmnist] acc=0.9784 f1=0.9632
2026-04-13 08:01:07,762 [INFO]   [sigma] octmnist: 0.8605
2026-04-13 08:03:21,203 [INFO] Ep 053/100 | train_loss=0.3473 | val_loss=0.3873 | avg_f1=0.9637 | lr=1.75e-04 | 133s
2026-04-13 08:03:21,203 [INFO]   [octmnist] acc=0.9787 f1=0.9637
2026-04-13 08:03:21,203 [INFO]   [sigma] octmnist: 0.8597
2026-04-13 08:05:34,668 [INFO] Ep 054/100 | train_loss=0.3467 | val_loss=0.3851 | avg_f1=0.9663 | lr=1.70e-04 | 133s
2026-04-13 08:05:34,668 [INFO]   [octmnist] acc=0.9802 f1=0.9663
2026-04-13 08:05:34,668 [INFO]   [sigma] octmnist: 0.8590
2026-04-13 08:07:48,022 [INFO] Ep 055/100 | train_loss=0.3457 | val_loss=0.3865 | avg_f1=0.9647 | lr=1.64e-04 | 133s
2026-04-13 08:07:48,022 [INFO]   [octmnist] acc=0.9791 f1=0.9647
2026-04-13 08:07:48,022 [INFO]   [sigma] octmnist: 0.8583
2026-04-13 08:10:01,658 [INFO] Ep 056/100 | train_loss=0.3453 | val_loss=0.3878 | avg_f1=0.9641 | lr=1.59e-04 | 133s
2026-04-13 08:10:01,658 [INFO]   [octmnist] acc=0.9785 f1=0.9641
2026-04-13 08:10:01,658 [INFO]   [sigma] octmnist: 0.8578
2026-04-13 08:12:14,835 [INFO] Ep 057/100 | train_loss=0.3423 | val_loss=0.3848 | avg_f1=0.9650 | lr=1.53e-04 | 133s
2026-04-13 08:12:14,835 [INFO]   [octmnist] acc=0.9792 f1=0.9650
2026-04-13 08:12:14,835 [INFO]   [sigma] octmnist: 0.8564
2026-04-13 08:14:28,333 [INFO] Ep 058/100 | train_loss=0.3434 | val_loss=0.3836 | avg_f1=0.9679 | lr=1.48e-04 | 133s
2026-04-13 08:14:28,333 [INFO]   [octmnist] acc=0.9810 f1=0.9679
2026-04-13 08:14:28,334 [INFO]   [sigma] octmnist: 0.8559
2026-04-13 08:14:28,334 [INFO]   >> New best avg_f1=0.9679
2026-04-13 08:16:42,213 [INFO] Ep 059/100 | train_loss=0.3412 | val_loss=0.3857 | avg_f1=0.9657 | lr=1.42e-04 | 133s
2026-04-13 08:16:42,213 [INFO]   [octmnist] acc=0.9798 f1=0.9657
2026-04-13 08:16:42,213 [INFO]   [sigma] octmnist: 0.8550
2026-04-13 08:18:55,509 [INFO] Ep 060/100 | train_loss=0.3422 | val_loss=0.3821 | avg_f1=0.9686 | lr=1.37e-04 | 133s
2026-04-13 08:18:55,509 [INFO]   [octmnist] acc=0.9817 f1=0.9686
2026-04-13 08:18:55,509 [INFO]   [sigma] octmnist: 0.8547
2026-04-13 08:18:55,510 [INFO]   >> New best avg_f1=0.9686
2026-04-13 08:21:09,118 [INFO] Ep 061/100 | train_loss=0.3402 | val_loss=0.3806 | avg_f1=0.9666 | lr=1.31e-04 | 133s
2026-04-13 08:21:09,118 [INFO]   [octmnist] acc=0.9802 f1=0.9666
2026-04-13 08:21:09,118 [INFO]   [sigma] octmnist: 0.8539
2026-04-13 08:23:22,382 [INFO] Ep 062/100 | train_loss=0.3412 | val_loss=0.3806 | avg_f1=0.9682 | lr=1.26e-04 | 133s
2026-04-13 08:23:22,382 [INFO]   [octmnist] acc=0.9814 f1=0.9682
2026-04-13 08:23:22,382 [INFO]   [sigma] octmnist: 0.8537
2026-04-13 08:25:36,001 [INFO] Ep 063/100 | train_loss=0.3406 | val_loss=0.3803 | avg_f1=0.9672 | lr=1.20e-04 | 133s
2026-04-13 08:25:36,001 [INFO]   [octmnist] acc=0.9808 f1=0.9672
2026-04-13 08:25:36,001 [INFO]   [sigma] octmnist: 0.8534
2026-04-13 08:27:49,321 [INFO] Ep 064/100 | train_loss=0.3381 | val_loss=0.3837 | avg_f1=0.9692 | lr=1.15e-04 | 133s
2026-04-13 08:27:49,322 [INFO]   [octmnist] acc=0.9818 f1=0.9692
2026-04-13 08:27:49,322 [INFO]   [sigma] octmnist: 0.8525
2026-04-13 08:27:49,322 [INFO]   >> New best avg_f1=0.9692
2026-04-13 08:30:02,300 [INFO] Ep 065/100 | train_loss=0.3371 | val_loss=0.3809 | avg_f1=0.9675 | lr=1.10e-04 | 132s
2026-04-13 08:30:02,300 [INFO]   [octmnist] acc=0.9810 f1=0.9675
2026-04-13 08:30:02,300 [INFO]   [sigma] octmnist: 0.8517
2026-04-13 08:32:15,466 [INFO] Ep 066/100 | train_loss=0.3366 | val_loss=0.3862 | avg_f1=0.9657 | lr=1.04e-04 | 133s
2026-04-13 08:32:15,467 [INFO]   [octmnist] acc=0.9802 f1=0.9657
2026-04-13 08:32:15,467 [INFO]   [sigma] octmnist: 0.8510
2026-04-13 08:34:28,274 [INFO] Ep 067/100 | train_loss=0.3375 | val_loss=0.3830 | avg_f1=0.9663 | lr=9.91e-05 | 132s
2026-04-13 08:34:28,274 [INFO]   [octmnist] acc=0.9802 f1=0.9663
2026-04-13 08:34:28,274 [INFO]   [sigma] octmnist: 0.8507
2026-04-13 08:36:41,396 [INFO] Ep 068/100 | train_loss=0.3360 | val_loss=0.3777 | avg_f1=0.9703 | lr=9.39e-05 | 133s
2026-04-13 08:36:41,396 [INFO]   [octmnist] acc=0.9827 f1=0.9703
2026-04-13 08:36:41,396 [INFO]   [sigma] octmnist: 0.8502
2026-04-13 08:36:41,397 [INFO]   >> New best avg_f1=0.9703
2026-04-13 08:38:54,605 [INFO] Ep 069/100 | train_loss=0.3350 | val_loss=0.3812 | avg_f1=0.9679 | lr=8.89e-05 | 132s
2026-04-13 08:38:54,605 [INFO]   [octmnist] acc=0.9814 f1=0.9679
2026-04-13 08:38:54,606 [INFO]   [sigma] octmnist: 0.8496
2026-04-13 08:41:07,270 [INFO] Ep 070/100 | train_loss=0.3346 | val_loss=0.3816 | avg_f1=0.9667 | lr=8.39e-05 | 132s
2026-04-13 08:41:07,270 [INFO]   [octmnist] acc=0.9808 f1=0.9667
2026-04-13 08:41:07,270 [INFO]   [sigma] octmnist: 0.8490
2026-04-13 08:43:19,808 [INFO] Ep 071/100 | train_loss=0.3348 | val_loss=0.3840 | avg_f1=0.9663 | lr=7.90e-05 | 132s
2026-04-13 08:43:19,808 [INFO]   [octmnist] acc=0.9805 f1=0.9663
2026-04-13 08:43:19,809 [INFO]   [sigma] octmnist: 0.8488
2026-04-13 08:45:32,286 [INFO] Ep 072/100 | train_loss=0.3345 | val_loss=0.3800 | avg_f1=0.9678 | lr=7.42e-05 | 132s
2026-04-13 08:45:32,286 [INFO]   [octmnist] acc=0.9815 f1=0.9678
2026-04-13 08:45:32,286 [INFO]   [sigma] octmnist: 0.8485
2026-04-13 08:47:44,786 [INFO] Ep 073/100 | train_loss=0.3343 | val_loss=0.3823 | avg_f1=0.9684 | lr=6.95e-05 | 132s
2026-04-13 08:47:44,786 [INFO]   [octmnist] acc=0.9816 f1=0.9684
2026-04-13 08:47:44,787 [INFO]   [sigma] octmnist: 0.8482
2026-04-13 08:49:56,861 [INFO] Ep 074/100 | train_loss=0.3341 | val_loss=0.3831 | avg_f1=0.9675 | lr=6.49e-05 | 132s
2026-04-13 08:49:56,861 [INFO]   [octmnist] acc=0.9811 f1=0.9675
2026-04-13 08:49:56,862 [INFO]   [sigma] octmnist: 0.8480
2026-04-13 08:52:09,486 [INFO] Ep 075/100 | train_loss=0.3327 | val_loss=0.3819 | avg_f1=0.9694 | lr=6.04e-05 | 132s
2026-04-13 08:52:09,487 [INFO]   [octmnist] acc=0.9822 f1=0.9694
2026-04-13 08:52:09,487 [INFO]   [sigma] octmnist: 0.8475
2026-04-13 08:54:22,052 [INFO] Ep 076/100 | train_loss=0.3318 | val_loss=0.3820 | avg_f1=0.9685 | lr=5.61e-05 | 132s
2026-04-13 08:54:22,052 [INFO]   [octmnist] acc=0.9819 f1=0.9685
2026-04-13 08:54:22,052 [INFO]   [sigma] octmnist: 0.8470
2026-04-13 08:56:34,653 [INFO] Ep 077/100 | train_loss=0.3328 | val_loss=0.3796 | avg_f1=0.9695 | lr=5.18e-05 | 132s
2026-04-13 08:56:34,653 [INFO]   [octmnist] acc=0.9824 f1=0.9695
2026-04-13 08:56:34,653 [INFO]   [sigma] octmnist: 0.8468
2026-04-13 08:58:47,246 [INFO] Ep 078/100 | train_loss=0.3317 | val_loss=0.3830 | avg_f1=0.9698 | lr=4.78e-05 | 132s
2026-04-13 08:58:47,246 [INFO]   [octmnist] acc=0.9826 f1=0.9698
2026-04-13 08:58:47,246 [INFO]   [sigma] octmnist: 0.8466
2026-04-13 09:00:59,842 [INFO] Ep 079/100 | train_loss=0.3310 | val_loss=0.3832 | avg_f1=0.9686 | lr=4.38e-05 | 132s
2026-04-13 09:00:59,843 [INFO]   [octmnist] acc=0.9817 f1=0.9686
2026-04-13 09:00:59,843 [INFO]   [sigma] octmnist: 0.8462
2026-04-13 09:03:12,790 [INFO] Ep 080/100 | train_loss=0.3321 | val_loss=0.3817 | avg_f1=0.9691 | lr=4.00e-05 | 133s
2026-04-13 09:03:12,790 [INFO]   [octmnist] acc=0.9821 f1=0.9691
2026-04-13 09:03:12,790 [INFO]   [sigma] octmnist: 0.8461
2026-04-13 09:05:25,615 [INFO] Ep 081/100 | train_loss=0.3312 | val_loss=0.3804 | avg_f1=0.9699 | lr=3.64e-05 | 132s
2026-04-13 09:05:25,615 [INFO]   [octmnist] acc=0.9826 f1=0.9699
2026-04-13 09:05:25,615 [INFO]   [sigma] octmnist: 0.8459
2026-04-13 09:07:38,777 [INFO] Ep 082/100 | train_loss=0.3308 | val_loss=0.3827 | avg_f1=0.9692 | lr=3.29e-05 | 133s
2026-04-13 09:07:38,777 [INFO]   [octmnist] acc=0.9824 f1=0.9692
2026-04-13 09:07:38,777 [INFO]   [sigma] octmnist: 0.8457
2026-04-13 09:09:51,839 [INFO] Ep 083/100 | train_loss=0.3310 | val_loss=0.3844 | avg_f1=0.9682 | lr=2.96e-05 | 133s
2026-04-13 09:09:51,839 [INFO]   [octmnist] acc=0.9817 f1=0.9682
2026-04-13 09:09:51,839 [INFO]   [sigma] octmnist: 0.8456
2026-04-13 09:12:04,371 [INFO] Ep 084/100 | train_loss=0.3293 | val_loss=0.3821 | avg_f1=0.9690 | lr=2.64e-05 | 132s
2026-04-13 09:12:04,372 [INFO]   [octmnist] acc=0.9822 f1=0.9690
2026-04-13 09:12:04,372 [INFO]   [sigma] octmnist: 0.8453
2026-04-13 09:14:17,389 [INFO] Ep 085/100 | train_loss=0.3295 | val_loss=0.3832 | avg_f1=0.9694 | lr=2.34e-05 | 133s
2026-04-13 09:14:17,389 [INFO]   [octmnist] acc=0.9824 f1=0.9694
2026-04-13 09:14:17,389 [INFO]   [sigma] octmnist: 0.8451
2026-04-13 09:16:30,543 [INFO] Ep 086/100 | train_loss=0.3303 | val_loss=0.3822 | avg_f1=0.9691 | lr=2.06e-05 | 133s
2026-04-13 09:16:30,543 [INFO]   [octmnist] acc=0.9822 f1=0.9691
2026-04-13 09:16:30,543 [INFO]   [sigma] octmnist: 0.8450
2026-04-13 09:18:43,604 [INFO] Ep 087/100 | train_loss=0.3299 | val_loss=0.3809 | avg_f1=0.9707 | lr=1.79e-05 | 133s
2026-04-13 09:18:43,604 [INFO]   [octmnist] acc=0.9829 f1=0.9707
2026-04-13 09:18:43,604 [INFO]   [sigma] octmnist: 0.8449
2026-04-13 09:18:43,605 [INFO]   >> New best avg_f1=0.9707
2026-04-13 09:20:57,238 [INFO] Ep 088/100 | train_loss=0.3292 | val_loss=0.3818 | avg_f1=0.9703 | lr=1.55e-05 | 133s
2026-04-13 09:20:57,238 [INFO]   [octmnist] acc=0.9829 f1=0.9703
2026-04-13 09:20:57,239 [INFO]   [sigma] octmnist: 0.8447
2026-04-13 09:23:10,008 [INFO] Ep 089/100 | train_loss=0.3297 | val_loss=0.3819 | avg_f1=0.9703 | lr=1.32e-05 | 132s
2026-04-13 09:23:10,008 [INFO]   [octmnist] acc=0.9829 f1=0.9703
2026-04-13 09:23:10,008 [INFO]   [sigma] octmnist: 0.8446
2026-04-13 09:25:23,497 [INFO] Ep 090/100 | train_loss=0.3296 | val_loss=0.3814 | avg_f1=0.9707 | lr=1.11e-05 | 133s
2026-04-13 09:25:23,498 [INFO]   [octmnist] acc=0.9832 f1=0.9707
2026-04-13 09:25:23,498 [INFO]   [sigma] octmnist: 0.8446
2026-04-13 09:25:23,498 [INFO]   >> New best avg_f1=0.9707
2026-04-13 09:27:37,033 [INFO] Ep 091/100 | train_loss=0.3290 | val_loss=0.3816 | avg_f1=0.9696 | lr=9.20e-06 | 133s
2026-04-13 09:27:37,033 [INFO]   [octmnist] acc=0.9826 f1=0.9696
2026-04-13 09:27:37,033 [INFO]   [sigma] octmnist: 0.8445
2026-04-13 09:29:50,383 [INFO] Ep 092/100 | train_loss=0.3282 | val_loss=0.3815 | avg_f1=0.9705 | lr=7.49e-06 | 133s
2026-04-13 09:29:50,383 [INFO]   [octmnist] acc=0.9830 f1=0.9705
2026-04-13 09:29:50,383 [INFO]   [sigma] octmnist: 0.8444
2026-04-13 09:32:03,912 [INFO] Ep 093/100 | train_loss=0.3290 | val_loss=0.3822 | avg_f1=0.9695 | lr=5.98e-06 | 133s
2026-04-13 09:32:03,912 [INFO]   [octmnist] acc=0.9824 f1=0.9695
2026-04-13 09:32:03,912 [INFO]   [sigma] octmnist: 0.8443
2026-04-13 09:34:17,518 [INFO] Ep 094/100 | train_loss=0.3286 | val_loss=0.3814 | avg_f1=0.9704 | lr=4.66e-06 | 133s
2026-04-13 09:34:17,518 [INFO]   [octmnist] acc=0.9830 f1=0.9704
2026-04-13 09:34:17,519 [INFO]   [sigma] octmnist: 0.8443
2026-04-13 09:36:30,891 [INFO] Ep 095/100 | train_loss=0.3289 | val_loss=0.3813 | avg_f1=0.9708 | lr=3.55e-06 | 133s
2026-04-13 09:36:30,891 [INFO]   [octmnist] acc=0.9833 f1=0.9708
2026-04-13 09:36:30,891 [INFO]   [sigma] octmnist: 0.8443
2026-04-13 09:36:30,892 [INFO]   >> New best avg_f1=0.9708
2026-04-13 09:38:44,370 [INFO] Ep 096/100 | train_loss=0.3288 | val_loss=0.3815 | avg_f1=0.9698 | lr=2.63e-06 | 133s
2026-04-13 09:38:44,370 [INFO]   [octmnist] acc=0.9827 f1=0.9698
2026-04-13 09:38:44,370 [INFO]   [sigma] octmnist: 0.8442
2026-04-13 09:40:57,458 [INFO] Ep 097/100 | train_loss=0.3282 | val_loss=0.3817 | avg_f1=0.9693 | lr=1.92e-06 | 133s
2026-04-13 09:40:57,458 [INFO]   [octmnist] acc=0.9825 f1=0.9693
2026-04-13 09:40:57,458 [INFO]   [sigma] octmnist: 0.8442
2026-04-13 09:43:10,738 [INFO] Ep 098/100 | train_loss=0.3283 | val_loss=0.3817 | avg_f1=0.9694 | lr=1.41e-06 | 133s
2026-04-13 09:43:10,738 [INFO]   [octmnist] acc=0.9826 f1=0.9694
2026-04-13 09:43:10,738 [INFO]   [sigma] octmnist: 0.8442
2026-04-13 09:45:24,199 [INFO] Ep 099/100 | train_loss=0.3292 | val_loss=0.3814 | avg_f1=0.9696 | lr=1.10e-06 | 133s
2026-04-13 09:45:24,199 [INFO]   [octmnist] acc=0.9826 f1=0.9696
2026-04-13 09:45:24,200 [INFO]   [sigma] octmnist: 0.8442
2026-04-13 09:47:37,706 [INFO] Ep 100/100 | train_loss=0.3284 | val_loss=0.3813 | avg_f1=0.9701 | lr=1.00e-06 | 133s
2026-04-13 09:47:37,706 [INFO]   [octmnist] acc=0.9829 f1=0.9701
2026-04-13 09:47:37,706 [INFO]   [sigma] octmnist: 0.8442
2026-04-13 09:47:38,141 [INFO] Training complete.
2026-04-13 09:47:38,142 [INFO] Loading checkpoint: runs/medical_mamba/checkpoint_best.pt
2026-04-13 09:47:38,400 [INFO] Resumed from epoch 95
2026-04-13 09:47:40,005 [INFO] 
=== TEST RESULTS ===
2026-04-13 09:47:40,005 [INFO]   [octmnist] acc=0.8910 f1=0.8898
