2026-04-05 17:49:05,825 [INFO] Building VMamba-tiny | patch=8
2026-04-05 17:49:06,502 [INFO] Parameters: 49.5M | Tasks: ['pathmnist']
2026-04-05 17:49:06,505 [INFO] ================================================================
2026-04-05 17:49:06,505 [INFO] MedicalVMamba-tiny | tasks=['pathmnist'] | device=cuda:0 | AMP=True
2026-04-05 17:49:06,505 [INFO] ================================================================
2026-04-05 17:52:14,888 [INFO] Ep 001/100 | train_loss=1.5349 | val_loss=1.2804 | avg_f1=0.6266 | lr=4.00e-05 | 188s
2026-04-05 17:52:14,888 [INFO]   [pathmnist] acc=0.6309 f1=0.6266
2026-04-05 17:52:14,888 [INFO]   [sigma] pathmnist: 1.0006
2026-04-05 17:52:14,890 [INFO]   >> New best avg_f1=0.6266
2026-04-05 17:55:20,795 [INFO] Ep 002/100 | train_loss=1.3419 | val_loss=1.1640 | avg_f1=0.6650 | lr=6.00e-05 | 185s
2026-04-05 17:55:20,795 [INFO]   [pathmnist] acc=0.6852 f1=0.6650
2026-04-05 17:55:20,795 [INFO]   [sigma] pathmnist: 1.0015
2026-04-05 17:55:20,796 [INFO]   >> New best avg_f1=0.6650
2026-04-05 17:58:28,678 [INFO] Ep 003/100 | train_loss=1.2209 | val_loss=1.0512 | avg_f1=0.7514 | lr=8.00e-05 | 187s
2026-04-05 17:58:28,678 [INFO]   [pathmnist] acc=0.7559 f1=0.7514
2026-04-05 17:58:28,678 [INFO]   [sigma] pathmnist: 1.0027
2026-04-05 17:58:28,678 [INFO]   >> New best avg_f1=0.7514
2026-04-05 18:01:37,752 [INFO] Ep 004/100 | train_loss=1.1138 | val_loss=1.0137 | avg_f1=0.7689 | lr=1.00e-04 | 188s
2026-04-05 18:01:37,752 [INFO]   [pathmnist] acc=0.7661 f1=0.7689
2026-04-05 18:01:37,752 [INFO]   [sigma] pathmnist: 1.0043
2026-04-05 18:01:37,753 [INFO]   >> New best avg_f1=0.7689
2026-04-05 18:04:47,426 [INFO] Ep 005/100 | train_loss=1.0292 | val_loss=0.8805 | avg_f1=0.8328 | lr=1.20e-04 | 188s
2026-04-05 18:04:47,426 [INFO]   [pathmnist] acc=0.8337 f1=0.8328
2026-04-05 18:04:47,426 [INFO]   [sigma] pathmnist: 1.0065
2026-04-05 18:04:47,427 [INFO]   >> New best avg_f1=0.8328
2026-04-05 18:07:58,607 [INFO] Ep 006/100 | train_loss=0.9391 | val_loss=0.7830 | avg_f1=0.8661 | lr=1.40e-04 | 190s
2026-04-05 18:07:58,607 [INFO]   [pathmnist] acc=0.8698 f1=0.8661
2026-04-05 18:07:58,607 [INFO]   [sigma] pathmnist: 1.0091
2026-04-05 18:07:58,608 [INFO]   >> New best avg_f1=0.8661
2026-04-05 18:11:09,341 [INFO] Ep 007/100 | train_loss=0.8750 | val_loss=0.7597 | avg_f1=0.8740 | lr=1.60e-04 | 189s
2026-04-05 18:11:09,341 [INFO]   [pathmnist] acc=0.8771 f1=0.8740
2026-04-05 18:11:09,341 [INFO]   [sigma] pathmnist: 1.0122
2026-04-05 18:11:09,342 [INFO]   >> New best avg_f1=0.8740
2026-04-05 18:14:20,889 [INFO] Ep 008/100 | train_loss=0.8222 | val_loss=0.7875 | avg_f1=0.8575 | lr=1.80e-04 | 190s
2026-04-05 18:14:20,889 [INFO]   [pathmnist] acc=0.8595 f1=0.8575
2026-04-05 18:14:20,889 [INFO]   [sigma] pathmnist: 1.0158
2026-04-05 18:17:31,817 [INFO] Ep 009/100 | train_loss=0.7969 | val_loss=0.6649 | avg_f1=0.9194 | lr=2.00e-04 | 190s
2026-04-05 18:17:31,818 [INFO]   [pathmnist] acc=0.9195 f1=0.9194
2026-04-05 18:17:31,818 [INFO]   [sigma] pathmnist: 1.0200
2026-04-05 18:17:31,818 [INFO]   >> New best avg_f1=0.9194
2026-04-05 18:20:43,541 [INFO] Ep 010/100 | train_loss=0.7523 | val_loss=0.6927 | avg_f1=0.9065 | lr=2.20e-04 | 190s
2026-04-05 18:20:43,541 [INFO]   [pathmnist] acc=0.9060 f1=0.9065
2026-04-05 18:20:43,541 [INFO]   [sigma] pathmnist: 1.0250
2026-04-05 18:23:54,836 [INFO] Ep 011/100 | train_loss=0.7296 | val_loss=0.6541 | avg_f1=0.9204 | lr=2.40e-04 | 191s
2026-04-05 18:23:54,836 [INFO]   [pathmnist] acc=0.9221 f1=0.9204
2026-04-05 18:23:54,836 [INFO]   [sigma] pathmnist: 1.0307
2026-04-05 18:23:54,837 [INFO]   >> New best avg_f1=0.9204
2026-04-05 18:27:07,152 [INFO] Ep 012/100 | train_loss=0.7096 | val_loss=0.6351 | avg_f1=0.9304 | lr=2.60e-04 | 191s
2026-04-05 18:27:07,153 [INFO]   [pathmnist] acc=0.9301 f1=0.9304
2026-04-05 18:27:07,153 [INFO]   [sigma] pathmnist: 1.0375
2026-04-05 18:27:07,153 [INFO]   >> New best avg_f1=0.9304
2026-04-05 18:30:19,632 [INFO] Ep 013/100 | train_loss=0.6844 | val_loss=0.6332 | avg_f1=0.9323 | lr=2.80e-04 | 191s
2026-04-05 18:30:19,632 [INFO]   [pathmnist] acc=0.9336 f1=0.9323
2026-04-05 18:30:19,632 [INFO]   [sigma] pathmnist: 1.0451
2026-04-05 18:30:19,633 [INFO]   >> New best avg_f1=0.9323
2026-04-05 18:33:32,572 [INFO] Ep 014/100 | train_loss=0.6762 | val_loss=0.6030 | avg_f1=0.9476 | lr=3.00e-04 | 192s
2026-04-05 18:33:32,572 [INFO]   [pathmnist] acc=0.9483 f1=0.9476
2026-04-05 18:33:32,572 [INFO]   [sigma] pathmnist: 1.0536
2026-04-05 18:33:32,573 [INFO]   >> New best avg_f1=0.9476
2026-04-05 18:36:44,919 [INFO] Ep 015/100 | train_loss=0.6584 | val_loss=0.6106 | avg_f1=0.9402 | lr=3.00e-04 | 191s
2026-04-05 18:36:44,919 [INFO]   [pathmnist] acc=0.9405 f1=0.9402
2026-04-05 18:36:44,920 [INFO]   [sigma] pathmnist: 1.0620
2026-04-05 18:39:56,540 [INFO] Ep 016/100 | train_loss=0.6362 | val_loss=0.5841 | avg_f1=0.9576 | lr=3.00e-04 | 191s
2026-04-05 18:39:56,540 [INFO]   [pathmnist] acc=0.9572 f1=0.9576
2026-04-05 18:39:56,540 [INFO]   [sigma] pathmnist: 1.0696
2026-04-05 18:39:56,541 [INFO]   >> New best avg_f1=0.9576
2026-04-05 18:43:09,142 [INFO] Ep 017/100 | train_loss=0.6270 | val_loss=0.5705 | avg_f1=0.9631 | lr=3.00e-04 | 191s
2026-04-05 18:43:09,142 [INFO]   [pathmnist] acc=0.9633 f1=0.9631
2026-04-05 18:43:09,142 [INFO]   [sigma] pathmnist: 1.0768
2026-04-05 18:43:09,143 [INFO]   >> New best avg_f1=0.9631
2026-04-05 18:46:21,371 [INFO] Ep 018/100 | train_loss=0.6169 | val_loss=0.5759 | avg_f1=0.9584 | lr=2.99e-04 | 191s
2026-04-05 18:46:21,371 [INFO]   [pathmnist] acc=0.9587 f1=0.9584
2026-04-05 18:46:21,371 [INFO]   [sigma] pathmnist: 1.0825
2026-04-05 18:49:33,019 [INFO] Ep 019/100 | train_loss=0.6061 | val_loss=0.5562 | avg_f1=0.9687 | lr=2.98e-04 | 191s
2026-04-05 18:49:33,019 [INFO]   [pathmnist] acc=0.9685 f1=0.9687
2026-04-05 18:49:33,020 [INFO]   [sigma] pathmnist: 1.0866
2026-04-05 18:49:33,020 [INFO]   >> New best avg_f1=0.9687
2026-04-05 18:52:45,386 [INFO] Ep 020/100 | train_loss=0.5974 | val_loss=0.5615 | avg_f1=0.9653 | lr=2.97e-04 | 191s
2026-04-05 18:52:45,386 [INFO]   [pathmnist] acc=0.9659 f1=0.9653
2026-04-05 18:52:45,386 [INFO]   [sigma] pathmnist: 1.0889
2026-04-05 18:55:57,222 [INFO] Ep 021/100 | train_loss=0.5884 | val_loss=0.5582 | avg_f1=0.9687 | lr=2.96e-04 | 191s
2026-04-05 18:55:57,222 [INFO]   [pathmnist] acc=0.9687 f1=0.9687
2026-04-05 18:55:57,222 [INFO]   [sigma] pathmnist: 1.0888
2026-04-05 18:59:10,777 [INFO] Ep 022/100 | train_loss=0.5828 | val_loss=0.5551 | avg_f1=0.9705 | lr=2.95e-04 | 193s
2026-04-05 18:59:10,777 [INFO]   [pathmnist] acc=0.9705 f1=0.9705
2026-04-05 18:59:10,777 [INFO]   [sigma] pathmnist: 1.0871
2026-04-05 18:59:10,778 [INFO]   >> New best avg_f1=0.9705
2026-04-05 19:02:24,126 [INFO] Ep 023/100 | train_loss=0.5810 | val_loss=0.5617 | avg_f1=0.9653 | lr=2.94e-04 | 192s
2026-04-05 19:02:24,126 [INFO]   [pathmnist] acc=0.9660 f1=0.9653
2026-04-05 19:02:24,126 [INFO]   [sigma] pathmnist: 1.0851
2026-04-05 19:05:36,754 [INFO] Ep 024/100 | train_loss=0.5738 | val_loss=0.5409 | avg_f1=0.9758 | lr=2.92e-04 | 192s
2026-04-05 19:05:36,754 [INFO]   [pathmnist] acc=0.9758 f1=0.9758
2026-04-05 19:05:36,754 [INFO]   [sigma] pathmnist: 1.0815
2026-04-05 19:05:36,755 [INFO]   >> New best avg_f1=0.9758
2026-04-05 19:08:49,831 [INFO] Ep 025/100 | train_loss=0.5737 | val_loss=0.5390 | avg_f1=0.9765 | lr=2.90e-04 | 192s
2026-04-05 19:08:49,831 [INFO]   [pathmnist] acc=0.9767 f1=0.9765
2026-04-05 19:08:49,832 [INFO]   [sigma] pathmnist: 1.0785
2026-04-05 19:08:49,832 [INFO]   >> New best avg_f1=0.9765
2026-04-05 19:12:02,229 [INFO] Ep 026/100 | train_loss=0.5656 | val_loss=0.5379 | avg_f1=0.9768 | lr=2.88e-04 | 191s
2026-04-05 19:12:02,229 [INFO]   [pathmnist] acc=0.9772 f1=0.9768
2026-04-05 19:12:02,229 [INFO]   [sigma] pathmnist: 1.0738
2026-04-05 19:12:02,230 [INFO]   >> New best avg_f1=0.9768
2026-04-05 19:15:14,347 [INFO] Ep 027/100 | train_loss=0.5615 | val_loss=0.5358 | avg_f1=0.9799 | lr=2.86e-04 | 191s
2026-04-05 19:15:14,347 [INFO]   [pathmnist] acc=0.9800 f1=0.9799
2026-04-05 19:15:14,347 [INFO]   [sigma] pathmnist: 1.0695
2026-04-05 19:15:14,348 [INFO]   >> New best avg_f1=0.9799
2026-04-05 19:18:26,402 [INFO] Ep 028/100 | train_loss=0.5590 | val_loss=0.5462 | avg_f1=0.9731 | lr=2.83e-04 | 191s
2026-04-05 19:18:26,402 [INFO]   [pathmnist] acc=0.9732 f1=0.9731
2026-04-05 19:18:26,402 [INFO]   [sigma] pathmnist: 1.0655
2026-04-05 19:21:38,193 [INFO] Ep 029/100 | train_loss=0.5542 | val_loss=0.5329 | avg_f1=0.9800 | lr=2.80e-04 | 191s
2026-04-05 19:21:38,193 [INFO]   [pathmnist] acc=0.9800 f1=0.9800
2026-04-05 19:21:38,193 [INFO]   [sigma] pathmnist: 1.0611
2026-04-05 19:21:38,194 [INFO]   >> New best avg_f1=0.9800
2026-04-05 19:24:50,135 [INFO] Ep 030/100 | train_loss=0.5507 | val_loss=0.5291 | avg_f1=0.9826 | lr=2.78e-04 | 191s
2026-04-05 19:24:50,135 [INFO]   [pathmnist] acc=0.9827 f1=0.9826
2026-04-05 19:24:50,135 [INFO]   [sigma] pathmnist: 1.0572
2026-04-05 19:24:50,136 [INFO]   >> New best avg_f1=0.9826
2026-04-05 19:28:02,567 [INFO] Ep 031/100 | train_loss=0.5514 | val_loss=0.5298 | avg_f1=0.9798 | lr=2.75e-04 | 191s
2026-04-05 19:28:02,567 [INFO]   [pathmnist] acc=0.9800 f1=0.9798
2026-04-05 19:28:02,567 [INFO]   [sigma] pathmnist: 1.0550
2026-04-05 19:31:13,699 [INFO] Ep 032/100 | train_loss=0.5492 | val_loss=0.5297 | avg_f1=0.9824 | lr=2.71e-04 | 190s
2026-04-05 19:31:13,699 [INFO]   [pathmnist] acc=0.9825 f1=0.9824
2026-04-05 19:31:13,699 [INFO]   [sigma] pathmnist: 1.0527
2026-04-05 19:34:25,180 [INFO] Ep 033/100 | train_loss=0.5440 | val_loss=0.5292 | avg_f1=0.9799 | lr=2.68e-04 | 191s
2026-04-05 19:34:25,180 [INFO]   [pathmnist] acc=0.9802 f1=0.9799
2026-04-05 19:34:25,180 [INFO]   [sigma] pathmnist: 1.0492
2026-04-05 19:37:36,615 [INFO] Ep 034/100 | train_loss=0.5420 | val_loss=0.5235 | avg_f1=0.9847 | lr=2.65e-04 | 191s
2026-04-05 19:37:36,616 [INFO]   [pathmnist] acc=0.9848 f1=0.9847
2026-04-05 19:37:36,616 [INFO]   [sigma] pathmnist: 1.0464
2026-04-05 19:37:36,616 [INFO]   >> New best avg_f1=0.9847
2026-04-05 19:40:49,120 [INFO] Ep 035/100 | train_loss=0.5406 | val_loss=0.5301 | avg_f1=0.9799 | lr=2.61e-04 | 191s
2026-04-05 19:40:49,120 [INFO]   [pathmnist] acc=0.9801 f1=0.9799
2026-04-05 19:40:49,121 [INFO]   [sigma] pathmnist: 1.0439
2026-04-05 19:44:01,290 [INFO] Ep 036/100 | train_loss=0.5404 | val_loss=0.5186 | avg_f1=0.9855 | lr=2.57e-04 | 192s
2026-04-05 19:44:01,290 [INFO]   [pathmnist] acc=0.9856 f1=0.9855
2026-04-05 19:44:01,290 [INFO]   [sigma] pathmnist: 1.0424
2026-04-05 19:44:01,291 [INFO]   >> New best avg_f1=0.9855
2026-04-05 19:47:13,959 [INFO] Ep 037/100 | train_loss=0.5366 | val_loss=0.5286 | avg_f1=0.9820 | lr=2.53e-04 | 191s
2026-04-05 19:47:13,959 [INFO]   [pathmnist] acc=0.9817 f1=0.9820
2026-04-05 19:47:13,959 [INFO]   [sigma] pathmnist: 1.0400
2026-04-05 19:50:25,819 [INFO] Ep 038/100 | train_loss=0.5346 | val_loss=0.5200 | avg_f1=0.9855 | lr=2.49e-04 | 191s
2026-04-05 19:50:25,819 [INFO]   [pathmnist] acc=0.9855 f1=0.9855
2026-04-05 19:50:25,819 [INFO]   [sigma] pathmnist: 1.0378
2026-04-05 19:50:25,820 [INFO]   >> New best avg_f1=0.9855
2026-04-05 19:53:38,842 [INFO] Ep 039/100 | train_loss=0.5333 | val_loss=0.5139 | avg_f1=0.9881 | lr=2.45e-04 | 192s
2026-04-05 19:53:38,842 [INFO]   [pathmnist] acc=0.9882 f1=0.9881
2026-04-05 19:53:38,843 [INFO]   [sigma] pathmnist: 1.0358
2026-04-05 19:53:38,843 [INFO]   >> New best avg_f1=0.9881
2026-04-05 19:56:51,520 [INFO] Ep 040/100 | train_loss=0.5310 | val_loss=0.5225 | avg_f1=0.9833 | lr=2.41e-04 | 191s
2026-04-05 19:56:51,520 [INFO]   [pathmnist] acc=0.9834 f1=0.9833
2026-04-05 19:56:51,520 [INFO]   [sigma] pathmnist: 1.0338
2026-04-05 20:00:03,442 [INFO] Ep 041/100 | train_loss=0.5287 | val_loss=0.5152 | avg_f1=0.9874 | lr=2.36e-04 | 191s
2026-04-05 20:00:03,442 [INFO]   [pathmnist] acc=0.9875 f1=0.9874
2026-04-05 20:00:03,442 [INFO]   [sigma] pathmnist: 1.0319
2026-04-05 20:03:15,440 [INFO] Ep 042/100 | train_loss=0.5277 | val_loss=0.5118 | avg_f1=0.9900 | lr=2.32e-04 | 191s
2026-04-05 20:03:15,440 [INFO]   [pathmnist] acc=0.9900 f1=0.9900
2026-04-05 20:03:15,440 [INFO]   [sigma] pathmnist: 1.0301
2026-04-05 20:03:15,440 [INFO]   >> New best avg_f1=0.9900
2026-04-05 20:06:28,283 [INFO] Ep 043/100 | train_loss=0.5278 | val_loss=0.5121 | avg_f1=0.9892 | lr=2.27e-04 | 192s
2026-04-05 20:06:28,283 [INFO]   [pathmnist] acc=0.9893 f1=0.9892
2026-04-05 20:06:28,283 [INFO]   [sigma] pathmnist: 1.0292
2026-04-05 20:09:40,345 [INFO] Ep 044/100 | train_loss=0.5264 | val_loss=0.5105 | avg_f1=0.9884 | lr=2.22e-04 | 191s
2026-04-05 20:09:40,345 [INFO]   [pathmnist] acc=0.9885 f1=0.9884
2026-04-05 20:09:40,345 [INFO]   [sigma] pathmnist: 1.0279
2026-04-05 20:12:52,609 [INFO] Ep 045/100 | train_loss=0.5251 | val_loss=0.5144 | avg_f1=0.9868 | lr=2.17e-04 | 192s
2026-04-05 20:12:52,610 [INFO]   [pathmnist] acc=0.9868 f1=0.9868
2026-04-05 20:12:52,610 [INFO]   [sigma] pathmnist: 1.0266
2026-04-05 20:16:05,401 [INFO] Ep 046/100 | train_loss=0.5227 | val_loss=0.5184 | avg_f1=0.9856 | lr=2.12e-04 | 192s
2026-04-05 20:16:05,401 [INFO]   [pathmnist] acc=0.9859 f1=0.9856
2026-04-05 20:16:05,401 [INFO]   [sigma] pathmnist: 1.0249
2026-04-05 20:19:17,550 [INFO] Ep 047/100 | train_loss=0.5226 | val_loss=0.5130 | avg_f1=0.9887 | lr=2.07e-04 | 192s
2026-04-05 20:19:17,550 [INFO]   [pathmnist] acc=0.9889 f1=0.9887
2026-04-05 20:19:17,550 [INFO]   [sigma] pathmnist: 1.0239
2026-04-05 20:22:30,666 [INFO] Ep 048/100 | train_loss=0.5211 | val_loss=0.5094 | avg_f1=0.9905 | lr=2.02e-04 | 192s
2026-04-05 20:22:30,666 [INFO]   [pathmnist] acc=0.9906 f1=0.9905
2026-04-05 20:22:30,666 [INFO]   [sigma] pathmnist: 1.0227
2026-04-05 20:22:30,667 [INFO]   >> New best avg_f1=0.9905
2026-04-05 20:25:43,137 [INFO] Ep 049/100 | train_loss=0.5213 | val_loss=0.5141 | avg_f1=0.9881 | lr=1.97e-04 | 191s
2026-04-05 20:25:43,137 [INFO]   [pathmnist] acc=0.9880 f1=0.9881
2026-04-05 20:25:43,137 [INFO]   [sigma] pathmnist: 1.0219
2026-04-05 20:28:55,497 [INFO] Ep 050/100 | train_loss=0.5188 | val_loss=0.5071 | avg_f1=0.9908 | lr=1.91e-04 | 192s
2026-04-05 20:28:55,497 [INFO]   [pathmnist] acc=0.9909 f1=0.9908
2026-04-05 20:28:55,497 [INFO]   [sigma] pathmnist: 1.0206
2026-04-05 20:28:55,498 [INFO]   >> New best avg_f1=0.9908
2026-04-05 20:32:08,914 [INFO] Ep 051/100 | train_loss=0.5161 | val_loss=0.5077 | avg_f1=0.9909 | lr=1.86e-04 | 192s
2026-04-05 20:32:08,914 [INFO]   [pathmnist] acc=0.9911 f1=0.9909
2026-04-05 20:32:08,921 [INFO]   [sigma] pathmnist: 1.0188
2026-04-05 20:32:08,922 [INFO]   >> New best avg_f1=0.9909
2026-04-05 20:35:21,302 [INFO] Ep 052/100 | train_loss=0.5176 | val_loss=0.5053 | avg_f1=0.9911 | lr=1.81e-04 | 191s
2026-04-05 20:35:21,302 [INFO]   [pathmnist] acc=0.9913 f1=0.9911
2026-04-05 20:35:21,302 [INFO]   [sigma] pathmnist: 1.0183
2026-04-05 20:35:21,303 [INFO]   >> New best avg_f1=0.9911
2026-04-05 20:38:34,067 [INFO] Ep 053/100 | train_loss=0.5161 | val_loss=0.5052 | avg_f1=0.9916 | lr=1.75e-04 | 191s
2026-04-05 20:38:34,067 [INFO]   [pathmnist] acc=0.9916 f1=0.9916
2026-04-05 20:38:34,067 [INFO]   [sigma] pathmnist: 1.0173
2026-04-05 20:38:34,068 [INFO]   >> New best avg_f1=0.9916
2026-04-05 20:41:45,789 [INFO] Ep 054/100 | train_loss=0.5148 | val_loss=0.5061 | avg_f1=0.9905 | lr=1.70e-04 | 190s
2026-04-05 20:41:45,789 [INFO]   [pathmnist] acc=0.9905 f1=0.9905
2026-04-05 20:41:45,789 [INFO]   [sigma] pathmnist: 1.0163
2026-04-05 20:44:57,217 [INFO] Ep 055/100 | train_loss=0.5117 | val_loss=0.5016 | avg_f1=0.9933 | lr=1.64e-04 | 191s
2026-04-05 20:44:57,217 [INFO]   [pathmnist] acc=0.9933 f1=0.9933
2026-04-05 20:44:57,217 [INFO]   [sigma] pathmnist: 1.0146
2026-04-05 20:44:57,218 [INFO]   >> New best avg_f1=0.9933
2026-04-05 20:48:09,337 [INFO] Ep 056/100 | train_loss=0.5138 | val_loss=0.5077 | avg_f1=0.9901 | lr=1.59e-04 | 191s
2026-04-05 20:48:09,337 [INFO]   [pathmnist] acc=0.9902 f1=0.9901
2026-04-05 20:48:09,337 [INFO]   [sigma] pathmnist: 1.0142
2026-04-05 20:51:20,712 [INFO] Ep 057/100 | train_loss=0.5118 | val_loss=0.5089 | avg_f1=0.9902 | lr=1.53e-04 | 191s
2026-04-05 20:51:20,712 [INFO]   [pathmnist] acc=0.9902 f1=0.9902
2026-04-05 20:51:20,713 [INFO]   [sigma] pathmnist: 1.0133
2026-04-05 20:54:31,754 [INFO] Ep 058/100 | train_loss=0.5105 | val_loss=0.5062 | avg_f1=0.9908 | lr=1.48e-04 | 190s
2026-04-05 20:54:31,754 [INFO]   [pathmnist] acc=0.9908 f1=0.9908
2026-04-05 20:54:31,755 [INFO]   [sigma] pathmnist: 1.0122
2026-04-05 20:57:43,316 [INFO] Ep 059/100 | train_loss=0.5103 | val_loss=0.5015 | avg_f1=0.9931 | lr=1.42e-04 | 191s
2026-04-05 20:57:43,316 [INFO]   [pathmnist] acc=0.9932 f1=0.9931
2026-04-05 20:57:43,316 [INFO]   [sigma] pathmnist: 1.0114
2026-04-05 21:00:54,808 [INFO] Ep 060/100 | train_loss=0.5098 | val_loss=0.5116 | avg_f1=0.9892 | lr=1.37e-04 | 191s
2026-04-05 21:00:54,808 [INFO]   [pathmnist] acc=0.9894 f1=0.9892
2026-04-05 21:00:54,808 [INFO]   [sigma] pathmnist: 1.0108
2026-04-05 21:04:06,777 [INFO] Ep 061/100 | train_loss=0.5067 | val_loss=0.5006 | avg_f1=0.9938 | lr=1.31e-04 | 191s
2026-04-05 21:04:06,777 [INFO]   [pathmnist] acc=0.9939 f1=0.9938
2026-04-05 21:04:06,778 [INFO]   [sigma] pathmnist: 1.0094
2026-04-05 21:04:06,778 [INFO]   >> New best avg_f1=0.9938
2026-04-05 21:07:19,268 [INFO] Ep 062/100 | train_loss=0.5067 | val_loss=0.5027 | avg_f1=0.9918 | lr=1.26e-04 | 191s
2026-04-05 21:07:19,268 [INFO]   [pathmnist] acc=0.9920 f1=0.9918
2026-04-05 21:07:19,268 [INFO]   [sigma] pathmnist: 1.0084
2026-04-05 21:10:31,029 [INFO] Ep 063/100 | train_loss=0.5086 | val_loss=0.4999 | avg_f1=0.9933 | lr=1.20e-04 | 191s
2026-04-05 21:10:31,029 [INFO]   [pathmnist] acc=0.9934 f1=0.9933
2026-04-05 21:10:31,029 [INFO]   [sigma] pathmnist: 1.0083
2026-04-05 21:13:43,442 [INFO] Ep 064/100 | train_loss=0.5065 | val_loss=0.5044 | avg_f1=0.9914 | lr=1.15e-04 | 192s
2026-04-05 21:13:43,442 [INFO]   [pathmnist] acc=0.9914 f1=0.9914
2026-04-05 21:13:43,442 [INFO]   [sigma] pathmnist: 1.0077
2026-04-05 21:16:55,563 [INFO] Ep 065/100 | train_loss=0.5049 | val_loss=0.4985 | avg_f1=0.9943 | lr=1.10e-04 | 191s
2026-04-05 21:16:55,564 [INFO]   [pathmnist] acc=0.9944 f1=0.9943
2026-04-05 21:16:55,564 [INFO]   [sigma] pathmnist: 1.0069
2026-04-05 21:16:55,564 [INFO]   >> New best avg_f1=0.9943
2026-04-05 21:20:08,129 [INFO] Ep 066/100 | train_loss=0.5044 | val_loss=0.4998 | avg_f1=0.9931 | lr=1.04e-04 | 191s
2026-04-05 21:20:08,130 [INFO]   [pathmnist] acc=0.9932 f1=0.9931
2026-04-05 21:20:08,130 [INFO]   [sigma] pathmnist: 1.0061
2026-04-05 21:23:20,420 [INFO] Ep 067/100 | train_loss=0.5042 | val_loss=0.5017 | avg_f1=0.9928 | lr=9.91e-05 | 192s
2026-04-05 21:23:20,420 [INFO]   [pathmnist] acc=0.9929 f1=0.9928
2026-04-05 21:23:20,420 [INFO]   [sigma] pathmnist: 1.0055
2026-04-05 21:26:32,848 [INFO] Ep 068/100 | train_loss=0.5032 | val_loss=0.4977 | avg_f1=0.9943 | lr=9.39e-05 | 192s
2026-04-05 21:26:32,848 [INFO]   [pathmnist] acc=0.9943 f1=0.9943
2026-04-05 21:26:32,848 [INFO]   [sigma] pathmnist: 1.0048
2026-04-05 21:29:45,098 [INFO] Ep 069/100 | train_loss=0.5021 | val_loss=0.4980 | avg_f1=0.9947 | lr=8.89e-05 | 192s
2026-04-05 21:29:45,098 [INFO]   [pathmnist] acc=0.9948 f1=0.9947
2026-04-05 21:29:45,098 [INFO]   [sigma] pathmnist: 1.0040
2026-04-05 21:29:45,099 [INFO]   >> New best avg_f1=0.9947
2026-04-05 21:32:57,878 [INFO] Ep 070/100 | train_loss=0.5008 | val_loss=0.4981 | avg_f1=0.9943 | lr=8.39e-05 | 192s
2026-04-05 21:32:57,878 [INFO]   [pathmnist] acc=0.9943 f1=0.9943
2026-04-05 21:32:57,878 [INFO]   [sigma] pathmnist: 1.0031
2026-04-05 21:36:09,829 [INFO] Ep 071/100 | train_loss=0.5020 | val_loss=0.4992 | avg_f1=0.9941 | lr=7.90e-05 | 191s
2026-04-05 21:36:09,829 [INFO]   [pathmnist] acc=0.9942 f1=0.9941
2026-04-05 21:36:09,829 [INFO]   [sigma] pathmnist: 1.0028
2026-04-05 21:39:22,194 [INFO] Ep 072/100 | train_loss=0.5007 | val_loss=0.5011 | avg_f1=0.9937 | lr=7.42e-05 | 192s
2026-04-05 21:39:22,194 [INFO]   [pathmnist] acc=0.9936 f1=0.9937
2026-04-05 21:39:22,194 [INFO]   [sigma] pathmnist: 1.0022
2026-04-05 21:42:34,603 [INFO] Ep 073/100 | train_loss=0.4991 | val_loss=0.4976 | avg_f1=0.9946 | lr=6.95e-05 | 192s
2026-04-05 21:42:34,603 [INFO]   [pathmnist] acc=0.9946 f1=0.9946
2026-04-05 21:42:34,603 [INFO]   [sigma] pathmnist: 1.0015
2026-04-05 21:45:46,928 [INFO] Ep 074/100 | train_loss=0.4989 | val_loss=0.4959 | avg_f1=0.9950 | lr=6.49e-05 | 192s
2026-04-05 21:45:46,928 [INFO]   [pathmnist] acc=0.9951 f1=0.9950
2026-04-05 21:45:46,929 [INFO]   [sigma] pathmnist: 1.0009
2026-04-05 21:45:46,929 [INFO]   >> New best avg_f1=0.9950
2026-04-05 21:48:59,674 [INFO] Ep 075/100 | train_loss=0.4983 | val_loss=0.4962 | avg_f1=0.9946 | lr=6.04e-05 | 191s
2026-04-05 21:48:59,674 [INFO]   [pathmnist] acc=0.9947 f1=0.9946
2026-04-05 21:48:59,674 [INFO]   [sigma] pathmnist: 1.0003
2026-04-05 21:52:11,709 [INFO] Ep 076/100 | train_loss=0.4977 | val_loss=0.4955 | avg_f1=0.9957 | lr=5.61e-05 | 191s
2026-04-05 21:52:11,709 [INFO]   [pathmnist] acc=0.9957 f1=0.9957
2026-04-05 21:52:11,709 [INFO]   [sigma] pathmnist: 0.9998
2026-04-05 21:52:11,710 [INFO]   >> New best avg_f1=0.9957
2026-04-05 21:55:23,893 [INFO] Ep 077/100 | train_loss=0.4978 | val_loss=0.4950 | avg_f1=0.9957 | lr=5.18e-05 | 191s
2026-04-05 21:55:23,893 [INFO]   [pathmnist] acc=0.9957 f1=0.9957
2026-04-05 21:55:23,894 [INFO]   [sigma] pathmnist: 0.9993
2026-04-05 21:58:35,776 [INFO] Ep 078/100 | train_loss=0.4970 | val_loss=0.4956 | avg_f1=0.9956 | lr=4.78e-05 | 191s
2026-04-05 21:58:35,776 [INFO]   [pathmnist] acc=0.9956 f1=0.9956
2026-04-05 21:58:35,776 [INFO]   [sigma] pathmnist: 0.9989
2026-04-05 22:01:47,363 [INFO] Ep 079/100 | train_loss=0.4963 | val_loss=0.4968 | avg_f1=0.9950 | lr=4.38e-05 | 191s
2026-04-05 22:01:47,364 [INFO]   [pathmnist] acc=0.9950 f1=0.9950
2026-04-05 22:01:47,364 [INFO]   [sigma] pathmnist: 0.9984
2026-04-05 22:04:58,610 [INFO] Ep 080/100 | train_loss=0.4958 | val_loss=0.4952 | avg_f1=0.9958 | lr=4.00e-05 | 191s
2026-04-05 22:04:58,610 [INFO]   [pathmnist] acc=0.9959 f1=0.9958
2026-04-05 22:04:58,610 [INFO]   [sigma] pathmnist: 0.9980
2026-04-05 22:04:58,611 [INFO]   >> New best avg_f1=0.9958
2026-04-05 22:08:10,691 [INFO] Ep 081/100 | train_loss=0.4961 | val_loss=0.4970 | avg_f1=0.9949 | lr=3.64e-05 | 191s
2026-04-05 22:08:10,691 [INFO]   [pathmnist] acc=0.9950 f1=0.9949
2026-04-05 22:08:10,691 [INFO]   [sigma] pathmnist: 0.9977
2026-04-05 22:11:22,203 [INFO] Ep 082/100 | train_loss=0.4952 | val_loss=0.4944 | avg_f1=0.9968 | lr=3.29e-05 | 191s
2026-04-05 22:11:22,203 [INFO]   [pathmnist] acc=0.9969 f1=0.9968
2026-04-05 22:11:22,203 [INFO]   [sigma] pathmnist: 0.9973
2026-04-05 22:11:22,203 [INFO]   >> New best avg_f1=0.9968
2026-04-05 22:14:34,296 [INFO] Ep 083/100 | train_loss=0.4941 | val_loss=0.4933 | avg_f1=0.9968 | lr=2.96e-05 | 191s
2026-04-05 22:14:34,297 [INFO]   [pathmnist] acc=0.9968 f1=0.9968
2026-04-05 22:14:34,297 [INFO]   [sigma] pathmnist: 0.9969
2026-04-05 22:17:45,337 [INFO] Ep 084/100 | train_loss=0.4950 | val_loss=0.4931 | avg_f1=0.9962 | lr=2.64e-05 | 190s
2026-04-05 22:17:45,337 [INFO]   [pathmnist] acc=0.9963 f1=0.9962
2026-04-05 22:17:45,338 [INFO]   [sigma] pathmnist: 0.9967
2026-04-05 22:20:57,138 [INFO] Ep 085/100 | train_loss=0.4943 | val_loss=0.4932 | avg_f1=0.9966 | lr=2.34e-05 | 191s
2026-04-05 22:20:57,138 [INFO]   [pathmnist] acc=0.9966 f1=0.9966
2026-04-05 22:20:57,138 [INFO]   [sigma] pathmnist: 0.9964
2026-04-05 22:24:08,998 [INFO] Ep 086/100 | train_loss=0.4940 | val_loss=0.4931 | avg_f1=0.9961 | lr=2.06e-05 | 191s
2026-04-05 22:24:08,998 [INFO]   [pathmnist] acc=0.9962 f1=0.9961
2026-04-05 22:24:08,998 [INFO]   [sigma] pathmnist: 0.9962
2026-04-05 22:27:20,677 [INFO] Ep 087/100 | train_loss=0.4943 | val_loss=0.4948 | avg_f1=0.9963 | lr=1.79e-05 | 191s
2026-04-05 22:27:20,677 [INFO]   [pathmnist] acc=0.9963 f1=0.9963
2026-04-05 22:27:20,677 [INFO]   [sigma] pathmnist: 0.9960
2026-04-05 22:30:32,401 [INFO] Ep 088/100 | train_loss=0.4938 | val_loss=0.4933 | avg_f1=0.9962 | lr=1.55e-05 | 191s
2026-04-05 22:30:32,401 [INFO]   [pathmnist] acc=0.9963 f1=0.9962
2026-04-05 22:30:32,401 [INFO]   [sigma] pathmnist: 0.9958
2026-04-05 22:33:44,226 [INFO] Ep 089/100 | train_loss=0.4934 | val_loss=0.4933 | avg_f1=0.9962 | lr=1.32e-05 | 191s
2026-04-05 22:33:44,226 [INFO]   [pathmnist] acc=0.9962 f1=0.9962
2026-04-05 22:33:44,226 [INFO]   [sigma] pathmnist: 0.9956
2026-04-05 22:36:55,901 [INFO] Ep 090/100 | train_loss=0.4926 | val_loss=0.4936 | avg_f1=0.9965 | lr=1.11e-05 | 191s
2026-04-05 22:36:55,901 [INFO]   [pathmnist] acc=0.9965 f1=0.9965
2026-04-05 22:36:55,902 [INFO]   [sigma] pathmnist: 0.9955
2026-04-05 22:40:08,162 [INFO] Ep 091/100 | train_loss=0.4930 | val_loss=0.4930 | avg_f1=0.9968 | lr=9.20e-06 | 192s
2026-04-05 22:40:08,162 [INFO]   [pathmnist] acc=0.9968 f1=0.9968
2026-04-05 22:40:08,162 [INFO]   [sigma] pathmnist: 0.9953
2026-04-05 22:43:20,021 [INFO] Ep 092/100 | train_loss=0.4925 | val_loss=0.4923 | avg_f1=0.9969 | lr=7.49e-06 | 191s
2026-04-05 22:43:20,021 [INFO]   [pathmnist] acc=0.9970 f1=0.9969
2026-04-05 22:43:20,021 [INFO]   [sigma] pathmnist: 0.9952
2026-04-05 22:43:20,022 [INFO]   >> New best avg_f1=0.9969
2026-04-05 22:46:32,581 [INFO] Ep 093/100 | train_loss=0.4925 | val_loss=0.4922 | avg_f1=0.9966 | lr=5.98e-06 | 191s
2026-04-05 22:46:32,581 [INFO]   [pathmnist] acc=0.9967 f1=0.9966
2026-04-05 22:46:32,581 [INFO]   [sigma] pathmnist: 0.9951
2026-04-05 22:49:44,567 [INFO] Ep 094/100 | train_loss=0.4925 | val_loss=0.4920 | avg_f1=0.9972 | lr=4.66e-06 | 191s
2026-04-05 22:49:44,567 [INFO]   [pathmnist] acc=0.9973 f1=0.9972
2026-04-05 22:49:44,567 [INFO]   [sigma] pathmnist: 0.9950
2026-04-05 22:49:44,568 [INFO]   >> New best avg_f1=0.9972
2026-04-05 22:52:56,830 [INFO] Ep 095/100 | train_loss=0.4923 | val_loss=0.4918 | avg_f1=0.9974 | lr=3.55e-06 | 191s
2026-04-05 22:52:56,831 [INFO]   [pathmnist] acc=0.9974 f1=0.9974
2026-04-05 22:52:56,831 [INFO]   [sigma] pathmnist: 0.9950
2026-04-05 22:52:56,831 [INFO]   >> New best avg_f1=0.9974
2026-04-05 22:56:09,355 [INFO] Ep 096/100 | train_loss=0.4923 | val_loss=0.4926 | avg_f1=0.9973 | lr=2.63e-06 | 191s
2026-04-05 22:56:09,355 [INFO]   [pathmnist] acc=0.9973 f1=0.9973
2026-04-05 22:56:09,355 [INFO]   [sigma] pathmnist: 0.9949
2026-04-05 22:59:21,261 [INFO] Ep 097/100 | train_loss=0.4916 | val_loss=0.4925 | avg_f1=0.9969 | lr=1.92e-06 | 191s
2026-04-05 22:59:21,261 [INFO]   [pathmnist] acc=0.9970 f1=0.9969
2026-04-05 22:59:21,261 [INFO]   [sigma] pathmnist: 0.9949
2026-04-05 23:02:33,416 [INFO] Ep 098/100 | train_loss=0.4923 | val_loss=0.4923 | avg_f1=0.9970 | lr=1.41e-06 | 191s
2026-04-05 23:02:33,416 [INFO]   [pathmnist] acc=0.9971 f1=0.9970
2026-04-05 23:02:33,416 [INFO]   [sigma] pathmnist: 0.9949
2026-04-05 23:05:45,653 [INFO] Ep 099/100 | train_loss=0.4914 | val_loss=0.4923 | avg_f1=0.9970 | lr=1.10e-06 | 192s
2026-04-05 23:05:45,653 [INFO]   [pathmnist] acc=0.9971 f1=0.9970
2026-04-05 23:05:45,653 [INFO]   [sigma] pathmnist: 0.9948
2026-04-05 23:08:57,475 [INFO] Ep 100/100 | train_loss=0.4911 | val_loss=0.4921 | avg_f1=0.9971 | lr=1.00e-06 | 191s
2026-04-05 23:08:57,475 [INFO]   [pathmnist] acc=0.9972 f1=0.9971
2026-04-05 23:08:57,475 [INFO]   [sigma] pathmnist: 0.9948
2026-04-05 23:08:58,127 [INFO] Training complete.
2026-04-05 23:08:58,128 [INFO] Loading checkpoint: runs/medical_mamba/checkpoint_best.pt
2026-04-05 23:08:58,405 [INFO] Resumed from epoch 95
2026-04-05 23:09:07,548 [INFO] 
=== TEST RESULTS ===
2026-04-05 23:09:07,549 [INFO]   [pathmnist] acc=0.9419 f1=0.9288
